============================= test session starts ==============================
platform darwin -- Python 3.13.2, pytest-8.3.4, pluggy-1.5.0
rootdir: /Users/alexi/JAX-ENT
configfile: pyproject.toml
testpaths: jaxent/tests
plugins: jaxtyping-0.2.37
collected 901 items

jaxent/tests/cli/test_cli_efficient_k_cluster.py F                       [  0%]
jaxent/tests/cli/test_cli_featurise.py F                                 [  0%]
jaxent/tests/cli/test_cli_forward.py EEE                                 [  0%]
jaxent/tests/cli/test_cli_predict.py FF                                  [  0%]
jaxent/tests/integration/HDX/test_forwardmodel.py ..                     [  0%]
jaxent/tests/integration/datasplitting/test_datasplitting_featuretopology.py . [  1%]
..                                                                       [  1%]
jaxent/tests/integration/datasplitting/test_datasplitting_synthetic.py . [  1%]
..                                                                       [  1%]
jaxent/tests/integration/featurise/test_run_featuise_save_methods.py ..  [  1%]
jaxent/tests/integration/featurise/test_run_featuise_savez.py .          [  1%]
jaxent/tests/integration/featurise/test_run_featurise.py ..              [  2%]
jaxent/tests/integration/func/test_common_func.py .......                [  2%]
jaxent/tests/integration/model/test_quick_forward_predict.py .....       [  3%]
jaxent/tests/integration/netHDX/test_netHDX_forwardmodel.py ...          [  3%]
jaxent/tests/integration/optimise/test_module_optimise_SAVE.py .

==================================== ERRORS ====================================
_________________ ERROR at setup of test_cli_forward_bv_model __________________
jaxent/tests/cli/test_cli_forward.py:56: in featurised_data
    featurise_result = subprocess.run(
/opt/homebrew/Cellar/python@3.13/3.13.2/Frameworks/Python.framework/Versions/3.13/lib/python3.13/subprocess.py:556: in run
    with Popen(*popenargs, **kwargs) as process:
/opt/homebrew/Cellar/python@3.13/3.13.2/Frameworks/Python.framework/Versions/3.13/lib/python3.13/subprocess.py:1038: in __init__
    self._execute_child(args, executable, preexec_fn, close_fds,
/opt/homebrew/Cellar/python@3.13/3.13.2/Frameworks/Python.framework/Versions/3.13/lib/python3.13/subprocess.py:1974: in _execute_child
    raise child_exception_type(errno_num, err_msg, err_filename)
E   FileNotFoundError: [Errno 2] No such file or directory: 'jaxent-featurise'
---------------------------- Captured stdout setup -----------------------------
Running featurise command: jaxent-featurise --top_path /Users/alexi/JAX-ENT/jaxent/tests/inst/clean/BPTI/BPTI_overall_combined_stripped.pdb --trajectory_path /Users/alexi/JAX-ENT/jaxent/tests/inst/clean/BPTI/BPTI_sampled_500.xtc --output_dir /var/folders/4c/64jkr7n54w1558kqk0ks5rgr0000gn/T/tmp5r_24o1r/featurisation_output --name test_bv_featurisation bv --temperature 300.0 --ph 7.0 --num_timepoints 1 --residue_ignore -2 2 --peptide_trim 2 --mda_selection_exclusion resname PRO
______________ ERROR at setup of test_cli_forward_bv_model_uptake ______________
jaxent/tests/cli/test_cli_forward.py:56: in featurised_data
    featurise_result = subprocess.run(
/opt/homebrew/Cellar/python@3.13/3.13.2/Frameworks/Python.framework/Versions/3.13/lib/python3.13/subprocess.py:556: in run
    with Popen(*popenargs, **kwargs) as process:
/opt/homebrew/Cellar/python@3.13/3.13.2/Frameworks/Python.framework/Versions/3.13/lib/python3.13/subprocess.py:1038: in __init__
    self._execute_child(args, executable, preexec_fn, close_fds,
/opt/homebrew/Cellar/python@3.13/3.13.2/Frameworks/Python.framework/Versions/3.13/lib/python3.13/subprocess.py:1974: in _execute_child
    raise child_exception_type(errno_num, err_msg, err_filename)
E   FileNotFoundError: [Errno 2] No such file or directory: 'jaxent-featurise'
___________ ERROR at setup of test_cli_forward_multiple_simulations ____________
jaxent/tests/cli/test_cli_forward.py:56: in featurised_data
    featurise_result = subprocess.run(
/opt/homebrew/Cellar/python@3.13/3.13.2/Frameworks/Python.framework/Versions/3.13/lib/python3.13/subprocess.py:556: in run
    with Popen(*popenargs, **kwargs) as process:
/opt/homebrew/Cellar/python@3.13/3.13.2/Frameworks/Python.framework/Versions/3.13/lib/python3.13/subprocess.py:1038: in __init__
    self._execute_child(args, executable, preexec_fn, close_fds,
/opt/homebrew/Cellar/python@3.13/3.13.2/Frameworks/Python.framework/Versions/3.13/lib/python3.13/subprocess.py:1974: in _execute_child
    raise child_exception_type(errno_num, err_msg, err_filename)
E   FileNotFoundError: [Errno 2] No such file or directory: 'jaxent-featurise'
=================================== FAILURES ===================================
_________________________ test_efficient_k_cluster_cli _________________________
jaxent/tests/cli/test_cli_efficient_k_cluster.py:39: in test_efficient_k_cluster_cli
    result = subprocess.run(command, capture_output=True, text=True, check=False)
/opt/homebrew/Cellar/python@3.13/3.13.2/Frameworks/Python.framework/Versions/3.13/lib/python3.13/subprocess.py:556: in run
    with Popen(*popenargs, **kwargs) as process:
/opt/homebrew/Cellar/python@3.13/3.13.2/Frameworks/Python.framework/Versions/3.13/lib/python3.13/subprocess.py:1038: in __init__
    self._execute_child(args, executable, preexec_fn, close_fds,
/opt/homebrew/Cellar/python@3.13/3.13.2/Frameworks/Python.framework/Versions/3.13/lib/python3.13/subprocess.py:1974: in _execute_child
    raise child_exception_type(errno_num, err_msg, err_filename)
E   FileNotFoundError: [Errno 2] No such file or directory: 'jaxent-kCluster'
_________________________ test_featurise_cli_bv_model __________________________
jaxent/tests/cli/test_cli_featurise.py:51: in test_featurise_cli_bv_model
    result = subprocess.run(command, capture_output=True, text=True, check=False)
/opt/homebrew/Cellar/python@3.13/3.13.2/Frameworks/Python.framework/Versions/3.13/lib/python3.13/subprocess.py:556: in run
    with Popen(*popenargs, **kwargs) as process:
/opt/homebrew/Cellar/python@3.13/3.13.2/Frameworks/Python.framework/Versions/3.13/lib/python3.13/subprocess.py:1038: in __init__
    self._execute_child(args, executable, preexec_fn, close_fds,
/opt/homebrew/Cellar/python@3.13/3.13.2/Frameworks/Python.framework/Versions/3.13/lib/python3.13/subprocess.py:1974: in _execute_child
    raise child_exception_type(errno_num, err_msg, err_filename)
E   FileNotFoundError: [Errno 2] No such file or directory: 'jaxent-featurise'
__________________________ test_cli_predict_bv_model ___________________________
jaxent/tests/cli/test_cli_predict.py:55: in test_cli_predict_bv_model
    featurise_result = subprocess.run(
/opt/homebrew/Cellar/python@3.13/3.13.2/Frameworks/Python.framework/Versions/3.13/lib/python3.13/subprocess.py:556: in run
    with Popen(*popenargs, **kwargs) as process:
/opt/homebrew/Cellar/python@3.13/3.13.2/Frameworks/Python.framework/Versions/3.13/lib/python3.13/subprocess.py:1038: in __init__
    self._execute_child(args, executable, preexec_fn, close_fds,
/opt/homebrew/Cellar/python@3.13/3.13.2/Frameworks/Python.framework/Versions/3.13/lib/python3.13/subprocess.py:1974: in _execute_child
    raise child_exception_type(errno_num, err_msg, err_filename)
E   FileNotFoundError: [Errno 2] No such file or directory: 'jaxent-featurise'
----------------------------- Captured stdout call -----------------------------
Running featurise command: jaxent-featurise --top_path /Users/alexi/JAX-ENT/jaxent/tests/inst/clean/BPTI/BPTI_overall_combined_stripped.pdb --trajectory_path /Users/alexi/JAX-ENT/jaxent/tests/inst/clean/BPTI/BPTI_sampled_500.xtc --output_dir /var/folders/4c/64jkr7n54w1558kqk0ks5rgr0000gn/T/tmpkk22l3mr/featurisation_output --name test_bv bv --temperature 300.0 --ph 7.0 --num_timepoints 1 --timepoints 0.167 --residue_ignore -2 2 --mda_selection_exclusion resname PRO
_______________________ test_cli_predict_bv_model_uptake _______________________
jaxent/tests/cli/test_cli_predict.py:181: in test_cli_predict_bv_model_uptake
    featurise_result = subprocess.run(
/opt/homebrew/Cellar/python@3.13/3.13.2/Frameworks/Python.framework/Versions/3.13/lib/python3.13/subprocess.py:556: in run
    with Popen(*popenargs, **kwargs) as process:
/opt/homebrew/Cellar/python@3.13/3.13.2/Frameworks/Python.framework/Versions/3.13/lib/python3.13/subprocess.py:1038: in __init__
    self._execute_child(args, executable, preexec_fn, close_fds,
/opt/homebrew/Cellar/python@3.13/3.13.2/Frameworks/Python.framework/Versions/3.13/lib/python3.13/subprocess.py:1974: in _execute_child
    raise child_exception_type(errno_num, err_msg, err_filename)
E   FileNotFoundError: [Errno 2] No such file or directory: 'jaxent-featurise'
----------------------------- Captured stdout call -----------------------------
Running featurise command: jaxent-featurise --top_path /Users/alexi/JAX-ENT/jaxent/tests/inst/clean/BPTI/BPTI_overall_combined_stripped.pdb --trajectory_path /Users/alexi/JAX-ENT/jaxent/tests/inst/clean/BPTI/BPTI_sampled_500.xtc --output_dir /var/folders/4c/64jkr7n54w1558kqk0ks5rgr0000gn/T/tmpuepekyvd/featurisation_output --name test_bv bv --temperature 300.0 --ph 7.0 --num_timepoints 1 --timepoints 0.167 --residue_ignore -2 2 --mda_selection_exclusion resname PRO
=============================== warnings summary ===============================
jaxent/tests/integration/HDX/test_forwardmodel.py::test_calculate_intrinsic_rates
  <@beartype(jaxent.src.models.func.uptake.calculate_intrinsic_rates) at 0x1291a28e0>:56: DeprecationWarning: calculate_intrinsic_rates is deprecated. Use calculate_HDXrate instead.

jaxent/tests/integration/HDX/test_forwardmodel.py::test_calc_contacts_universe
jaxent/tests/integration/HDX/test_forwardmodel.py::test_calc_contacts_universe
jaxent/tests/integration/HDX/test_forwardmodel.py::test_calc_contacts_universe
jaxent/tests/integration/netHDX/test_netHDX_forwardmodel.py::test_calc_contacts_universe
jaxent/tests/integration/netHDX/test_netHDX_forwardmodel.py::test_calc_contacts_universe
jaxent/tests/integration/netHDX/test_netHDX_forwardmodel.py::test_calc_contacts_universe
  /Users/alexi/JAX-ENT/.venv/lib/python3.13/site-packages/MDAnalysis/coordinates/PDB.py:453: UserWarning: 1 A^3 CRYST1 record, this is usually a placeholder. Unit cell dimensions will be set to None.
    warnings.warn("1 A^3 CRYST1 record,"

jaxent/tests/integration/datasplitting/test_datasplitting_featuretopology.py: 4 warnings
jaxent/tests/integration/datasplitting/test_datasplitting_synthetic.py: 3 warnings
jaxent/tests/integration/featurise/test_run_featuise_save_methods.py: 2 warnings
jaxent/tests/integration/featurise/test_run_featuise_savez.py: 1 warning
jaxent/tests/integration/featurise/test_run_featurise.py: 2 warnings
jaxent/tests/integration/model/test_quick_forward_predict.py: 13 warnings
jaxent/tests/integration/optimise/test_module_optimise_SAVE.py: 671 warnings
  <@beartype(jaxent.src.models.HDX.BV.parameters.BV_Model_Parameters.__init__) at 0x12a69fd80>:67: UserWarning: Method jaxent.src.models.HDX.BV.parameters.BV_Model_Parameters.__init__() parameter temperature=300 violates type hint <class 'float'>, as int 300 not instance of float.

jaxent/tests/integration/datasplitting/test_datasplitting_featuretopology.py: 6 warnings
jaxent/tests/integration/datasplitting/test_datasplitting_synthetic.py: 3 warnings
jaxent/tests/integration/featurise/test_run_featuise_save_methods.py: 2 warnings
jaxent/tests/integration/featurise/test_run_featuise_savez.py: 1 warning
jaxent/tests/integration/featurise/test_run_featurise.py: 2 warnings
jaxent/tests/integration/model/test_quick_forward_predict.py: 6 warnings
jaxent/tests/integration/optimise/test_module_optimise_SAVE.py: 2 warnings
  <@beartype(__beartype_checker_7) at 0xbbb93b000>:32: UserWarning: Callable jaxent.src.interfaces.topology.mda_adapter.mda_TopologyAdapter._process_chain_residues() local variable "residue_mapping" value {np.int64(1): np.int64(1), np.int64(3): np.int64(3), np.int64(4): np.int64(4), np.int64(5):...)} violates type hint dict[int, int], as dict key <class "numpy.int64"> np.int64(1) not instance of int.

jaxent/tests/integration/datasplitting/test_datasplitting_featuretopology.py: 7 warnings
jaxent/tests/integration/datasplitting/test_datasplitting_synthetic.py: 6 warnings
jaxent/tests/integration/featurise/test_run_featuise_save_methods.py: 2 warnings
jaxent/tests/integration/featurise/test_run_featuise_savez.py: 1 warning
jaxent/tests/integration/featurise/test_run_featurise.py: 2 warnings
jaxent/tests/integration/model/test_quick_forward_predict.py: 6 warnings
jaxent/tests/integration/optimise/test_module_optimise_SAVE.py: 4 warnings
  <@beartype(jaxent.src.interfaces.topology.mda_adapter.mda_TopologyAdapter._process_chain_residues) at 0x1291d6340>:196: UserWarning: Function jaxent.src.interfaces.topology.mda_adapter.mda_TopologyAdapter._process_chain_residues() return ([<Residue ASP, 3>, <Residue PHE, 4>, <Residue CYS, 5>, <Residue LEU, 6>, <Residue GLU, 7>...)}) violates type hint tuple[list[MDAnalysis.core.groups.Residue], dict[int, int], set[int]], as tuple index 1 item dict key <class "numpy.int64"> np.int64(3) not instance of int.

jaxent/tests/integration/datasplitting/test_datasplitting_featuretopology.py: 3 warnings
jaxent/tests/integration/datasplitting/test_datasplitting_synthetic.py: 3 warnings
jaxent/tests/integration/featurise/test_run_featuise_save_methods.py: 2 warnings
jaxent/tests/integration/featurise/test_run_featuise_savez.py: 1 warning
jaxent/tests/integration/featurise/test_run_featurise.py: 2 warnings
jaxent/tests/integration/model/test_quick_forward_predict.py: 6 warnings
jaxent/tests/integration/optimise/test_module_optimise_SAVE.py: 2 warnings
  <@beartype(jaxent.src.interfaces.topology.mda_adapter.mda_TopologyAdapter._create_topology_from_residues) at 0x1291d63e0>:90: UserWarning: Function jaxent.src.interfaces.topology.mda_adapter.mda_TopologyAdapter._create_topology_from_residues() parameter residue_mapping={np.int64(3): np.int64(3), np.int64(4): np.int64(4), np.int64(5): np.int64(5), np.int64(6):...)} violates type hint dict[int, int], as dict key <class "numpy.int64"> np.int64(3) not instance of int.

jaxent/tests/integration/datasplitting/test_datasplitting_featuretopology.py::test_split_with_feature_topology
jaxent/tests/integration/featurise/test_run_featuise_save_methods.py::test_featurise_save_load
  <@beartype(jaxent.src.interfaces.topology.factory.TopologyFactory.from_residues) at 0x1291a3ba0>:64: UserWarning: Function jaxent.src.interfaces.topology.factory.TopologyFactory.from_residues() parameter residues=[np.int64(3), np.int64(4), np.int64(5), np.int64(6), np.int64(7), np.int64(10), np.int64(11...)] violates type hint list[int], as list index 33 item <class "numpy.int64"> np.int64(39) not instance of int.

jaxent/tests/integration/datasplitting/test_datasplitting_featuretopology.py::test_split_with_feature_topology
jaxent/tests/integration/featurise/test_run_featuise_save_methods.py::test_featurise_save_load_features
  <@beartype(jaxent.src.interfaces.topology.core.Partial_Topology.__init__) at 0x1291a1c60>:64: UserWarning: Method jaxent.src.interfaces.topology.core.Partial_Topology.__init__() parameter residues=[np.int64(3), np.int64(4), np.int64(5), np.int64(6), np.int64(7), np.int64(10), np.int64(11...)] violates type hint list[int], as list index 11 item <class "numpy.int64"> np.int64(17) not instance of int.

jaxent/tests/integration/datasplitting/test_datasplitting_featuretopology.py::test_split_with_feature_topology
jaxent/tests/integration/featurise/test_run_featuise_save_methods.py::test_featurise_save_load
jaxent/tests/integration/optimise/test_module_optimise_SAVE.py::test_quick_optimiser
  <@beartype(jaxent.src.interfaces.topology.core.Partial_Topology._get_active_residues) at 0x1291a13a0>:56: UserWarning: Method jaxent.src.interfaces.topology.core.Partial_Topology._get_active_residues() return [np.int64(3), np.int64(4), np.int64(5), np.int64(6), np.int64(7), np.int64(10), np.int64(11...)] violates type hint list[int], as list index 21 item <class "numpy.int64"> np.int64(27) not instance of int.

jaxent/tests/integration/datasplitting/test_datasplitting_featuretopology.py::test_split_with_feature_topology
jaxent/tests/integration/datasplitting/test_datasplitting_synthetic.py::test_create_sparse_map
jaxent/tests/integration/model/test_quick_forward_predict.py::test_forward_method
  <@beartype(jaxent.src.interfaces.topology.factory.TopologyFactory.from_residues) at 0x1291a3ba0>:64: UserWarning: Function jaxent.src.interfaces.topology.factory.TopologyFactory.from_residues() parameter residues=[np.int64(3), np.int64(4), np.int64(5), np.int64(6), np.int64(7), np.int64(10), np.int64(11...)] violates type hint list[int], as list index 47 item <class "numpy.int64"> np.int64(53) not instance of int.

jaxent/tests/integration/datasplitting/test_datasplitting_featuretopology.py::test_split_with_feature_topology
  <@beartype(jaxent.src.interfaces.topology.core.Partial_Topology.__init__) at 0x1291a1c60>:64: UserWarning: Method jaxent.src.interfaces.topology.core.Partial_Topology.__init__() parameter residues=[np.int64(3), np.int64(4), np.int64(5), np.int64(6), np.int64(7), np.int64(10), np.int64(11...)] violates type hint list[int], as list index 24 item <class "numpy.int64"> np.int64(30) not instance of int.

jaxent/tests/integration/datasplitting/test_datasplitting_featuretopology.py: 4 warnings
jaxent/tests/integration/datasplitting/test_datasplitting_synthetic.py: 6 warnings
jaxent/tests/integration/featurise/test_run_featuise_save_methods.py: 2 warnings
jaxent/tests/integration/featurise/test_run_featuise_savez.py: 1 warning
jaxent/tests/integration/featurise/test_run_featurise.py: 2 warnings
jaxent/tests/integration/model/test_quick_forward_predict.py: 6 warnings
jaxent/tests/integration/optimise/test_module_optimise_SAVE.py: 4 warnings
  <@beartype(jaxent.src.interfaces.topology.factory.TopologyFactory.from_single) at 0x1291a3c40>:57: UserWarning: Function jaxent.src.interfaces.topology.factory.TopologyFactory.from_single() parameter residue=np.int64(3) violates type hint <class 'int'>, as <class "numpy.int64"> np.int64(3) not instance of int.

jaxent/tests/integration/datasplitting/test_datasplitting_featuretopology.py: 4 warnings
jaxent/tests/integration/datasplitting/test_datasplitting_synthetic.py: 6 warnings
jaxent/tests/integration/featurise/test_run_featuise_save_methods.py: 2 warnings
jaxent/tests/integration/featurise/test_run_featuise_savez.py: 1 warning
jaxent/tests/integration/featurise/test_run_featurise.py: 2 warnings
jaxent/tests/integration/model/test_quick_forward_predict.py: 6 warnings
jaxent/tests/integration/optimise/test_module_optimise_SAVE.py: 4 warnings
  <@beartype(jaxent.src.interfaces.topology.core.Partial_Topology.__init__) at 0x1291a1c60>:64: UserWarning: Method jaxent.src.interfaces.topology.core.Partial_Topology.__init__() parameter residues=[np.int64(3)] violates type hint list[int], as list index 0 item <class "numpy.int64"> np.int64(3) not instance of int.

jaxent/tests/integration/datasplitting/test_datasplitting_featuretopology.py: 4 warnings
jaxent/tests/integration/datasplitting/test_datasplitting_synthetic.py: 6 warnings
jaxent/tests/integration/featurise/test_run_featuise_save_methods.py: 2 warnings
jaxent/tests/integration/featurise/test_run_featuise_savez.py: 1 warning
jaxent/tests/integration/featurise/test_run_featurise.py: 2 warnings
jaxent/tests/integration/model/test_quick_forward_predict.py: 6 warnings
jaxent/tests/integration/optimise/test_module_optimise_SAVE.py: 4 warnings
  <@beartype(jaxent.src.interfaces.topology.factory.TopologyFactory.from_single) at 0x1291a3c40>:57: UserWarning: Function jaxent.src.interfaces.topology.factory.TopologyFactory.from_single() parameter residue=np.int64(4) violates type hint <class 'int'>, as <class "numpy.int64"> np.int64(4) not instance of int.

jaxent/tests/integration/datasplitting/test_datasplitting_featuretopology.py: 4 warnings
jaxent/tests/integration/datasplitting/test_datasplitting_synthetic.py: 6 warnings
jaxent/tests/integration/featurise/test_run_featuise_save_methods.py: 2 warnings
jaxent/tests/integration/featurise/test_run_featuise_savez.py: 1 warning
jaxent/tests/integration/featurise/test_run_featurise.py: 2 warnings
jaxent/tests/integration/model/test_quick_forward_predict.py: 6 warnings
jaxent/tests/integration/optimise/test_module_optimise_SAVE.py: 4 warnings
  <@beartype(jaxent.src.interfaces.topology.core.Partial_Topology.__init__) at 0x1291a1c60>:64: UserWarning: Method jaxent.src.interfaces.topology.core.Partial_Topology.__init__() parameter residues=[np.int64(4)] violates type hint list[int], as list index 0 item <class "numpy.int64"> np.int64(4) not instance of int.

jaxent/tests/integration/datasplitting/test_datasplitting_featuretopology.py: 4 warnings
jaxent/tests/integration/datasplitting/test_datasplitting_synthetic.py: 6 warnings
jaxent/tests/integration/featurise/test_run_featuise_save_methods.py: 2 warnings
jaxent/tests/integration/featurise/test_run_featuise_savez.py: 1 warning
jaxent/tests/integration/featurise/test_run_featurise.py: 2 warnings
jaxent/tests/integration/model/test_quick_forward_predict.py: 6 warnings
jaxent/tests/integration/optimise/test_module_optimise_SAVE.py: 4 warnings
  <@beartype(jaxent.src.interfaces.topology.factory.TopologyFactory.from_single) at 0x1291a3c40>:57: UserWarning: Function jaxent.src.interfaces.topology.factory.TopologyFactory.from_single() parameter residue=np.int64(5) violates type hint <class 'int'>, as <class "numpy.int64"> np.int64(5) not instance of int.

jaxent/tests/integration/datasplitting/test_datasplitting_featuretopology.py: 4 warnings
jaxent/tests/integration/datasplitting/test_datasplitting_synthetic.py: 6 warnings
jaxent/tests/integration/featurise/test_run_featuise_save_methods.py: 2 warnings
jaxent/tests/integration/featurise/test_run_featuise_savez.py: 1 warning
jaxent/tests/integration/featurise/test_run_featurise.py: 2 warnings
jaxent/tests/integration/model/test_quick_forward_predict.py: 6 warnings
jaxent/tests/integration/optimise/test_module_optimise_SAVE.py: 4 warnings
  <@beartype(jaxent.src.interfaces.topology.core.Partial_Topology.__init__) at 0x1291a1c60>:64: UserWarning: Method jaxent.src.interfaces.topology.core.Partial_Topology.__init__() parameter residues=[np.int64(5)] violates type hint list[int], as list index 0 item <class "numpy.int64"> np.int64(5) not instance of int.

jaxent/tests/integration/datasplitting/test_datasplitting_featuretopology.py: 4 warnings
jaxent/tests/integration/datasplitting/test_datasplitting_synthetic.py: 6 warnings
jaxent/tests/integration/featurise/test_run_featuise_save_methods.py: 2 warnings
jaxent/tests/integration/featurise/test_run_featuise_savez.py: 1 warning
jaxent/tests/integration/featurise/test_run_featurise.py: 2 warnings
jaxent/tests/integration/model/test_quick_forward_predict.py: 6 warnings
jaxent/tests/integration/optimise/test_module_optimise_SAVE.py: 4 warnings
  <@beartype(jaxent.src.interfaces.topology.factory.TopologyFactory.from_single) at 0x1291a3c40>:57: UserWarning: Function jaxent.src.interfaces.topology.factory.TopologyFactory.from_single() parameter residue=np.int64(6) violates type hint <class 'int'>, as <class "numpy.int64"> np.int64(6) not instance of int.

jaxent/tests/integration/datasplitting/test_datasplitting_featuretopology.py: 4 warnings
jaxent/tests/integration/datasplitting/test_datasplitting_synthetic.py: 6 warnings
jaxent/tests/integration/featurise/test_run_featuise_save_methods.py: 2 warnings
jaxent/tests/integration/featurise/test_run_featuise_savez.py: 1 warning
jaxent/tests/integration/featurise/test_run_featurise.py: 2 warnings
jaxent/tests/integration/model/test_quick_forward_predict.py: 6 warnings
jaxent/tests/integration/optimise/test_module_optimise_SAVE.py: 4 warnings
  <@beartype(jaxent.src.interfaces.topology.core.Partial_Topology.__init__) at 0x1291a1c60>:64: UserWarning: Method jaxent.src.interfaces.topology.core.Partial_Topology.__init__() parameter residues=[np.int64(6)] violates type hint list[int], as list index 0 item <class "numpy.int64"> np.int64(6) not instance of int.

jaxent/tests/integration/datasplitting/test_datasplitting_featuretopology.py: 4 warnings
jaxent/tests/integration/datasplitting/test_datasplitting_synthetic.py: 6 warnings
jaxent/tests/integration/featurise/test_run_featuise_save_methods.py: 2 warnings
jaxent/tests/integration/featurise/test_run_featuise_savez.py: 1 warning
jaxent/tests/integration/featurise/test_run_featurise.py: 2 warnings
jaxent/tests/integration/model/test_quick_forward_predict.py: 6 warnings
jaxent/tests/integration/optimise/test_module_optimise_SAVE.py: 4 warnings
  <@beartype(jaxent.src.interfaces.topology.factory.TopologyFactory.from_single) at 0x1291a3c40>:57: UserWarning: Function jaxent.src.interfaces.topology.factory.TopologyFactory.from_single() parameter residue=np.int64(7) violates type hint <class 'int'>, as <class "numpy.int64"> np.int64(7) not instance of int.

jaxent/tests/integration/datasplitting/test_datasplitting_featuretopology.py: 4 warnings
jaxent/tests/integration/datasplitting/test_datasplitting_synthetic.py: 6 warnings
jaxent/tests/integration/featurise/test_run_featuise_save_methods.py: 2 warnings
jaxent/tests/integration/featurise/test_run_featuise_savez.py: 1 warning
jaxent/tests/integration/featurise/test_run_featurise.py: 2 warnings
jaxent/tests/integration/model/test_quick_forward_predict.py: 6 warnings
jaxent/tests/integration/optimise/test_module_optimise_SAVE.py: 4 warnings
  <@beartype(jaxent.src.interfaces.topology.core.Partial_Topology.__init__) at 0x1291a1c60>:64: UserWarning: Method jaxent.src.interfaces.topology.core.Partial_Topology.__init__() parameter residues=[np.int64(7)] violates type hint list[int], as list index 0 item <class "numpy.int64"> np.int64(7) not instance of int.

jaxent/tests/integration/datasplitting/test_datasplitting_featuretopology.py: 4 warnings
jaxent/tests/integration/datasplitting/test_datasplitting_synthetic.py: 6 warnings
jaxent/tests/integration/featurise/test_run_featuise_save_methods.py: 2 warnings
jaxent/tests/integration/featurise/test_run_featuise_savez.py: 1 warning
jaxent/tests/integration/featurise/test_run_featurise.py: 2 warnings
jaxent/tests/integration/model/test_quick_forward_predict.py: 6 warnings
jaxent/tests/integration/optimise/test_module_optimise_SAVE.py: 4 warnings
  <@beartype(jaxent.src.interfaces.topology.factory.TopologyFactory.from_single) at 0x1291a3c40>:57: UserWarning: Function jaxent.src.interfaces.topology.factory.TopologyFactory.from_single() parameter residue=np.int64(10) violates type hint <class 'int'>, as <class "numpy.int64"> np.int64(10) not instance of int.

jaxent/tests/integration/datasplitting/test_datasplitting_featuretopology.py: 4 warnings
jaxent/tests/integration/datasplitting/test_datasplitting_synthetic.py: 6 warnings
jaxent/tests/integration/featurise/test_run_featuise_save_methods.py: 2 warnings
jaxent/tests/integration/featurise/test_run_featuise_savez.py: 1 warning
jaxent/tests/integration/featurise/test_run_featurise.py: 2 warnings
jaxent/tests/integration/model/test_quick_forward_predict.py: 6 warnings
jaxent/tests/integration/optimise/test_module_optimise_SAVE.py: 4 warnings
  <@beartype(jaxent.src.interfaces.topology.core.Partial_Topology.__init__) at 0x1291a1c60>:64: UserWarning: Method jaxent.src.interfaces.topology.core.Partial_Topology.__init__() parameter residues=[np.int64(10)] violates type hint list[int], as list index 0 item <class "numpy.int64"> np.int64(10) not instance of int.

jaxent/tests/integration/datasplitting/test_datasplitting_featuretopology.py: 4 warnings
jaxent/tests/integration/datasplitting/test_datasplitting_synthetic.py: 6 warnings
jaxent/tests/integration/featurise/test_run_featuise_save_methods.py: 2 warnings
jaxent/tests/integration/featurise/test_run_featuise_savez.py: 1 warning
jaxent/tests/integration/featurise/test_run_featurise.py: 2 warnings
jaxent/tests/integration/model/test_quick_forward_predict.py: 6 warnings
jaxent/tests/integration/optimise/test_module_optimise_SAVE.py: 4 warnings
  <@beartype(jaxent.src.interfaces.topology.factory.TopologyFactory.from_single) at 0x1291a3c40>:57: UserWarning: Function jaxent.src.interfaces.topology.factory.TopologyFactory.from_single() parameter residue=np.int64(11) violates type hint <class 'int'>, as <class "numpy.int64"> np.int64(11) not instance of int.

jaxent/tests/integration/datasplitting/test_datasplitting_featuretopology.py: 4 warnings
jaxent/tests/integration/datasplitting/test_datasplitting_synthetic.py: 6 warnings
jaxent/tests/integration/featurise/test_run_featuise_save_methods.py: 2 warnings
jaxent/tests/integration/featurise/test_run_featuise_savez.py: 1 warning
jaxent/tests/integration/featurise/test_run_featurise.py: 2 warnings
jaxent/tests/integration/model/test_quick_forward_predict.py: 6 warnings
jaxent/tests/integration/optimise/test_module_optimise_SAVE.py: 4 warnings
  <@beartype(jaxent.src.interfaces.topology.core.Partial_Topology.__init__) at 0x1291a1c60>:64: UserWarning: Method jaxent.src.interfaces.topology.core.Partial_Topology.__init__() parameter residues=[np.int64(11)] violates type hint list[int], as list index 0 item <class "numpy.int64"> np.int64(11) not instance of int.

jaxent/tests/integration/datasplitting/test_datasplitting_featuretopology.py: 4 warnings
jaxent/tests/integration/datasplitting/test_datasplitting_synthetic.py: 6 warnings
jaxent/tests/integration/featurise/test_run_featuise_save_methods.py: 2 warnings
jaxent/tests/integration/featurise/test_run_featuise_savez.py: 1 warning
jaxent/tests/integration/featurise/test_run_featurise.py: 2 warnings
jaxent/tests/integration/model/test_quick_forward_predict.py: 6 warnings
jaxent/tests/integration/optimise/test_module_optimise_SAVE.py: 4 warnings
  <@beartype(jaxent.src.interfaces.topology.factory.TopologyFactory.from_single) at 0x1291a3c40>:57: UserWarning: Function jaxent.src.interfaces.topology.factory.TopologyFactory.from_single() parameter residue=np.int64(12) violates type hint <class 'int'>, as <class "numpy.int64"> np.int64(12) not instance of int.

jaxent/tests/integration/datasplitting/test_datasplitting_featuretopology.py: 4 warnings
jaxent/tests/integration/datasplitting/test_datasplitting_synthetic.py: 6 warnings
jaxent/tests/integration/featurise/test_run_featuise_save_methods.py: 2 warnings
jaxent/tests/integration/featurise/test_run_featuise_savez.py: 1 warning
jaxent/tests/integration/featurise/test_run_featurise.py: 2 warnings
jaxent/tests/integration/model/test_quick_forward_predict.py: 6 warnings
jaxent/tests/integration/optimise/test_module_optimise_SAVE.py: 4 warnings
  <@beartype(jaxent.src.interfaces.topology.core.Partial_Topology.__init__) at 0x1291a1c60>:64: UserWarning: Method jaxent.src.interfaces.topology.core.Partial_Topology.__init__() parameter residues=[np.int64(12)] violates type hint list[int], as list index 0 item <class "numpy.int64"> np.int64(12) not instance of int.

jaxent/tests/integration/datasplitting/test_datasplitting_featuretopology.py: 4 warnings
jaxent/tests/integration/datasplitting/test_datasplitting_synthetic.py: 6 warnings
jaxent/tests/integration/featurise/test_run_featuise_save_methods.py: 2 warnings
jaxent/tests/integration/featurise/test_run_featuise_savez.py: 1 warning
jaxent/tests/integration/featurise/test_run_featurise.py: 2 warnings
jaxent/tests/integration/model/test_quick_forward_predict.py: 6 warnings
jaxent/tests/integration/optimise/test_module_optimise_SAVE.py: 4 warnings
  <@beartype(jaxent.src.interfaces.topology.factory.TopologyFactory.from_single) at 0x1291a3c40>:57: UserWarning: Function jaxent.src.interfaces.topology.factory.TopologyFactory.from_single() parameter residue=np.int64(14) violates type hint <class 'int'>, as <class "numpy.int64"> np.int64(14) not instance of int.

jaxent/tests/integration/datasplitting/test_datasplitting_featuretopology.py: 4 warnings
jaxent/tests/integration/datasplitting/test_datasplitting_synthetic.py: 6 warnings
jaxent/tests/integration/featurise/test_run_featuise_save_methods.py: 2 warnings
jaxent/tests/integration/featurise/test_run_featuise_savez.py: 1 warning
jaxent/tests/integration/featurise/test_run_featurise.py: 2 warnings
jaxent/tests/integration/model/test_quick_forward_predict.py: 6 warnings
jaxent/tests/integration/optimise/test_module_optimise_SAVE.py: 4 warnings
  <@beartype(jaxent.src.interfaces.topology.core.Partial_Topology.__init__) at 0x1291a1c60>:64: UserWarning: Method jaxent.src.interfaces.topology.core.Partial_Topology.__init__() parameter residues=[np.int64(14)] violates type hint list[int], as list index 0 item <class "numpy.int64"> np.int64(14) not instance of int.

jaxent/tests/integration/datasplitting/test_datasplitting_featuretopology.py: 4 warnings
jaxent/tests/integration/datasplitting/test_datasplitting_synthetic.py: 6 warnings
jaxent/tests/integration/featurise/test_run_featuise_save_methods.py: 2 warnings
jaxent/tests/integration/featurise/test_run_featuise_savez.py: 1 warning
jaxent/tests/integration/featurise/test_run_featurise.py: 2 warnings
jaxent/tests/integration/model/test_quick_forward_predict.py: 6 warnings
jaxent/tests/integration/optimise/test_module_optimise_SAVE.py: 4 warnings
  <@beartype(jaxent.src.interfaces.topology.factory.TopologyFactory.from_single) at 0x1291a3c40>:57: UserWarning: Function jaxent.src.interfaces.topology.factory.TopologyFactory.from_single() parameter residue=np.int64(15) violates type hint <class 'int'>, as <class "numpy.int64"> np.int64(15) not instance of int.

jaxent/tests/integration/datasplitting/test_datasplitting_featuretopology.py: 4 warnings
jaxent/tests/integration/datasplitting/test_datasplitting_synthetic.py: 6 warnings
jaxent/tests/integration/featurise/test_run_featuise_save_methods.py: 2 warnings
jaxent/tests/integration/featurise/test_run_featuise_savez.py: 1 warning
jaxent/tests/integration/featurise/test_run_featurise.py: 2 warnings
jaxent/tests/integration/model/test_quick_forward_predict.py: 6 warnings
jaxent/tests/integration/optimise/test_module_optimise_SAVE.py: 4 warnings
  <@beartype(jaxent.src.interfaces.topology.core.Partial_Topology.__init__) at 0x1291a1c60>:64: UserWarning: Method jaxent.src.interfaces.topology.core.Partial_Topology.__init__() parameter residues=[np.int64(15)] violates type hint list[int], as list index 0 item <class "numpy.int64"> np.int64(15) not instance of int.

jaxent/tests/integration/datasplitting/test_datasplitting_featuretopology.py: 4 warnings
jaxent/tests/integration/datasplitting/test_datasplitting_synthetic.py: 6 warnings
jaxent/tests/integration/featurise/test_run_featuise_save_methods.py: 2 warnings
jaxent/tests/integration/featurise/test_run_featuise_savez.py: 1 warning
jaxent/tests/integration/featurise/test_run_featurise.py: 2 warnings
jaxent/tests/integration/model/test_quick_forward_predict.py: 6 warnings
jaxent/tests/integration/optimise/test_module_optimise_SAVE.py: 4 warnings
  <@beartype(jaxent.src.interfaces.topology.factory.TopologyFactory.from_single) at 0x1291a3c40>:57: UserWarning: Function jaxent.src.interfaces.topology.factory.TopologyFactory.from_single() parameter residue=np.int64(16) violates type hint <class 'int'>, as <class "numpy.int64"> np.int64(16) not instance of int.

jaxent/tests/integration/datasplitting/test_datasplitting_featuretopology.py: 4 warnings
jaxent/tests/integration/datasplitting/test_datasplitting_synthetic.py: 6 warnings
jaxent/tests/integration/featurise/test_run_featuise_save_methods.py: 2 warnings
jaxent/tests/integration/featurise/test_run_featuise_savez.py: 1 warning
jaxent/tests/integration/featurise/test_run_featurise.py: 2 warnings
jaxent/tests/integration/model/test_quick_forward_predict.py: 6 warnings
jaxent/tests/integration/optimise/test_module_optimise_SAVE.py: 4 warnings
  <@beartype(jaxent.src.interfaces.topology.core.Partial_Topology.__init__) at 0x1291a1c60>:64: UserWarning: Method jaxent.src.interfaces.topology.core.Partial_Topology.__init__() parameter residues=[np.int64(16)] violates type hint list[int], as list index 0 item <class "numpy.int64"> np.int64(16) not instance of int.

jaxent/tests/integration/datasplitting/test_datasplitting_featuretopology.py: 4 warnings
jaxent/tests/integration/datasplitting/test_datasplitting_synthetic.py: 6 warnings
jaxent/tests/integration/featurise/test_run_featuise_save_methods.py: 2 warnings
jaxent/tests/integration/featurise/test_run_featuise_savez.py: 1 warning
jaxent/tests/integration/featurise/test_run_featurise.py: 2 warnings
jaxent/tests/integration/model/test_quick_forward_predict.py: 6 warnings
jaxent/tests/integration/optimise/test_module_optimise_SAVE.py: 4 warnings
  <@beartype(jaxent.src.interfaces.topology.factory.TopologyFactory.from_single) at 0x1291a3c40>:57: UserWarning: Function jaxent.src.interfaces.topology.factory.TopologyFactory.from_single() parameter residue=np.int64(17) violates type hint <class 'int'>, as <class "numpy.int64"> np.int64(17) not instance of int.

jaxent/tests/integration/datasplitting/test_datasplitting_featuretopology.py: 4 warnings
jaxent/tests/integration/datasplitting/test_datasplitting_synthetic.py: 6 warnings
jaxent/tests/integration/featurise/test_run_featuise_save_methods.py: 2 warnings
jaxent/tests/integration/featurise/test_run_featuise_savez.py: 1 warning
jaxent/tests/integration/featurise/test_run_featurise.py: 2 warnings
jaxent/tests/integration/model/test_quick_forward_predict.py: 6 warnings
jaxent/tests/integration/optimise/test_module_optimise_SAVE.py: 4 warnings
  <@beartype(jaxent.src.interfaces.topology.core.Partial_Topology.__init__) at 0x1291a1c60>:64: UserWarning: Method jaxent.src.interfaces.topology.core.Partial_Topology.__init__() parameter residues=[np.int64(17)] violates type hint list[int], as list index 0 item <class "numpy.int64"> np.int64(17) not instance of int.

jaxent/tests/integration/datasplitting/test_datasplitting_featuretopology.py: 4 warnings
jaxent/tests/integration/datasplitting/test_datasplitting_synthetic.py: 6 warnings
jaxent/tests/integration/featurise/test_run_featuise_save_methods.py: 2 warnings
jaxent/tests/integration/featurise/test_run_featuise_savez.py: 1 warning
jaxent/tests/integration/featurise/test_run_featurise.py: 2 warnings
jaxent/tests/integration/model/test_quick_forward_predict.py: 6 warnings
jaxent/tests/integration/optimise/test_module_optimise_SAVE.py: 4 warnings
  <@beartype(jaxent.src.interfaces.topology.factory.TopologyFactory.from_single) at 0x1291a3c40>:57: UserWarning: Function jaxent.src.interfaces.topology.factory.TopologyFactory.from_single() parameter residue=np.int64(18) violates type hint <class 'int'>, as <class "numpy.int64"> np.int64(18) not instance of int.

jaxent/tests/integration/datasplitting/test_datasplitting_featuretopology.py: 4 warnings
jaxent/tests/integration/datasplitting/test_datasplitting_synthetic.py: 6 warnings
jaxent/tests/integration/featurise/test_run_featuise_save_methods.py: 2 warnings
jaxent/tests/integration/featurise/test_run_featuise_savez.py: 1 warning
jaxent/tests/integration/featurise/test_run_featurise.py: 2 warnings
jaxent/tests/integration/model/test_quick_forward_predict.py: 6 warnings
jaxent/tests/integration/optimise/test_module_optimise_SAVE.py: 4 warnings
  <@beartype(jaxent.src.interfaces.topology.core.Partial_Topology.__init__) at 0x1291a1c60>:64: UserWarning: Method jaxent.src.interfaces.topology.core.Partial_Topology.__init__() parameter residues=[np.int64(18)] violates type hint list[int], as list index 0 item <class "numpy.int64"> np.int64(18) not instance of int.

jaxent/tests/integration/datasplitting/test_datasplitting_featuretopology.py: 4 warnings
jaxent/tests/integration/datasplitting/test_datasplitting_synthetic.py: 6 warnings
jaxent/tests/integration/featurise/test_run_featuise_save_methods.py: 2 warnings
jaxent/tests/integration/featurise/test_run_featuise_savez.py: 1 warning
jaxent/tests/integration/featurise/test_run_featurise.py: 2 warnings
jaxent/tests/integration/model/test_quick_forward_predict.py: 6 warnings
jaxent/tests/integration/optimise/test_module_optimise_SAVE.py: 4 warnings
  <@beartype(jaxent.src.interfaces.topology.factory.TopologyFactory.from_single) at 0x1291a3c40>:57: UserWarning: Function jaxent.src.interfaces.topology.factory.TopologyFactory.from_single() parameter residue=np.int64(19) violates type hint <class 'int'>, as <class "numpy.int64"> np.int64(19) not instance of int.

jaxent/tests/integration/datasplitting/test_datasplitting_featuretopology.py: 4 warnings
jaxent/tests/integration/datasplitting/test_datasplitting_synthetic.py: 6 warnings
jaxent/tests/integration/featurise/test_run_featuise_save_methods.py: 2 warnings
jaxent/tests/integration/featurise/test_run_featuise_savez.py: 1 warning
jaxent/tests/integration/featurise/test_run_featurise.py: 2 warnings
jaxent/tests/integration/model/test_quick_forward_predict.py: 6 warnings
jaxent/tests/integration/optimise/test_module_optimise_SAVE.py: 4 warnings
  <@beartype(jaxent.src.interfaces.topology.core.Partial_Topology.__init__) at 0x1291a1c60>:64: UserWarning: Method jaxent.src.interfaces.topology.core.Partial_Topology.__init__() parameter residues=[np.int64(19)] violates type hint list[int], as list index 0 item <class "numpy.int64"> np.int64(19) not instance of int.

jaxent/tests/integration/datasplitting/test_datasplitting_featuretopology.py: 4 warnings
jaxent/tests/integration/datasplitting/test_datasplitting_synthetic.py: 6 warnings
jaxent/tests/integration/featurise/test_run_featuise_save_methods.py: 2 warnings
jaxent/tests/integration/featurise/test_run_featuise_savez.py: 1 warning
jaxent/tests/integration/featurise/test_run_featurise.py: 2 warnings
jaxent/tests/integration/model/test_quick_forward_predict.py: 6 warnings
jaxent/tests/integration/optimise/test_module_optimise_SAVE.py: 4 warnings
  <@beartype(jaxent.src.interfaces.topology.factory.TopologyFactory.from_single) at 0x1291a3c40>:57: UserWarning: Function jaxent.src.interfaces.topology.factory.TopologyFactory.from_single() parameter residue=np.int64(20) violates type hint <class 'int'>, as <class "numpy.int64"> np.int64(20) not instance of int.

jaxent/tests/integration/datasplitting/test_datasplitting_featuretopology.py: 4 warnings
jaxent/tests/integration/datasplitting/test_datasplitting_synthetic.py: 6 warnings
jaxent/tests/integration/featurise/test_run_featuise_save_methods.py: 2 warnings
jaxent/tests/integration/featurise/test_run_featuise_savez.py: 1 warning
jaxent/tests/integration/featurise/test_run_featurise.py: 2 warnings
jaxent/tests/integration/model/test_quick_forward_predict.py: 6 warnings
jaxent/tests/integration/optimise/test_module_optimise_SAVE.py: 4 warnings
  <@beartype(jaxent.src.interfaces.topology.core.Partial_Topology.__init__) at 0x1291a1c60>:64: UserWarning: Method jaxent.src.interfaces.topology.core.Partial_Topology.__init__() parameter residues=[np.int64(20)] violates type hint list[int], as list index 0 item <class "numpy.int64"> np.int64(20) not instance of int.

jaxent/tests/integration/datasplitting/test_datasplitting_featuretopology.py: 4 warnings
jaxent/tests/integration/datasplitting/test_datasplitting_synthetic.py: 6 warnings
jaxent/tests/integration/featurise/test_run_featuise_save_methods.py: 2 warnings
jaxent/tests/integration/featurise/test_run_featuise_savez.py: 1 warning
jaxent/tests/integration/featurise/test_run_featurise.py: 2 warnings
jaxent/tests/integration/model/test_quick_forward_predict.py: 6 warnings
jaxent/tests/integration/optimise/test_module_optimise_SAVE.py: 4 warnings
  <@beartype(jaxent.src.interfaces.topology.factory.TopologyFactory.from_single) at 0x1291a3c40>:57: UserWarning: Function jaxent.src.interfaces.topology.factory.TopologyFactory.from_single() parameter residue=np.int64(21) violates type hint <class 'int'>, as <class "numpy.int64"> np.int64(21) not instance of int.

jaxent/tests/integration/datasplitting/test_datasplitting_featuretopology.py: 4 warnings
jaxent/tests/integration/datasplitting/test_datasplitting_synthetic.py: 6 warnings
jaxent/tests/integration/featurise/test_run_featuise_save_methods.py: 2 warnings
jaxent/tests/integration/featurise/test_run_featuise_savez.py: 1 warning
jaxent/tests/integration/featurise/test_run_featurise.py: 2 warnings
jaxent/tests/integration/model/test_quick_forward_predict.py: 6 warnings
jaxent/tests/integration/optimise/test_module_optimise_SAVE.py: 4 warnings
  <@beartype(jaxent.src.interfaces.topology.core.Partial_Topology.__init__) at 0x1291a1c60>:64: UserWarning: Method jaxent.src.interfaces.topology.core.Partial_Topology.__init__() parameter residues=[np.int64(21)] violates type hint list[int], as list index 0 item <class "numpy.int64"> np.int64(21) not instance of int.

jaxent/tests/integration/datasplitting/test_datasplitting_featuretopology.py: 4 warnings
jaxent/tests/integration/datasplitting/test_datasplitting_synthetic.py: 6 warnings
jaxent/tests/integration/featurise/test_run_featuise_save_methods.py: 2 warnings
jaxent/tests/integration/featurise/test_run_featuise_savez.py: 1 warning
jaxent/tests/integration/featurise/test_run_featurise.py: 2 warnings
jaxent/tests/integration/model/test_quick_forward_predict.py: 6 warnings
jaxent/tests/integration/optimise/test_module_optimise_SAVE.py: 4 warnings
  <@beartype(jaxent.src.interfaces.topology.factory.TopologyFactory.from_single) at 0x1291a3c40>:57: UserWarning: Function jaxent.src.interfaces.topology.factory.TopologyFactory.from_single() parameter residue=np.int64(22) violates type hint <class 'int'>, as <class "numpy.int64"> np.int64(22) not instance of int.

jaxent/tests/integration/datasplitting/test_datasplitting_featuretopology.py: 4 warnings
jaxent/tests/integration/datasplitting/test_datasplitting_synthetic.py: 6 warnings
jaxent/tests/integration/featurise/test_run_featuise_save_methods.py: 2 warnings
jaxent/tests/integration/featurise/test_run_featuise_savez.py: 1 warning
jaxent/tests/integration/featurise/test_run_featurise.py: 2 warnings
jaxent/tests/integration/model/test_quick_forward_predict.py: 6 warnings
jaxent/tests/integration/optimise/test_module_optimise_SAVE.py: 4 warnings
  <@beartype(jaxent.src.interfaces.topology.core.Partial_Topology.__init__) at 0x1291a1c60>:64: UserWarning: Method jaxent.src.interfaces.topology.core.Partial_Topology.__init__() parameter residues=[np.int64(22)] violates type hint list[int], as list index 0 item <class "numpy.int64"> np.int64(22) not instance of int.

jaxent/tests/integration/datasplitting/test_datasplitting_featuretopology.py: 4 warnings
jaxent/tests/integration/datasplitting/test_datasplitting_synthetic.py: 6 warnings
jaxent/tests/integration/featurise/test_run_featuise_save_methods.py: 2 warnings
jaxent/tests/integration/featurise/test_run_featuise_savez.py: 1 warning
jaxent/tests/integration/featurise/test_run_featurise.py: 2 warnings
jaxent/tests/integration/model/test_quick_forward_predict.py: 6 warnings
jaxent/tests/integration/optimise/test_module_optimise_SAVE.py: 4 warnings
  <@beartype(jaxent.src.interfaces.topology.factory.TopologyFactory.from_single) at 0x1291a3c40>:57: UserWarning: Function jaxent.src.interfaces.topology.factory.TopologyFactory.from_single() parameter residue=np.int64(23) violates type hint <class 'int'>, as <class "numpy.int64"> np.int64(23) not instance of int.

jaxent/tests/integration/datasplitting/test_datasplitting_featuretopology.py: 4 warnings
jaxent/tests/integration/datasplitting/test_datasplitting_synthetic.py: 6 warnings
jaxent/tests/integration/featurise/test_run_featuise_save_methods.py: 2 warnings
jaxent/tests/integration/featurise/test_run_featuise_savez.py: 1 warning
jaxent/tests/integration/featurise/test_run_featurise.py: 2 warnings
jaxent/tests/integration/model/test_quick_forward_predict.py: 6 warnings
jaxent/tests/integration/optimise/test_module_optimise_SAVE.py: 4 warnings
  <@beartype(jaxent.src.interfaces.topology.core.Partial_Topology.__init__) at 0x1291a1c60>:64: UserWarning: Method jaxent.src.interfaces.topology.core.Partial_Topology.__init__() parameter residues=[np.int64(23)] violates type hint list[int], as list index 0 item <class "numpy.int64"> np.int64(23) not instance of int.

jaxent/tests/integration/datasplitting/test_datasplitting_featuretopology.py: 4 warnings
jaxent/tests/integration/datasplitting/test_datasplitting_synthetic.py: 6 warnings
jaxent/tests/integration/featurise/test_run_featuise_save_methods.py: 2 warnings
jaxent/tests/integration/featurise/test_run_featuise_savez.py: 1 warning
jaxent/tests/integration/featurise/test_run_featurise.py: 2 warnings
jaxent/tests/integration/model/test_quick_forward_predict.py: 6 warnings
jaxent/tests/integration/optimise/test_module_optimise_SAVE.py: 4 warnings
  <@beartype(jaxent.src.interfaces.topology.factory.TopologyFactory.from_single) at 0x1291a3c40>:57: UserWarning: Function jaxent.src.interfaces.topology.factory.TopologyFactory.from_single() parameter residue=np.int64(24) violates type hint <class 'int'>, as <class "numpy.int64"> np.int64(24) not instance of int.

jaxent/tests/integration/datasplitting/test_datasplitting_featuretopology.py: 4 warnings
jaxent/tests/integration/datasplitting/test_datasplitting_synthetic.py: 6 warnings
jaxent/tests/integration/featurise/test_run_featuise_save_methods.py: 2 warnings
jaxent/tests/integration/featurise/test_run_featuise_savez.py: 1 warning
jaxent/tests/integration/featurise/test_run_featurise.py: 2 warnings
jaxent/tests/integration/model/test_quick_forward_predict.py: 6 warnings
jaxent/tests/integration/optimise/test_module_optimise_SAVE.py: 4 warnings
  <@beartype(jaxent.src.interfaces.topology.core.Partial_Topology.__init__) at 0x1291a1c60>:64: UserWarning: Method jaxent.src.interfaces.topology.core.Partial_Topology.__init__() parameter residues=[np.int64(24)] violates type hint list[int], as list index 0 item <class "numpy.int64"> np.int64(24) not instance of int.

jaxent/tests/integration/datasplitting/test_datasplitting_featuretopology.py: 4 warnings
jaxent/tests/integration/datasplitting/test_datasplitting_synthetic.py: 6 warnings
jaxent/tests/integration/featurise/test_run_featuise_save_methods.py: 2 warnings
jaxent/tests/integration/featurise/test_run_featuise_savez.py: 1 warning
jaxent/tests/integration/featurise/test_run_featurise.py: 2 warnings
jaxent/tests/integration/model/test_quick_forward_predict.py: 6 warnings
jaxent/tests/integration/optimise/test_module_optimise_SAVE.py: 4 warnings
  <@beartype(jaxent.src.interfaces.topology.factory.TopologyFactory.from_single) at 0x1291a3c40>:57: UserWarning: Function jaxent.src.interfaces.topology.factory.TopologyFactory.from_single() parameter residue=np.int64(25) violates type hint <class 'int'>, as <class "numpy.int64"> np.int64(25) not instance of int.

jaxent/tests/integration/datasplitting/test_datasplitting_featuretopology.py: 4 warnings
jaxent/tests/integration/datasplitting/test_datasplitting_synthetic.py: 6 warnings
jaxent/tests/integration/featurise/test_run_featuise_save_methods.py: 2 warnings
jaxent/tests/integration/featurise/test_run_featuise_savez.py: 1 warning
jaxent/tests/integration/featurise/test_run_featurise.py: 2 warnings
jaxent/tests/integration/model/test_quick_forward_predict.py: 6 warnings
jaxent/tests/integration/optimise/test_module_optimise_SAVE.py: 4 warnings
  <@beartype(jaxent.src.interfaces.topology.core.Partial_Topology.__init__) at 0x1291a1c60>:64: UserWarning: Method jaxent.src.interfaces.topology.core.Partial_Topology.__init__() parameter residues=[np.int64(25)] violates type hint list[int], as list index 0 item <class "numpy.int64"> np.int64(25) not instance of int.

jaxent/tests/integration/datasplitting/test_datasplitting_featuretopology.py: 4 warnings
jaxent/tests/integration/datasplitting/test_datasplitting_synthetic.py: 6 warnings
jaxent/tests/integration/featurise/test_run_featuise_save_methods.py: 2 warnings
jaxent/tests/integration/featurise/test_run_featuise_savez.py: 1 warning
jaxent/tests/integration/featurise/test_run_featurise.py: 2 warnings
jaxent/tests/integration/model/test_quick_forward_predict.py: 6 warnings
jaxent/tests/integration/optimise/test_module_optimise_SAVE.py: 4 warnings
  <@beartype(jaxent.src.interfaces.topology.factory.TopologyFactory.from_single) at 0x1291a3c40>:57: UserWarning: Function jaxent.src.interfaces.topology.factory.TopologyFactory.from_single() parameter residue=np.int64(26) violates type hint <class 'int'>, as <class "numpy.int64"> np.int64(26) not instance of int.

jaxent/tests/integration/datasplitting/test_datasplitting_featuretopology.py: 4 warnings
jaxent/tests/integration/datasplitting/test_datasplitting_synthetic.py: 6 warnings
jaxent/tests/integration/featurise/test_run_featuise_save_methods.py: 2 warnings
jaxent/tests/integration/featurise/test_run_featuise_savez.py: 1 warning
jaxent/tests/integration/featurise/test_run_featurise.py: 2 warnings
jaxent/tests/integration/model/test_quick_forward_predict.py: 6 warnings
jaxent/tests/integration/optimise/test_module_optimise_SAVE.py: 4 warnings
  <@beartype(jaxent.src.interfaces.topology.core.Partial_Topology.__init__) at 0x1291a1c60>:64: UserWarning: Method jaxent.src.interfaces.topology.core.Partial_Topology.__init__() parameter residues=[np.int64(26)] violates type hint list[int], as list index 0 item <class "numpy.int64"> np.int64(26) not instance of int.

jaxent/tests/integration/datasplitting/test_datasplitting_featuretopology.py: 4 warnings
jaxent/tests/integration/datasplitting/test_datasplitting_synthetic.py: 6 warnings
jaxent/tests/integration/featurise/test_run_featuise_save_methods.py: 2 warnings
jaxent/tests/integration/featurise/test_run_featuise_savez.py: 1 warning
jaxent/tests/integration/featurise/test_run_featurise.py: 2 warnings
jaxent/tests/integration/model/test_quick_forward_predict.py: 6 warnings
jaxent/tests/integration/optimise/test_module_optimise_SAVE.py: 4 warnings
  <@beartype(jaxent.src.interfaces.topology.factory.TopologyFactory.from_single) at 0x1291a3c40>:57: UserWarning: Function jaxent.src.interfaces.topology.factory.TopologyFactory.from_single() parameter residue=np.int64(27) violates type hint <class 'int'>, as <class "numpy.int64"> np.int64(27) not instance of int.

jaxent/tests/integration/datasplitting/test_datasplitting_featuretopology.py: 4 warnings
jaxent/tests/integration/datasplitting/test_datasplitting_synthetic.py: 6 warnings
jaxent/tests/integration/featurise/test_run_featuise_save_methods.py: 2 warnings
jaxent/tests/integration/featurise/test_run_featuise_savez.py: 1 warning
jaxent/tests/integration/featurise/test_run_featurise.py: 2 warnings
jaxent/tests/integration/model/test_quick_forward_predict.py: 6 warnings
jaxent/tests/integration/optimise/test_module_optimise_SAVE.py: 4 warnings
  <@beartype(jaxent.src.interfaces.topology.core.Partial_Topology.__init__) at 0x1291a1c60>:64: UserWarning: Method jaxent.src.interfaces.topology.core.Partial_Topology.__init__() parameter residues=[np.int64(27)] violates type hint list[int], as list index 0 item <class "numpy.int64"> np.int64(27) not instance of int.

jaxent/tests/integration/datasplitting/test_datasplitting_featuretopology.py: 4 warnings
jaxent/tests/integration/datasplitting/test_datasplitting_synthetic.py: 6 warnings
jaxent/tests/integration/featurise/test_run_featuise_save_methods.py: 2 warnings
jaxent/tests/integration/featurise/test_run_featuise_savez.py: 1 warning
jaxent/tests/integration/featurise/test_run_featurise.py: 2 warnings
jaxent/tests/integration/model/test_quick_forward_predict.py: 6 warnings
jaxent/tests/integration/optimise/test_module_optimise_SAVE.py: 4 warnings
  <@beartype(jaxent.src.interfaces.topology.factory.TopologyFactory.from_single) at 0x1291a3c40>:57: UserWarning: Function jaxent.src.interfaces.topology.factory.TopologyFactory.from_single() parameter residue=np.int64(28) violates type hint <class 'int'>, as <class "numpy.int64"> np.int64(28) not instance of int.

jaxent/tests/integration/datasplitting/test_datasplitting_featuretopology.py: 4 warnings
jaxent/tests/integration/datasplitting/test_datasplitting_synthetic.py: 6 warnings
jaxent/tests/integration/featurise/test_run_featuise_save_methods.py: 2 warnings
jaxent/tests/integration/featurise/test_run_featuise_savez.py: 1 warning
jaxent/tests/integration/featurise/test_run_featurise.py: 2 warnings
jaxent/tests/integration/model/test_quick_forward_predict.py: 6 warnings
jaxent/tests/integration/optimise/test_module_optimise_SAVE.py: 4 warnings
  <@beartype(jaxent.src.interfaces.topology.core.Partial_Topology.__init__) at 0x1291a1c60>:64: UserWarning: Method jaxent.src.interfaces.topology.core.Partial_Topology.__init__() parameter residues=[np.int64(28)] violates type hint list[int], as list index 0 item <class "numpy.int64"> np.int64(28) not instance of int.

jaxent/tests/integration/datasplitting/test_datasplitting_featuretopology.py: 4 warnings
jaxent/tests/integration/datasplitting/test_datasplitting_synthetic.py: 6 warnings
jaxent/tests/integration/featurise/test_run_featuise_save_methods.py: 2 warnings
jaxent/tests/integration/featurise/test_run_featuise_savez.py: 1 warning
jaxent/tests/integration/featurise/test_run_featurise.py: 2 warnings
jaxent/tests/integration/model/test_quick_forward_predict.py: 6 warnings
jaxent/tests/integration/optimise/test_module_optimise_SAVE.py: 4 warnings
  <@beartype(jaxent.src.interfaces.topology.factory.TopologyFactory.from_single) at 0x1291a3c40>:57: UserWarning: Function jaxent.src.interfaces.topology.factory.TopologyFactory.from_single() parameter residue=np.int64(29) violates type hint <class 'int'>, as <class "numpy.int64"> np.int64(29) not instance of int.

jaxent/tests/integration/datasplitting/test_datasplitting_featuretopology.py: 4 warnings
jaxent/tests/integration/datasplitting/test_datasplitting_synthetic.py: 6 warnings
jaxent/tests/integration/featurise/test_run_featuise_save_methods.py: 2 warnings
jaxent/tests/integration/featurise/test_run_featuise_savez.py: 1 warning
jaxent/tests/integration/featurise/test_run_featurise.py: 2 warnings
jaxent/tests/integration/model/test_quick_forward_predict.py: 6 warnings
jaxent/tests/integration/optimise/test_module_optimise_SAVE.py: 4 warnings
  <@beartype(jaxent.src.interfaces.topology.core.Partial_Topology.__init__) at 0x1291a1c60>:64: UserWarning: Method jaxent.src.interfaces.topology.core.Partial_Topology.__init__() parameter residues=[np.int64(29)] violates type hint list[int], as list index 0 item <class "numpy.int64"> np.int64(29) not instance of int.

jaxent/tests/integration/datasplitting/test_datasplitting_featuretopology.py: 4 warnings
jaxent/tests/integration/datasplitting/test_datasplitting_synthetic.py: 6 warnings
jaxent/tests/integration/featurise/test_run_featuise_save_methods.py: 2 warnings
jaxent/tests/integration/featurise/test_run_featuise_savez.py: 1 warning
jaxent/tests/integration/featurise/test_run_featurise.py: 2 warnings
jaxent/tests/integration/model/test_quick_forward_predict.py: 6 warnings
jaxent/tests/integration/optimise/test_module_optimise_SAVE.py: 4 warnings
  <@beartype(jaxent.src.interfaces.topology.factory.TopologyFactory.from_single) at 0x1291a3c40>:57: UserWarning: Function jaxent.src.interfaces.topology.factory.TopologyFactory.from_single() parameter residue=np.int64(30) violates type hint <class 'int'>, as <class "numpy.int64"> np.int64(30) not instance of int.

jaxent/tests/integration/datasplitting/test_datasplitting_featuretopology.py: 4 warnings
jaxent/tests/integration/datasplitting/test_datasplitting_synthetic.py: 6 warnings
jaxent/tests/integration/featurise/test_run_featuise_save_methods.py: 2 warnings
jaxent/tests/integration/featurise/test_run_featuise_savez.py: 1 warning
jaxent/tests/integration/featurise/test_run_featurise.py: 2 warnings
jaxent/tests/integration/model/test_quick_forward_predict.py: 6 warnings
jaxent/tests/integration/optimise/test_module_optimise_SAVE.py: 4 warnings
  <@beartype(jaxent.src.interfaces.topology.core.Partial_Topology.__init__) at 0x1291a1c60>:64: UserWarning: Method jaxent.src.interfaces.topology.core.Partial_Topology.__init__() parameter residues=[np.int64(30)] violates type hint list[int], as list index 0 item <class "numpy.int64"> np.int64(30) not instance of int.

jaxent/tests/integration/datasplitting/test_datasplitting_featuretopology.py: 4 warnings
jaxent/tests/integration/datasplitting/test_datasplitting_synthetic.py: 6 warnings
jaxent/tests/integration/featurise/test_run_featuise_save_methods.py: 2 warnings
jaxent/tests/integration/featurise/test_run_featuise_savez.py: 1 warning
jaxent/tests/integration/featurise/test_run_featurise.py: 2 warnings
jaxent/tests/integration/model/test_quick_forward_predict.py: 6 warnings
jaxent/tests/integration/optimise/test_module_optimise_SAVE.py: 4 warnings
  <@beartype(jaxent.src.interfaces.topology.factory.TopologyFactory.from_single) at 0x1291a3c40>:57: UserWarning: Function jaxent.src.interfaces.topology.factory.TopologyFactory.from_single() parameter residue=np.int64(31) violates type hint <class 'int'>, as <class "numpy.int64"> np.int64(31) not instance of int.

jaxent/tests/integration/datasplitting/test_datasplitting_featuretopology.py: 4 warnings
jaxent/tests/integration/datasplitting/test_datasplitting_synthetic.py: 6 warnings
jaxent/tests/integration/featurise/test_run_featuise_save_methods.py: 2 warnings
jaxent/tests/integration/featurise/test_run_featuise_savez.py: 1 warning
jaxent/tests/integration/featurise/test_run_featurise.py: 2 warnings
jaxent/tests/integration/model/test_quick_forward_predict.py: 6 warnings
jaxent/tests/integration/optimise/test_module_optimise_SAVE.py: 4 warnings
  <@beartype(jaxent.src.interfaces.topology.core.Partial_Topology.__init__) at 0x1291a1c60>:64: UserWarning: Method jaxent.src.interfaces.topology.core.Partial_Topology.__init__() parameter residues=[np.int64(31)] violates type hint list[int], as list index 0 item <class "numpy.int64"> np.int64(31) not instance of int.

jaxent/tests/integration/datasplitting/test_datasplitting_featuretopology.py: 4 warnings
jaxent/tests/integration/datasplitting/test_datasplitting_synthetic.py: 6 warnings
jaxent/tests/integration/featurise/test_run_featuise_save_methods.py: 2 warnings
jaxent/tests/integration/featurise/test_run_featuise_savez.py: 1 warning
jaxent/tests/integration/featurise/test_run_featurise.py: 2 warnings
jaxent/tests/integration/model/test_quick_forward_predict.py: 6 warnings
jaxent/tests/integration/optimise/test_module_optimise_SAVE.py: 4 warnings
  <@beartype(jaxent.src.interfaces.topology.factory.TopologyFactory.from_single) at 0x1291a3c40>:57: UserWarning: Function jaxent.src.interfaces.topology.factory.TopologyFactory.from_single() parameter residue=np.int64(32) violates type hint <class 'int'>, as <class "numpy.int64"> np.int64(32) not instance of int.

jaxent/tests/integration/datasplitting/test_datasplitting_featuretopology.py: 4 warnings
jaxent/tests/integration/datasplitting/test_datasplitting_synthetic.py: 6 warnings
jaxent/tests/integration/featurise/test_run_featuise_save_methods.py: 2 warnings
jaxent/tests/integration/featurise/test_run_featuise_savez.py: 1 warning
jaxent/tests/integration/featurise/test_run_featurise.py: 2 warnings
jaxent/tests/integration/model/test_quick_forward_predict.py: 6 warnings
jaxent/tests/integration/optimise/test_module_optimise_SAVE.py: 4 warnings
  <@beartype(jaxent.src.interfaces.topology.core.Partial_Topology.__init__) at 0x1291a1c60>:64: UserWarning: Method jaxent.src.interfaces.topology.core.Partial_Topology.__init__() parameter residues=[np.int64(32)] violates type hint list[int], as list index 0 item <class "numpy.int64"> np.int64(32) not instance of int.

jaxent/tests/integration/datasplitting/test_datasplitting_featuretopology.py: 4 warnings
jaxent/tests/integration/datasplitting/test_datasplitting_synthetic.py: 6 warnings
jaxent/tests/integration/featurise/test_run_featuise_save_methods.py: 2 warnings
jaxent/tests/integration/featurise/test_run_featuise_savez.py: 1 warning
jaxent/tests/integration/featurise/test_run_featurise.py: 2 warnings
jaxent/tests/integration/model/test_quick_forward_predict.py: 6 warnings
jaxent/tests/integration/optimise/test_module_optimise_SAVE.py: 4 warnings
  <@beartype(jaxent.src.interfaces.topology.factory.TopologyFactory.from_single) at 0x1291a3c40>:57: UserWarning: Function jaxent.src.interfaces.topology.factory.TopologyFactory.from_single() parameter residue=np.int64(33) violates type hint <class 'int'>, as <class "numpy.int64"> np.int64(33) not instance of int.

jaxent/tests/integration/datasplitting/test_datasplitting_featuretopology.py: 4 warnings
jaxent/tests/integration/datasplitting/test_datasplitting_synthetic.py: 6 warnings
jaxent/tests/integration/featurise/test_run_featuise_save_methods.py: 2 warnings
jaxent/tests/integration/featurise/test_run_featuise_savez.py: 1 warning
jaxent/tests/integration/featurise/test_run_featurise.py: 2 warnings
jaxent/tests/integration/model/test_quick_forward_predict.py: 6 warnings
jaxent/tests/integration/optimise/test_module_optimise_SAVE.py: 4 warnings
  <@beartype(jaxent.src.interfaces.topology.core.Partial_Topology.__init__) at 0x1291a1c60>:64: UserWarning: Method jaxent.src.interfaces.topology.core.Partial_Topology.__init__() parameter residues=[np.int64(33)] violates type hint list[int], as list index 0 item <class "numpy.int64"> np.int64(33) not instance of int.

jaxent/tests/integration/datasplitting/test_datasplitting_featuretopology.py: 4 warnings
jaxent/tests/integration/datasplitting/test_datasplitting_synthetic.py: 6 warnings
jaxent/tests/integration/featurise/test_run_featuise_save_methods.py: 2 warnings
jaxent/tests/integration/featurise/test_run_featuise_savez.py: 1 warning
jaxent/tests/integration/featurise/test_run_featurise.py: 2 warnings
jaxent/tests/integration/model/test_quick_forward_predict.py: 6 warnings
jaxent/tests/integration/optimise/test_module_optimise_SAVE.py: 4 warnings
  <@beartype(jaxent.src.interfaces.topology.factory.TopologyFactory.from_single) at 0x1291a3c40>:57: UserWarning: Function jaxent.src.interfaces.topology.factory.TopologyFactory.from_single() parameter residue=np.int64(34) violates type hint <class 'int'>, as <class "numpy.int64"> np.int64(34) not instance of int.

jaxent/tests/integration/datasplitting/test_datasplitting_featuretopology.py: 4 warnings
jaxent/tests/integration/datasplitting/test_datasplitting_synthetic.py: 6 warnings
jaxent/tests/integration/featurise/test_run_featuise_save_methods.py: 2 warnings
jaxent/tests/integration/featurise/test_run_featuise_savez.py: 1 warning
jaxent/tests/integration/featurise/test_run_featurise.py: 2 warnings
jaxent/tests/integration/model/test_quick_forward_predict.py: 6 warnings
jaxent/tests/integration/optimise/test_module_optimise_SAVE.py: 4 warnings
  <@beartype(jaxent.src.interfaces.topology.core.Partial_Topology.__init__) at 0x1291a1c60>:64: UserWarning: Method jaxent.src.interfaces.topology.core.Partial_Topology.__init__() parameter residues=[np.int64(34)] violates type hint list[int], as list index 0 item <class "numpy.int64"> np.int64(34) not instance of int.

jaxent/tests/integration/datasplitting/test_datasplitting_featuretopology.py: 4 warnings
jaxent/tests/integration/datasplitting/test_datasplitting_synthetic.py: 6 warnings
jaxent/tests/integration/featurise/test_run_featuise_save_methods.py: 2 warnings
jaxent/tests/integration/featurise/test_run_featuise_savez.py: 1 warning
jaxent/tests/integration/featurise/test_run_featurise.py: 2 warnings
jaxent/tests/integration/model/test_quick_forward_predict.py: 6 warnings
jaxent/tests/integration/optimise/test_module_optimise_SAVE.py: 4 warnings
  <@beartype(jaxent.src.interfaces.topology.factory.TopologyFactory.from_single) at 0x1291a3c40>:57: UserWarning: Function jaxent.src.interfaces.topology.factory.TopologyFactory.from_single() parameter residue=np.int64(35) violates type hint <class 'int'>, as <class "numpy.int64"> np.int64(35) not instance of int.

jaxent/tests/integration/datasplitting/test_datasplitting_featuretopology.py: 4 warnings
jaxent/tests/integration/datasplitting/test_datasplitting_synthetic.py: 6 warnings
jaxent/tests/integration/featurise/test_run_featuise_save_methods.py: 2 warnings
jaxent/tests/integration/featurise/test_run_featuise_savez.py: 1 warning
jaxent/tests/integration/featurise/test_run_featurise.py: 2 warnings
jaxent/tests/integration/model/test_quick_forward_predict.py: 6 warnings
jaxent/tests/integration/optimise/test_module_optimise_SAVE.py: 4 warnings
  <@beartype(jaxent.src.interfaces.topology.core.Partial_Topology.__init__) at 0x1291a1c60>:64: UserWarning: Method jaxent.src.interfaces.topology.core.Partial_Topology.__init__() parameter residues=[np.int64(35)] violates type hint list[int], as list index 0 item <class "numpy.int64"> np.int64(35) not instance of int.

jaxent/tests/integration/datasplitting/test_datasplitting_featuretopology.py: 4 warnings
jaxent/tests/integration/datasplitting/test_datasplitting_synthetic.py: 6 warnings
jaxent/tests/integration/featurise/test_run_featuise_save_methods.py: 2 warnings
jaxent/tests/integration/featurise/test_run_featuise_savez.py: 1 warning
jaxent/tests/integration/featurise/test_run_featurise.py: 2 warnings
jaxent/tests/integration/model/test_quick_forward_predict.py: 6 warnings
jaxent/tests/integration/optimise/test_module_optimise_SAVE.py: 4 warnings
  <@beartype(jaxent.src.interfaces.topology.factory.TopologyFactory.from_single) at 0x1291a3c40>:57: UserWarning: Function jaxent.src.interfaces.topology.factory.TopologyFactory.from_single() parameter residue=np.int64(36) violates type hint <class 'int'>, as <class "numpy.int64"> np.int64(36) not instance of int.

jaxent/tests/integration/datasplitting/test_datasplitting_featuretopology.py: 4 warnings
jaxent/tests/integration/datasplitting/test_datasplitting_synthetic.py: 6 warnings
jaxent/tests/integration/featurise/test_run_featuise_save_methods.py: 2 warnings
jaxent/tests/integration/featurise/test_run_featuise_savez.py: 1 warning
jaxent/tests/integration/featurise/test_run_featurise.py: 2 warnings
jaxent/tests/integration/model/test_quick_forward_predict.py: 6 warnings
jaxent/tests/integration/optimise/test_module_optimise_SAVE.py: 4 warnings
  <@beartype(jaxent.src.interfaces.topology.core.Partial_Topology.__init__) at 0x1291a1c60>:64: UserWarning: Method jaxent.src.interfaces.topology.core.Partial_Topology.__init__() parameter residues=[np.int64(36)] violates type hint list[int], as list index 0 item <class "numpy.int64"> np.int64(36) not instance of int.

jaxent/tests/integration/datasplitting/test_datasplitting_featuretopology.py: 4 warnings
jaxent/tests/integration/datasplitting/test_datasplitting_synthetic.py: 6 warnings
jaxent/tests/integration/featurise/test_run_featuise_save_methods.py: 2 warnings
jaxent/tests/integration/featurise/test_run_featuise_savez.py: 1 warning
jaxent/tests/integration/featurise/test_run_featurise.py: 2 warnings
jaxent/tests/integration/model/test_quick_forward_predict.py: 6 warnings
jaxent/tests/integration/optimise/test_module_optimise_SAVE.py: 4 warnings
  <@beartype(jaxent.src.interfaces.topology.factory.TopologyFactory.from_single) at 0x1291a3c40>:57: UserWarning: Function jaxent.src.interfaces.topology.factory.TopologyFactory.from_single() parameter residue=np.int64(37) violates type hint <class 'int'>, as <class "numpy.int64"> np.int64(37) not instance of int.

jaxent/tests/integration/datasplitting/test_datasplitting_featuretopology.py: 4 warnings
jaxent/tests/integration/datasplitting/test_datasplitting_synthetic.py: 6 warnings
jaxent/tests/integration/featurise/test_run_featuise_save_methods.py: 2 warnings
jaxent/tests/integration/featurise/test_run_featuise_savez.py: 1 warning
jaxent/tests/integration/featurise/test_run_featurise.py: 2 warnings
jaxent/tests/integration/model/test_quick_forward_predict.py: 6 warnings
jaxent/tests/integration/optimise/test_module_optimise_SAVE.py: 4 warnings
  <@beartype(jaxent.src.interfaces.topology.core.Partial_Topology.__init__) at 0x1291a1c60>:64: UserWarning: Method jaxent.src.interfaces.topology.core.Partial_Topology.__init__() parameter residues=[np.int64(37)] violates type hint list[int], as list index 0 item <class "numpy.int64"> np.int64(37) not instance of int.

jaxent/tests/integration/datasplitting/test_datasplitting_featuretopology.py: 4 warnings
jaxent/tests/integration/datasplitting/test_datasplitting_synthetic.py: 6 warnings
jaxent/tests/integration/featurise/test_run_featuise_save_methods.py: 2 warnings
jaxent/tests/integration/featurise/test_run_featuise_savez.py: 1 warning
jaxent/tests/integration/featurise/test_run_featurise.py: 2 warnings
jaxent/tests/integration/model/test_quick_forward_predict.py: 6 warnings
jaxent/tests/integration/optimise/test_module_optimise_SAVE.py: 4 warnings
  <@beartype(jaxent.src.interfaces.topology.factory.TopologyFactory.from_single) at 0x1291a3c40>:57: UserWarning: Function jaxent.src.interfaces.topology.factory.TopologyFactory.from_single() parameter residue=np.int64(38) violates type hint <class 'int'>, as <class "numpy.int64"> np.int64(38) not instance of int.

jaxent/tests/integration/datasplitting/test_datasplitting_featuretopology.py: 4 warnings
jaxent/tests/integration/datasplitting/test_datasplitting_synthetic.py: 6 warnings
jaxent/tests/integration/featurise/test_run_featuise_save_methods.py: 2 warnings
jaxent/tests/integration/featurise/test_run_featuise_savez.py: 1 warning
jaxent/tests/integration/featurise/test_run_featurise.py: 2 warnings
jaxent/tests/integration/model/test_quick_forward_predict.py: 6 warnings
jaxent/tests/integration/optimise/test_module_optimise_SAVE.py: 4 warnings
  <@beartype(jaxent.src.interfaces.topology.core.Partial_Topology.__init__) at 0x1291a1c60>:64: UserWarning: Method jaxent.src.interfaces.topology.core.Partial_Topology.__init__() parameter residues=[np.int64(38)] violates type hint list[int], as list index 0 item <class "numpy.int64"> np.int64(38) not instance of int.

jaxent/tests/integration/datasplitting/test_datasplitting_featuretopology.py: 4 warnings
jaxent/tests/integration/datasplitting/test_datasplitting_synthetic.py: 6 warnings
jaxent/tests/integration/featurise/test_run_featuise_save_methods.py: 2 warnings
jaxent/tests/integration/featurise/test_run_featuise_savez.py: 1 warning
jaxent/tests/integration/featurise/test_run_featurise.py: 2 warnings
jaxent/tests/integration/model/test_quick_forward_predict.py: 6 warnings
jaxent/tests/integration/optimise/test_module_optimise_SAVE.py: 4 warnings
  <@beartype(jaxent.src.interfaces.topology.factory.TopologyFactory.from_single) at 0x1291a3c40>:57: UserWarning: Function jaxent.src.interfaces.topology.factory.TopologyFactory.from_single() parameter residue=np.int64(39) violates type hint <class 'int'>, as <class "numpy.int64"> np.int64(39) not instance of int.

jaxent/tests/integration/datasplitting/test_datasplitting_featuretopology.py: 4 warnings
jaxent/tests/integration/datasplitting/test_datasplitting_synthetic.py: 6 warnings
jaxent/tests/integration/featurise/test_run_featuise_save_methods.py: 2 warnings
jaxent/tests/integration/featurise/test_run_featuise_savez.py: 1 warning
jaxent/tests/integration/featurise/test_run_featurise.py: 2 warnings
jaxent/tests/integration/model/test_quick_forward_predict.py: 6 warnings
jaxent/tests/integration/optimise/test_module_optimise_SAVE.py: 4 warnings
  <@beartype(jaxent.src.interfaces.topology.core.Partial_Topology.__init__) at 0x1291a1c60>:64: UserWarning: Method jaxent.src.interfaces.topology.core.Partial_Topology.__init__() parameter residues=[np.int64(39)] violates type hint list[int], as list index 0 item <class "numpy.int64"> np.int64(39) not instance of int.

jaxent/tests/integration/datasplitting/test_datasplitting_featuretopology.py: 4 warnings
jaxent/tests/integration/datasplitting/test_datasplitting_synthetic.py: 6 warnings
jaxent/tests/integration/featurise/test_run_featuise_save_methods.py: 2 warnings
jaxent/tests/integration/featurise/test_run_featuise_savez.py: 1 warning
jaxent/tests/integration/featurise/test_run_featurise.py: 2 warnings
jaxent/tests/integration/model/test_quick_forward_predict.py: 6 warnings
jaxent/tests/integration/optimise/test_module_optimise_SAVE.py: 4 warnings
  <@beartype(jaxent.src.interfaces.topology.factory.TopologyFactory.from_single) at 0x1291a3c40>:57: UserWarning: Function jaxent.src.interfaces.topology.factory.TopologyFactory.from_single() parameter residue=np.int64(40) violates type hint <class 'int'>, as <class "numpy.int64"> np.int64(40) not instance of int.

jaxent/tests/integration/datasplitting/test_datasplitting_featuretopology.py: 4 warnings
jaxent/tests/integration/datasplitting/test_datasplitting_synthetic.py: 6 warnings
jaxent/tests/integration/featurise/test_run_featuise_save_methods.py: 2 warnings
jaxent/tests/integration/featurise/test_run_featuise_savez.py: 1 warning
jaxent/tests/integration/featurise/test_run_featurise.py: 2 warnings
jaxent/tests/integration/model/test_quick_forward_predict.py: 6 warnings
jaxent/tests/integration/optimise/test_module_optimise_SAVE.py: 4 warnings
  <@beartype(jaxent.src.interfaces.topology.core.Partial_Topology.__init__) at 0x1291a1c60>:64: UserWarning: Method jaxent.src.interfaces.topology.core.Partial_Topology.__init__() parameter residues=[np.int64(40)] violates type hint list[int], as list index 0 item <class "numpy.int64"> np.int64(40) not instance of int.

jaxent/tests/integration/datasplitting/test_datasplitting_featuretopology.py: 4 warnings
jaxent/tests/integration/datasplitting/test_datasplitting_synthetic.py: 6 warnings
jaxent/tests/integration/featurise/test_run_featuise_save_methods.py: 2 warnings
jaxent/tests/integration/featurise/test_run_featuise_savez.py: 1 warning
jaxent/tests/integration/featurise/test_run_featurise.py: 2 warnings
jaxent/tests/integration/model/test_quick_forward_predict.py: 6 warnings
jaxent/tests/integration/optimise/test_module_optimise_SAVE.py: 4 warnings
  <@beartype(jaxent.src.interfaces.topology.factory.TopologyFactory.from_single) at 0x1291a3c40>:57: UserWarning: Function jaxent.src.interfaces.topology.factory.TopologyFactory.from_single() parameter residue=np.int64(41) violates type hint <class 'int'>, as <class "numpy.int64"> np.int64(41) not instance of int.

jaxent/tests/integration/datasplitting/test_datasplitting_featuretopology.py: 4 warnings
jaxent/tests/integration/datasplitting/test_datasplitting_synthetic.py: 6 warnings
jaxent/tests/integration/featurise/test_run_featuise_save_methods.py: 2 warnings
jaxent/tests/integration/featurise/test_run_featuise_savez.py: 1 warning
jaxent/tests/integration/featurise/test_run_featurise.py: 2 warnings
jaxent/tests/integration/model/test_quick_forward_predict.py: 6 warnings
jaxent/tests/integration/optimise/test_module_optimise_SAVE.py: 4 warnings
  <@beartype(jaxent.src.interfaces.topology.core.Partial_Topology.__init__) at 0x1291a1c60>:64: UserWarning: Method jaxent.src.interfaces.topology.core.Partial_Topology.__init__() parameter residues=[np.int64(41)] violates type hint list[int], as list index 0 item <class "numpy.int64"> np.int64(41) not instance of int.

jaxent/tests/integration/datasplitting/test_datasplitting_featuretopology.py: 4 warnings
jaxent/tests/integration/datasplitting/test_datasplitting_synthetic.py: 6 warnings
jaxent/tests/integration/featurise/test_run_featuise_save_methods.py: 2 warnings
jaxent/tests/integration/featurise/test_run_featuise_savez.py: 1 warning
jaxent/tests/integration/featurise/test_run_featurise.py: 2 warnings
jaxent/tests/integration/model/test_quick_forward_predict.py: 6 warnings
[...]

jaxent/tests/integration/optimise/test_module_optimise_SAVE.py: 52 warnings
  <@beartype(jaxent.src.interfaces.simulation.Simulation_Parameters.__init__) at 0x12a69d300>:116: UserWarning: Method jaxent.src.interfaces.simulation.Simulation_Parameters.__init__() parameter normalise_loss_functions=True violates type hint <class 'jax.Array'>, as bool True not instance of <class "jax.Array">.

jaxent/tests/integration/optimise/test_module_optimise_SAVE.py: 52 warnings
  <@beartype(jaxent.src.interfaces.simulation.Simulation_Parameters.__init__) at 0x12a69d300>:134: UserWarning: Method jaxent.src.interfaces.simulation.Simulation_Parameters.__init__() parameter forward_model_scaling=True violates type hint <class 'jax.Array'>, as bool True not instance of <class "jax.Array">.

jaxent/tests/integration/optimise/test_module_optimise_SAVE.py: 50 warnings
  /Users/alexi/JAX-ENT/jaxent/src/opt/optimiser.py:434: DeprecationWarning: jax.tree_map is deprecated: use jax.tree.map (jax v0.4.25 or newer) or jax.tree_util.tree_map (any JAX version).
    masked_frame_weights = jax.tree_map(

jaxent/tests/integration/optimise/test_module_optimise_SAVE.py: 50 warnings
  /Users/alexi/JAX-ENT/jaxent/src/opt/optimiser.py:439: DeprecationWarning: jax.tree_map is deprecated: use jax.tree.map (jax v0.4.25 or newer) or jax.tree_util.tree_map (any JAX version).
    masked_frame_mask = jax.tree_map(lambda g, m: g * m, grads.frame_mask, masks.frame_mask)

jaxent/tests/integration/optimise/test_module_optimise_SAVE.py: 50 warnings
  /Users/alexi/JAX-ENT/jaxent/src/opt/optimiser.py:445: DeprecationWarning: jax.tree_map is deprecated: use jax.tree.map (jax v0.4.25 or newer) or jax.tree_util.tree_map (any JAX version).
    masked_param = jax.tree_map(lambda g, m: g * m, grad_param, mask_param)

jaxent/tests/integration/optimise/test_module_optimise_SAVE.py::test_quick_optimiser
  <@beartype(namedtuple_OptimizationState.OptimizationState.__new__) at 0x12c213d80>:50: UserWarning: Function namedtuple_OptimizationState.OptimizationState.__new__() parameter step=np.int64(1) violates type hint <class 'int'>, as <class "numpy.int64"> np.int64(1) not instance of int.

jaxent/tests/integration/optimise/test_module_optimise_SAVE.py::test_quick_optimiser
  <@beartype(namedtuple_OptimizationState.OptimizationState.__new__) at 0x12c213d80>:50: UserWarning: Function namedtuple_OptimizationState.OptimizationState.__new__() parameter step=np.int64(2) violates type hint <class 'int'>, as <class "numpy.int64"> np.int64(2) not instance of int.

jaxent/tests/integration/optimise/test_module_optimise_SAVE.py::test_quick_optimiser
  <@beartype(namedtuple_OptimizationState.OptimizationState.__new__) at 0x12c213d80>:50: UserWarning: Function namedtuple_OptimizationState.OptimizationState.__new__() parameter step=np.int64(3) violates type hint <class 'int'>, as <class "numpy.int64"> np.int64(3) not instance of int.

jaxent/tests/integration/optimise/test_module_optimise_SAVE.py::test_quick_optimiser
  <@beartype(namedtuple_OptimizationState.OptimizationState.__new__) at 0x12c213d80>:50: UserWarning: Function namedtuple_OptimizationState.OptimizationState.__new__() parameter step=np.int64(4) violates type hint <class 'int'>, as <class "numpy.int64"> np.int64(4) not instance of int.

jaxent/tests/integration/optimise/test_module_optimise_SAVE.py::test_quick_optimiser
  <@beartype(namedtuple_OptimizationState.OptimizationState.__new__) at 0x12c213d80>:50: UserWarning: Function namedtuple_OptimizationState.OptimizationState.__new__() parameter step=np.int64(5) violates type hint <class 'int'>, as <class "numpy.int64"> np.int64(5) not instance of int.

jaxent/tests/integration/optimise/test_module_optimise_SAVE.py::test_quick_optimiser
  <@beartype(namedtuple_OptimizationState.OptimizationState.__new__) at 0x12c213d80>:50: UserWarning: Function namedtuple_OptimizationState.OptimizationState.__new__() parameter step=np.int64(6) violates type hint <class 'int'>, as <class "numpy.int64"> np.int64(6) not instance of int.

jaxent/tests/integration/optimise/test_module_optimise_SAVE.py::test_quick_optimiser
  <@beartype(namedtuple_OptimizationState.OptimizationState.__new__) at 0x12c213d80>:50: UserWarning: Function namedtuple_OptimizationState.OptimizationState.__new__() parameter step=np.int64(7) violates type hint <class 'int'>, as <class "numpy.int64"> np.int64(7) not instance of int.

jaxent/tests/integration/optimise/test_module_optimise_SAVE.py::test_quick_optimiser
  <@beartype(namedtuple_OptimizationState.OptimizationState.__new__) at 0x12c213d80>:50: UserWarning: Function namedtuple_OptimizationState.OptimizationState.__new__() parameter step=np.int64(8) violates type hint <class 'int'>, as <class "numpy.int64"> np.int64(8) not instance of int.

jaxent/tests/integration/optimise/test_module_optimise_SAVE.py::test_quick_optimiser
  <@beartype(namedtuple_OptimizationState.OptimizationState.__new__) at 0x12c213d80>:50: UserWarning: Function namedtuple_OptimizationState.OptimizationState.__new__() parameter step=np.int64(9) violates type hint <class 'int'>, as <class "numpy.int64"> np.int64(9) not instance of int.

jaxent/tests/integration/optimise/test_module_optimise_SAVE.py::test_quick_optimiser
  <@beartype(namedtuple_OptimizationState.OptimizationState.__new__) at 0x12c213d80>:50: UserWarning: Function namedtuple_OptimizationState.OptimizationState.__new__() parameter step=np.int64(10) violates type hint <class 'int'>, as <class "numpy.int64"> np.int64(10) not instance of int.

jaxent/tests/integration/optimise/test_module_optimise_SAVE.py::test_quick_optimiser
  <@beartype(namedtuple_OptimizationState.OptimizationState.__new__) at 0x12c213d80>:50: UserWarning: Function namedtuple_OptimizationState.OptimizationState.__new__() parameter step=np.int64(11) violates type hint <class 'int'>, as <class "numpy.int64"> np.int64(11) not instance of int.

jaxent/tests/integration/optimise/test_module_optimise_SAVE.py::test_quick_optimiser
  <@beartype(namedtuple_OptimizationState.OptimizationState.__new__) at 0x12c213d80>:50: UserWarning: Function namedtuple_OptimizationState.OptimizationState.__new__() parameter step=np.int64(12) violates type hint <class 'int'>, as <class "numpy.int64"> np.int64(12) not instance of int.

jaxent/tests/integration/optimise/test_module_optimise_SAVE.py::test_quick_optimiser
  <@beartype(namedtuple_OptimizationState.OptimizationState.__new__) at 0x12c213d80>:50: UserWarning: Function namedtuple_OptimizationState.OptimizationState.__new__() parameter step=np.int64(13) violates type hint <class 'int'>, as <class "numpy.int64"> np.int64(13) not instance of int.

jaxent/tests/integration/optimise/test_module_optimise_SAVE.py::test_quick_optimiser
  <@beartype(namedtuple_OptimizationState.OptimizationState.__new__) at 0x12c213d80>:50: UserWarning: Function namedtuple_OptimizationState.OptimizationState.__new__() parameter step=np.int64(14) violates type hint <class 'int'>, as <class "numpy.int64"> np.int64(14) not instance of int.

jaxent/tests/integration/optimise/test_module_optimise_SAVE.py::test_quick_optimiser
  <@beartype(namedtuple_OptimizationState.OptimizationState.__new__) at 0x12c213d80>:50: UserWarning: Function namedtuple_OptimizationState.OptimizationState.__new__() parameter step=np.int64(15) violates type hint <class 'int'>, as <class "numpy.int64"> np.int64(15) not instance of int.

jaxent/tests/integration/optimise/test_module_optimise_SAVE.py::test_quick_optimiser
  <@beartype(namedtuple_OptimizationState.OptimizationState.__new__) at 0x12c213d80>:50: UserWarning: Function namedtuple_OptimizationState.OptimizationState.__new__() parameter step=np.int64(16) violates type hint <class 'int'>, as <class "numpy.int64"> np.int64(16) not instance of int.

jaxent/tests/integration/optimise/test_module_optimise_SAVE.py::test_quick_optimiser
  <@beartype(namedtuple_OptimizationState.OptimizationState.__new__) at 0x12c213d80>:50: UserWarning: Function namedtuple_OptimizationState.OptimizationState.__new__() parameter step=np.int64(17) violates type hint <class 'int'>, as <class "numpy.int64"> np.int64(17) not instance of int.

jaxent/tests/integration/optimise/test_module_optimise_SAVE.py::test_quick_optimiser
  <@beartype(namedtuple_OptimizationState.OptimizationState.__new__) at 0x12c213d80>:50: UserWarning: Function namedtuple_OptimizationState.OptimizationState.__new__() parameter step=np.int64(18) violates type hint <class 'int'>, as <class "numpy.int64"> np.int64(18) not instance of int.

jaxent/tests/integration/optimise/test_module_optimise_SAVE.py::test_quick_optimiser
  <@beartype(namedtuple_OptimizationState.OptimizationState.__new__) at 0x12c213d80>:50: UserWarning: Function namedtuple_OptimizationState.OptimizationState.__new__() parameter step=np.int64(19) violates type hint <class 'int'>, as <class "numpy.int64"> np.int64(19) not instance of int.

jaxent/tests/integration/optimise/test_module_optimise_SAVE.py::test_quick_optimiser
  <@beartype(namedtuple_OptimizationState.OptimizationState.__new__) at 0x12c213d80>:50: UserWarning: Function namedtuple_OptimizationState.OptimizationState.__new__() parameter step=np.int64(20) violates type hint <class 'int'>, as <class "numpy.int64"> np.int64(20) not instance of int.

jaxent/tests/integration/optimise/test_module_optimise_SAVE.py::test_quick_optimiser
  <@beartype(namedtuple_OptimizationState.OptimizationState.__new__) at 0x12c213d80>:50: UserWarning: Function namedtuple_OptimizationState.OptimizationState.__new__() parameter step=np.int64(21) violates type hint <class 'int'>, as <class "numpy.int64"> np.int64(21) not instance of int.

jaxent/tests/integration/optimise/test_module_optimise_SAVE.py::test_quick_optimiser
  <@beartype(namedtuple_OptimizationState.OptimizationState.__new__) at 0x12c213d80>:50: UserWarning: Function namedtuple_OptimizationState.OptimizationState.__new__() parameter step=np.int64(22) violates type hint <class 'int'>, as <class "numpy.int64"> np.int64(22) not instance of int.

jaxent/tests/integration/optimise/test_module_optimise_SAVE.py::test_quick_optimiser
  <@beartype(namedtuple_OptimizationState.OptimizationState.__new__) at 0x12c213d80>:50: UserWarning: Function namedtuple_OptimizationState.OptimizationState.__new__() parameter step=np.int64(23) violates type hint <class 'int'>, as <class "numpy.int64"> np.int64(23) not instance of int.

jaxent/tests/integration/optimise/test_module_optimise_SAVE.py::test_quick_optimiser
  <@beartype(namedtuple_OptimizationState.OptimizationState.__new__) at 0x12c213d80>:50: UserWarning: Function namedtuple_OptimizationState.OptimizationState.__new__() parameter step=np.int64(24) violates type hint <class 'int'>, as <class "numpy.int64"> np.int64(24) not instance of int.

jaxent/tests/integration/optimise/test_module_optimise_SAVE.py::test_quick_optimiser
  <@beartype(namedtuple_OptimizationState.OptimizationState.__new__) at 0x12c213d80>:50: UserWarning: Function namedtuple_OptimizationState.OptimizationState.__new__() parameter step=np.int64(25) violates type hint <class 'int'>, as <class "numpy.int64"> np.int64(25) not instance of int.

jaxent/tests/integration/optimise/test_module_optimise_SAVE.py::test_underscore_optimiser
  <@beartype(jaxent.src.interfaces.topology.core.Partial_Topology.__init__) at 0x1291a1c60>:64: UserWarning: Method jaxent.src.interfaces.topology.core.Partial_Topology.__init__() parameter residues=[np.int64(3), np.int64(4), np.int64(5), np.int64(6), np.int64(7), np.int64(10), np.int64(11...)] violates type hint list[int], as list index 2 item <class "numpy.int64"> np.int64(5) not instance of int.

jaxent/tests/integration/optimise/test_module_optimise_SAVE.py::test_underscore_optimiser
  <@beartype(jaxent.src.interfaces.topology.factory.TopologyFactory.from_residues) at 0x1291a3ba0>:64: UserWarning: Function jaxent.src.interfaces.topology.factory.TopologyFactory.from_residues() parameter residues=[np.int64(3), np.int64(4), np.int64(5), np.int64(6), np.int64(7), np.int64(10), np.int64(11...)] violates type hint list[int], as list index 41 item <class "numpy.int64"> np.int64(47) not instance of int.

jaxent/tests/integration/optimise/test_module_optimise_SAVE.py::test_underscore_optimiser
  <@beartype(jaxent.src.interfaces.topology.factory.TopologyFactory.from_residues) at 0x1291a3ba0>:64: UserWarning: Function jaxent.src.interfaces.topology.factory.TopologyFactory.from_residues() parameter residues=[np.int64(1), np.int64(2), np.int64(3), np.int64(4), np.int64(5), np.int64(6), np.int64(7),...)] violates type hint list[int], as list index 12 item <class "numpy.int64"> np.int64(13) not instance of int.

jaxent/tests/integration/optimise/test_module_optimise_SAVE.py::test_underscore_optimiser
  <@beartype(jaxent.src.interfaces.topology.core.Partial_Topology.__init__) at 0x1291a1c60>:64: UserWarning: Method jaxent.src.interfaces.topology.core.Partial_Topology.__init__() parameter residues=[np.int64(1), np.int64(2), np.int64(3), np.int64(4), np.int64(5), np.int64(6), np.int64(7),...)] violates type hint list[int], as list index 52 item <class "numpy.int64"> np.int64(53) not instance of int.

jaxent/tests/integration/optimise/test_module_optimise_SAVE.py::test_underscore_optimiser
  <@beartype(jaxent.src.interfaces.topology.core.Partial_Topology._get_active_residues) at 0x1291a13a0>:56: UserWarning: Method jaxent.src.interfaces.topology.core.Partial_Topology._get_active_residues() return [np.int64(1), np.int64(2), np.int64(3), np.int64(4), np.int64(5), np.int64(6), np.int64(7),...)] violates type hint list[int], as list index 43 item <class "numpy.int64"> np.int64(44) not instance of int.

jaxent/tests/integration/optimise/test_module_optimise_SAVE.py::test_underscore_optimiser
  <@beartype(jaxent.src.interfaces.topology.mda_adapter.mda_TopologyAdapter._build_residue_selection_string) at 0x1291d6020>:59: UserWarning: Function jaxent.src.interfaces.topology.mda_adapter.mda_TopologyAdapter._build_residue_selection_string() parameter resids=[np.int64(6), np.int64(12), np.int64(26), np.int64(7), np.int64(32), np.int64(38), np.int64...)] violates type hint list[int], as list index 37 item <class "numpy.int64"> np.int64(46) not instance of int.

jaxent/tests/integration/optimise/test_module_optimise_SAVE.py::test_underscore_optimiser
  <@beartype(jaxent.src.interfaces.topology.factory.TopologyFactory.from_residues) at 0x1291a3ba0>:64: UserWarning: Function jaxent.src.interfaces.topology.factory.TopologyFactory.from_residues() parameter residues=[np.int64(1), np.int64(2), np.int64(3), np.int64(4), np.int64(5), np.int64(8), np.int64(9),...)] violates type hint list[int], as list index 20 item <class "numpy.int64"> np.int64(24) not instance of int.

jaxent/tests/integration/optimise/test_module_optimise_SAVE.py::test_underscore_optimiser
  <@beartype(jaxent.src.interfaces.topology.core.Partial_Topology.__init__) at 0x1291a1c60>:64: UserWarning: Method jaxent.src.interfaces.topology.core.Partial_Topology.__init__() parameter residues=[np.int64(1), np.int64(2), np.int64(3), np.int64(4), np.int64(5), np.int64(8), np.int64(9),...)] violates type hint list[int], as list index 32 item <class "numpy.int64"> np.int64(36) not instance of int.

jaxent/tests/integration/optimise/test_module_optimise_SAVE.py::test_underscore_optimiser
  <@beartype(jaxent.src.interfaces.topology.core.Partial_Topology._get_active_residues) at 0x1291a13a0>:56: UserWarning: Method jaxent.src.interfaces.topology.core.Partial_Topology._get_active_residues() return [np.int64(1), np.int64(2), np.int64(3), np.int64(4), np.int64(5), np.int64(8), np.int64(9),...)] violates type hint list[int], as list index 33 item <class "numpy.int64"> np.int64(37) not instance of int.

jaxent/tests/integration/optimise/test_module_optimise_SAVE.py::test_underscore_optimiser
  <@beartype(jaxent.src.interfaces.topology.factory.TopologyFactory.from_residues) at 0x1291a3ba0>:64: UserWarning: Function jaxent.src.interfaces.topology.factory.TopologyFactory.from_residues() parameter residues=[np.int64(1), np.int64(2), np.int64(3), np.int64(4), np.int64(5), np.int64(8), np.int64(9),...)] violates type hint list[int], as list index 16 item <class "numpy.int64"> np.int64(20) not instance of int.

jaxent/tests/integration/optimise/test_module_optimise_SAVE.py::test_underscore_optimiser
  <@beartype(jaxent.src.interfaces.topology.core.Partial_Topology.__init__) at 0x1291a1c60>:64: UserWarning: Method jaxent.src.interfaces.topology.core.Partial_Topology.__init__() parameter residues=[np.int64(1), np.int64(2), np.int64(3), np.int64(4), np.int64(5), np.int64(8), np.int64(9),...)] violates type hint list[int], as list index 2 item <class "numpy.int64"> np.int64(3) not instance of int.

jaxent/tests/integration/optimise/test_module_optimise_SAVE.py::test_underscore_optimiser
  <@beartype(jaxent.src.interfaces.topology.factory.TopologyFactory.from_residues) at 0x1291a3ba0>:64: UserWarning: Function jaxent.src.interfaces.topology.factory.TopologyFactory.from_residues() parameter residues=[np.int64(1), np.int64(2), np.int64(3), np.int64(4), np.int64(5), np.int64(6), np.int64(7),...)] violates type hint list[int], as list index 6 item <class "numpy.int64"> np.int64(7) not instance of int.

jaxent/tests/integration/optimise/test_module_optimise_SAVE.py::test_underscore_optimiser
  <@beartype(jaxent.src.interfaces.topology.core.Partial_Topology.__init__) at 0x1291a1c60>:64: UserWarning: Method jaxent.src.interfaces.topology.core.Partial_Topology.__init__() parameter residues=[np.int64(1), np.int64(2), np.int64(3), np.int64(4), np.int64(5), np.int64(6), np.int64(7),...)] violates type hint list[int], as list index 0 item <class "numpy.int64"> np.int64(1) not instance of int.

jaxent/tests/integration/optimise/test_module_optimise_SAVE.py::test_underscore_optimiser
  <@beartype(jaxent.src.interfaces.topology.core.Partial_Topology._get_active_residues) at 0x1291a13a0>:56: UserWarning: Method jaxent.src.interfaces.topology.core.Partial_Topology._get_active_residues() return [np.int64(1), np.int64(2), np.int64(3), np.int64(4), np.int64(5), np.int64(6), np.int64(7),...)] violates type hint list[int], as list index 51 item <class "numpy.int64"> np.int64(52) not instance of int.

jaxent/tests/integration/optimise/test_module_optimise_SAVE.py::test_underscore_optimiser
  <@beartype(jaxent.src.interfaces.topology.factory.TopologyFactory.from_residues) at 0x1291a3ba0>:64: UserWarning: Function jaxent.src.interfaces.topology.factory.TopologyFactory.from_residues() parameter residues=[np.int64(6), np.int64(7), np.int64(11), np.int64(56), np.int64(57), np.int64(58)] violates type hint list[int], as list index 5 item <class "numpy.int64"> np.int64(58) not instance of int.

-- Docs: https://docs.pytest.org/en/stable/how-to/capture-warnings.html
=========================== short test summary info ============================
FAILED jaxent/tests/cli/test_cli_efficient_k_cluster.py::test_efficient_k_cluster_cli
FAILED jaxent/tests/cli/test_cli_featurise.py::test_featurise_cli_bv_model - ...
FAILED jaxent/tests/cli/test_cli_predict.py::test_cli_predict_bv_model - File...
FAILED jaxent/tests/cli/test_cli_predict.py::test_cli_predict_bv_model_uptake
ERROR jaxent/tests/cli/test_cli_forward.py::test_cli_forward_bv_model - FileN...
ERROR jaxent/tests/cli/test_cli_forward.py::test_cli_forward_bv_model_uptake
ERROR jaxent/tests/cli/test_cli_forward.py::test_cli_forward_multiple_simulations
!!!!!!!!!!!!!!!!!!!!!!!!!!!!!! KeyboardInterrupt !!!!!!!!!!!!!!!!!!!!!!!!!!!!!!!
/Users/alexi/JAX-ENT/.venv/lib/python3.13/site-packages/jax/_src/util.py:316: KeyboardInterrupt
(to show a full traceback on KeyboardInterrupt use --full-trace)
=========== 4 failed, 29 passed, 13908 warnings, 3 errors in 37.90s ============
