============================= test session starts ==============================
platform darwin -- Python 3.13.2, pytest-8.3.4, pluggy-1.5.0
rootdir: /Users/alexi/JAX-ENT
configfile: pyproject.toml
plugins: jaxtyping-0.2.37
collected 119 items

jaxent/tests/modules/topology/test_topology_from_mda_mock.py ........... [  9%]
...............F........F....F......F......FFFFFFFF....FF.....FF         [ 63%]
jaxent/tests/modules/models/HDX/BV/test_forwardmodel.py .....FFFFFFs..FF [ 76%]
FFFFF.FF                                                                 [ 83%]
jaxent/tests/modules/featurise/test_featurise.py EEEEEEEEEEEEEEEEEEFF    [100%]

==================================== ERRORS ====================================
_ ERROR at setup of TestRunFeaturise.test_run_featurise_single_universe_single_model _

self = <jaxent.tests.modules.featurise.test_featurise.TestRunFeaturise object at 0x118a43250>

    def setup_method(self):
        """Set up test fixtures before each test method."""
        # Disable icecream for cleaner test output
        try:
            from icecream import ic
    
            ic.disable()
        except ImportError:
            pass
    
        # Create test configurations
        self.bv_config = BV_model_Config()
        self.featuriser_settings = FeaturiserSettings(name="BV_test", batch_size=None)
    
        # Create comprehensive test sequences
        self.small_sequence = ["MET", "ALA", "GLY", "SER", "VAL"]
        self.medium_sequence = [
            "MET",
            "ALA",
            "GLY",
            "SER",
            "VAL",
            "LEU",
            "ILE",
            "PHE",
            "TYR",
            "TRP",
            "ASP",
            "GLU",
            "LYS",
            "ARG",
            "HIS",
            "ASN",
            "GLN",
            "CYS",
            "THR",
            "PRO",
        ]
        self.pro_sequence = ["ALA", "PRO", "GLY", "PRO", "SER"]
    
        # Create test universes
        self.small_universe = create_test_universe(self.small_sequence, n_frames=2)
        self.medium_universe = create_test_universe(self.medium_sequence, n_frames=3)
        self.pro_universe = create_test_universe(self.pro_sequence, n_frames=1)
    
        # Create test models - each model should be initialized for its specific use case
        self.single_model = [BV_model(self.bv_config)]
        self.multiple_models = [BV_model(BV_model_Config()), BV_model(BV_model_Config())]
    
        # Initialize models with appropriate universes for single universe tests
>       self.single_model[0].initialise([self.small_universe])

jaxent/tests/modules/featurise/test_featurise.py:128: 
_ _ _ _ _ _ _ _ _ _ _ _ _ _ _ _ _ _ _ _ _ _ _ _ _ _ _ _ _ _ _ _ _ _ _ _ _ _ _ _ 
<@beartype(jaxent.src.models.HDX.BV.forwardmodel.BV_model.initialise) at 0x118b25260>:102: in initialise
    ???
jaxent/src/models/HDX/BV/forwardmodel.py:153: in initialise
    k_ints_res_dict = calculate_HDXrate(
_ _ _ _ _ _ _ _ _ _ _ _ _ _ _ _ _ _ _ _ _ _ _ _ _ _ _ _ _ _ _ _ _ _ _ _ _ _ _ _ 

__beartype_object_52278294544 = <class 'MDAnalysis.core.groups.ResidueGroup'>
__beartype_get_violation = <function get_func_pith_violation at 0x111f64540>
__beartype_conf = BeartypeConf(warning_cls_on_decorator_exception=<class 'beartype.roar._roarwarn.BeartypeClawDecorWarning'>)
__beartype_object_52278331408 = <class 'MDAnalysis.core.groups.Residue'>
__beartype_check_meta = <beartype._check.metadata.metacheck.BeartypeCheckMeta object at 0x118b14740>
__beartype_func = <function calculate_HDXrate at 0x118b24720>
args = (<ResidueGroup with 3 residues>, 300.0, 7), kwargs = {}
__beartype_args_len = 3, __beartype_pith_0 = 7
__beartype_violation = BeartypeCallHintParamViolation("Function jaxent.src.models.func.uptake.calculate_HDXrate() parameter pD=7 violates type hint <class 'float'>, as int 7 not instance of float.", (7,))

>   ???
E   beartype.roar.BeartypeCallHintParamViolation: Function jaxent.src.models.func.uptake.calculate_HDXrate() parameter pD=7 violates type hint <class 'float'>, as int 7 not instance of float.

<@beartype(jaxent.src.models.func.uptake.calculate_HDXrate) at 0x118b24720>:66: BeartypeCallHintParamViolation
---------------------------- Captured stderr setup -----------------------------
Processing excluded residues by chain:   0%|          | 0/1 [00:00<?, ?it/s]Processing excluded residues by chain: 100%|██████████| 1/1 [00:00<00:00, 55924.05it/s]
_ ERROR at setup of TestRunFeaturise.test_run_featurise_multiple_universes_single_model _

self = <jaxent.tests.modules.featurise.test_featurise.TestRunFeaturise object at 0x118a43610>

    def setup_method(self):
        """Set up test fixtures before each test method."""
        # Disable icecream for cleaner test output
        try:
            from icecream import ic
    
            ic.disable()
        except ImportError:
            pass
    
        # Create test configurations
        self.bv_config = BV_model_Config()
        self.featuriser_settings = FeaturiserSettings(name="BV_test", batch_size=None)
    
        # Create comprehensive test sequences
        self.small_sequence = ["MET", "ALA", "GLY", "SER", "VAL"]
        self.medium_sequence = [
            "MET",
            "ALA",
            "GLY",
            "SER",
            "VAL",
            "LEU",
            "ILE",
            "PHE",
            "TYR",
            "TRP",
            "ASP",
            "GLU",
            "LYS",
            "ARG",
            "HIS",
            "ASN",
            "GLN",
            "CYS",
            "THR",
            "PRO",
        ]
        self.pro_sequence = ["ALA", "PRO", "GLY", "PRO", "SER"]
    
        # Create test universes
        self.small_universe = create_test_universe(self.small_sequence, n_frames=2)
        self.medium_universe = create_test_universe(self.medium_sequence, n_frames=3)
        self.pro_universe = create_test_universe(self.pro_sequence, n_frames=1)
    
        # Create test models - each model should be initialized for its specific use case
        self.single_model = [BV_model(self.bv_config)]
        self.multiple_models = [BV_model(BV_model_Config()), BV_model(BV_model_Config())]
    
        # Initialize models with appropriate universes for single universe tests
>       self.single_model[0].initialise([self.small_universe])

jaxent/tests/modules/featurise/test_featurise.py:128: 
_ _ _ _ _ _ _ _ _ _ _ _ _ _ _ _ _ _ _ _ _ _ _ _ _ _ _ _ _ _ _ _ _ _ _ _ _ _ _ _ 
<@beartype(jaxent.src.models.HDX.BV.forwardmodel.BV_model.initialise) at 0x118b25260>:102: in initialise
    ???
jaxent/src/models/HDX/BV/forwardmodel.py:153: in initialise
    k_ints_res_dict = calculate_HDXrate(
_ _ _ _ _ _ _ _ _ _ _ _ _ _ _ _ _ _ _ _ _ _ _ _ _ _ _ _ _ _ _ _ _ _ _ _ _ _ _ _ 

__beartype_object_52278294544 = <class 'MDAnalysis.core.groups.ResidueGroup'>
__beartype_get_violation = <function get_func_pith_violation at 0x111f64540>
__beartype_conf = BeartypeConf(warning_cls_on_decorator_exception=<class 'beartype.roar._roarwarn.BeartypeClawDecorWarning'>)
__beartype_object_52278331408 = <class 'MDAnalysis.core.groups.Residue'>
__beartype_check_meta = <beartype._check.metadata.metacheck.BeartypeCheckMeta object at 0x118b14740>
__beartype_func = <function calculate_HDXrate at 0x118b24720>
args = (<ResidueGroup with 3 residues>, 300.0, 7), kwargs = {}
__beartype_args_len = 3, __beartype_pith_0 = 7
__beartype_violation = BeartypeCallHintParamViolation("Function jaxent.src.models.func.uptake.calculate_HDXrate() parameter pD=7 violates type hint <class 'float'>, as int 7 not instance of float.", (7,))

>   ???
E   beartype.roar.BeartypeCallHintParamViolation: Function jaxent.src.models.func.uptake.calculate_HDXrate() parameter pD=7 violates type hint <class 'float'>, as int 7 not instance of float.

<@beartype(jaxent.src.models.func.uptake.calculate_HDXrate) at 0x118b24720>:66: BeartypeCallHintParamViolation
---------------------------- Captured stderr setup -----------------------------
Processing excluded residues by chain:   0%|          | 0/1 [00:00<?, ?it/s]Processing excluded residues by chain: 100%|██████████| 1/1 [00:00<00:00, 40329.85it/s]
_ ERROR at setup of TestRunFeaturise.test_run_featurise_single_universe_multiple_models _

self = <jaxent.tests.modules.featurise.test_featurise.TestRunFeaturise object at 0x118a33e10>

    def setup_method(self):
        """Set up test fixtures before each test method."""
        # Disable icecream for cleaner test output
        try:
            from icecream import ic
    
            ic.disable()
        except ImportError:
            pass
    
        # Create test configurations
        self.bv_config = BV_model_Config()
        self.featuriser_settings = FeaturiserSettings(name="BV_test", batch_size=None)
    
        # Create comprehensive test sequences
        self.small_sequence = ["MET", "ALA", "GLY", "SER", "VAL"]
        self.medium_sequence = [
            "MET",
            "ALA",
            "GLY",
            "SER",
            "VAL",
            "LEU",
            "ILE",
            "PHE",
            "TYR",
            "TRP",
            "ASP",
            "GLU",
            "LYS",
            "ARG",
            "HIS",
            "ASN",
            "GLN",
            "CYS",
            "THR",
            "PRO",
        ]
        self.pro_sequence = ["ALA", "PRO", "GLY", "PRO", "SER"]
    
        # Create test universes
        self.small_universe = create_test_universe(self.small_sequence, n_frames=2)
        self.medium_universe = create_test_universe(self.medium_sequence, n_frames=3)
        self.pro_universe = create_test_universe(self.pro_sequence, n_frames=1)
    
        # Create test models - each model should be initialized for its specific use case
        self.single_model = [BV_model(self.bv_config)]
        self.multiple_models = [BV_model(BV_model_Config()), BV_model(BV_model_Config())]
    
        # Initialize models with appropriate universes for single universe tests
>       self.single_model[0].initialise([self.small_universe])

jaxent/tests/modules/featurise/test_featurise.py:128: 
_ _ _ _ _ _ _ _ _ _ _ _ _ _ _ _ _ _ _ _ _ _ _ _ _ _ _ _ _ _ _ _ _ _ _ _ _ _ _ _ 
<@beartype(jaxent.src.models.HDX.BV.forwardmodel.BV_model.initialise) at 0x118b25260>:102: in initialise
    ???
jaxent/src/models/HDX/BV/forwardmodel.py:153: in initialise
    k_ints_res_dict = calculate_HDXrate(
_ _ _ _ _ _ _ _ _ _ _ _ _ _ _ _ _ _ _ _ _ _ _ _ _ _ _ _ _ _ _ _ _ _ _ _ _ _ _ _ 

__beartype_object_52278294544 = <class 'MDAnalysis.core.groups.ResidueGroup'>
__beartype_get_violation = <function get_func_pith_violation at 0x111f64540>
__beartype_conf = BeartypeConf(warning_cls_on_decorator_exception=<class 'beartype.roar._roarwarn.BeartypeClawDecorWarning'>)
__beartype_object_52278331408 = <class 'MDAnalysis.core.groups.Residue'>
__beartype_check_meta = <beartype._check.metadata.metacheck.BeartypeCheckMeta object at 0x118b14740>
__beartype_func = <function calculate_HDXrate at 0x118b24720>
args = (<ResidueGroup with 3 residues>, 300.0, 7), kwargs = {}
__beartype_args_len = 3, __beartype_pith_0 = 7
__beartype_violation = BeartypeCallHintParamViolation("Function jaxent.src.models.func.uptake.calculate_HDXrate() parameter pD=7 violates type hint <class 'float'>, as int 7 not instance of float.", (7,))

>   ???
E   beartype.roar.BeartypeCallHintParamViolation: Function jaxent.src.models.func.uptake.calculate_HDXrate() parameter pD=7 violates type hint <class 'float'>, as int 7 not instance of float.

<@beartype(jaxent.src.models.func.uptake.calculate_HDXrate) at 0x118b24720>:66: BeartypeCallHintParamViolation
---------------------------- Captured stderr setup -----------------------------
Processing excluded residues by chain:   0%|          | 0/1 [00:00<?, ?it/s]Processing excluded residues by chain: 100%|██████████| 1/1 [00:00<00:00, 45590.26it/s]
_ ERROR at setup of TestRunFeaturise.test_run_featurise_multiple_universes_multiple_models _

self = <jaxent.tests.modules.featurise.test_featurise.TestRunFeaturise object at 0x118b8c050>

    def setup_method(self):
        """Set up test fixtures before each test method."""
        # Disable icecream for cleaner test output
        try:
            from icecream import ic
    
            ic.disable()
        except ImportError:
            pass
    
        # Create test configurations
        self.bv_config = BV_model_Config()
        self.featuriser_settings = FeaturiserSettings(name="BV_test", batch_size=None)
    
        # Create comprehensive test sequences
        self.small_sequence = ["MET", "ALA", "GLY", "SER", "VAL"]
        self.medium_sequence = [
            "MET",
            "ALA",
            "GLY",
            "SER",
            "VAL",
            "LEU",
            "ILE",
            "PHE",
            "TYR",
            "TRP",
            "ASP",
            "GLU",
            "LYS",
            "ARG",
            "HIS",
            "ASN",
            "GLN",
            "CYS",
            "THR",
            "PRO",
        ]
        self.pro_sequence = ["ALA", "PRO", "GLY", "PRO", "SER"]
    
        # Create test universes
        self.small_universe = create_test_universe(self.small_sequence, n_frames=2)
        self.medium_universe = create_test_universe(self.medium_sequence, n_frames=3)
        self.pro_universe = create_test_universe(self.pro_sequence, n_frames=1)
    
        # Create test models - each model should be initialized for its specific use case
        self.single_model = [BV_model(self.bv_config)]
        self.multiple_models = [BV_model(BV_model_Config()), BV_model(BV_model_Config())]
    
        # Initialize models with appropriate universes for single universe tests
>       self.single_model[0].initialise([self.small_universe])

jaxent/tests/modules/featurise/test_featurise.py:128: 
_ _ _ _ _ _ _ _ _ _ _ _ _ _ _ _ _ _ _ _ _ _ _ _ _ _ _ _ _ _ _ _ _ _ _ _ _ _ _ _ 
<@beartype(jaxent.src.models.HDX.BV.forwardmodel.BV_model.initialise) at 0x118b25260>:102: in initialise
    ???
jaxent/src/models/HDX/BV/forwardmodel.py:153: in initialise
    k_ints_res_dict = calculate_HDXrate(
_ _ _ _ _ _ _ _ _ _ _ _ _ _ _ _ _ _ _ _ _ _ _ _ _ _ _ _ _ _ _ _ _ _ _ _ _ _ _ _ 

__beartype_object_52278294544 = <class 'MDAnalysis.core.groups.ResidueGroup'>
__beartype_get_violation = <function get_func_pith_violation at 0x111f64540>
__beartype_conf = BeartypeConf(warning_cls_on_decorator_exception=<class 'beartype.roar._roarwarn.BeartypeClawDecorWarning'>)
__beartype_object_52278331408 = <class 'MDAnalysis.core.groups.Residue'>
__beartype_check_meta = <beartype._check.metadata.metacheck.BeartypeCheckMeta object at 0x118b14740>
__beartype_func = <function calculate_HDXrate at 0x118b24720>
args = (<ResidueGroup with 3 residues>, 300.0, 7), kwargs = {}
__beartype_args_len = 3, __beartype_pith_0 = 7
__beartype_violation = BeartypeCallHintParamViolation("Function jaxent.src.models.func.uptake.calculate_HDXrate() parameter pD=7 violates type hint <class 'float'>, as int 7 not instance of float.", (7,))

>   ???
E   beartype.roar.BeartypeCallHintParamViolation: Function jaxent.src.models.func.uptake.calculate_HDXrate() parameter pD=7 violates type hint <class 'float'>, as int 7 not instance of float.

<@beartype(jaxent.src.models.func.uptake.calculate_HDXrate) at 0x118b24720>:66: BeartypeCallHintParamViolation
---------------------------- Captured stderr setup -----------------------------
Processing excluded residues by chain:   0%|          | 0/1 [00:00<?, ?it/s]Processing excluded residues by chain: 100%|██████████| 1/1 [00:00<00:00, 19239.93it/s]
__ ERROR at setup of TestRunFeaturise.test_run_featurise_with_settings_config __

self = <jaxent.tests.modules.featurise.test_featurise.TestRunFeaturise object at 0x118b55910>

    def setup_method(self):
        """Set up test fixtures before each test method."""
        # Disable icecream for cleaner test output
        try:
            from icecream import ic
    
            ic.disable()
        except ImportError:
            pass
    
        # Create test configurations
        self.bv_config = BV_model_Config()
        self.featuriser_settings = FeaturiserSettings(name="BV_test", batch_size=None)
    
        # Create comprehensive test sequences
        self.small_sequence = ["MET", "ALA", "GLY", "SER", "VAL"]
        self.medium_sequence = [
            "MET",
            "ALA",
            "GLY",
            "SER",
            "VAL",
            "LEU",
            "ILE",
            "PHE",
            "TYR",
            "TRP",
            "ASP",
            "GLU",
            "LYS",
            "ARG",
            "HIS",
            "ASN",
            "GLN",
            "CYS",
            "THR",
            "PRO",
        ]
        self.pro_sequence = ["ALA", "PRO", "GLY", "PRO", "SER"]
    
        # Create test universes
        self.small_universe = create_test_universe(self.small_sequence, n_frames=2)
        self.medium_universe = create_test_universe(self.medium_sequence, n_frames=3)
        self.pro_universe = create_test_universe(self.pro_sequence, n_frames=1)
    
        # Create test models - each model should be initialized for its specific use case
        self.single_model = [BV_model(self.bv_config)]
        self.multiple_models = [BV_model(BV_model_Config()), BV_model(BV_model_Config())]
    
        # Initialize models with appropriate universes for single universe tests
>       self.single_model[0].initialise([self.small_universe])

jaxent/tests/modules/featurise/test_featurise.py:128: 
_ _ _ _ _ _ _ _ _ _ _ _ _ _ _ _ _ _ _ _ _ _ _ _ _ _ _ _ _ _ _ _ _ _ _ _ _ _ _ _ 
<@beartype(jaxent.src.models.HDX.BV.forwardmodel.BV_model.initialise) at 0x118b25260>:102: in initialise
    ???
jaxent/src/models/HDX/BV/forwardmodel.py:153: in initialise
    k_ints_res_dict = calculate_HDXrate(
_ _ _ _ _ _ _ _ _ _ _ _ _ _ _ _ _ _ _ _ _ _ _ _ _ _ _ _ _ _ _ _ _ _ _ _ _ _ _ _ 

__beartype_object_52278294544 = <class 'MDAnalysis.core.groups.ResidueGroup'>
__beartype_get_violation = <function get_func_pith_violation at 0x111f64540>
__beartype_conf = BeartypeConf(warning_cls_on_decorator_exception=<class 'beartype.roar._roarwarn.BeartypeClawDecorWarning'>)
__beartype_object_52278331408 = <class 'MDAnalysis.core.groups.Residue'>
__beartype_check_meta = <beartype._check.metadata.metacheck.BeartypeCheckMeta object at 0x118b14740>
__beartype_func = <function calculate_HDXrate at 0x118b24720>
args = (<ResidueGroup with 3 residues>, 300.0, 7), kwargs = {}
__beartype_args_len = 3, __beartype_pith_0 = 7
__beartype_violation = BeartypeCallHintParamViolation("Function jaxent.src.models.func.uptake.calculate_HDXrate() parameter pD=7 violates type hint <class 'float'>, as int 7 not instance of float.", (7,))

>   ???
E   beartype.roar.BeartypeCallHintParamViolation: Function jaxent.src.models.func.uptake.calculate_HDXrate() parameter pD=7 violates type hint <class 'float'>, as int 7 not instance of float.

<@beartype(jaxent.src.models.func.uptake.calculate_HDXrate) at 0x118b24720>:66: BeartypeCallHintParamViolation
---------------------------- Captured stderr setup -----------------------------
Processing excluded residues by chain:   0%|          | 0/1 [00:00<?, ?it/s]Processing excluded residues by chain: 100%|██████████| 1/1 [00:00<00:00, 41527.76it/s]
____ ERROR at setup of TestRunFeaturise.test_run_featurise_with_custom_name ____

self = <jaxent.tests.modules.featurise.test_featurise.TestRunFeaturise object at 0x118a93790>

    def setup_method(self):
        """Set up test fixtures before each test method."""
        # Disable icecream for cleaner test output
        try:
            from icecream import ic
    
            ic.disable()
        except ImportError:
            pass
    
        # Create test configurations
        self.bv_config = BV_model_Config()
        self.featuriser_settings = FeaturiserSettings(name="BV_test", batch_size=None)
    
        # Create comprehensive test sequences
        self.small_sequence = ["MET", "ALA", "GLY", "SER", "VAL"]
        self.medium_sequence = [
            "MET",
            "ALA",
            "GLY",
            "SER",
            "VAL",
            "LEU",
            "ILE",
            "PHE",
            "TYR",
            "TRP",
            "ASP",
            "GLU",
            "LYS",
            "ARG",
            "HIS",
            "ASN",
            "GLN",
            "CYS",
            "THR",
            "PRO",
        ]
        self.pro_sequence = ["ALA", "PRO", "GLY", "PRO", "SER"]
    
        # Create test universes
        self.small_universe = create_test_universe(self.small_sequence, n_frames=2)
        self.medium_universe = create_test_universe(self.medium_sequence, n_frames=3)
        self.pro_universe = create_test_universe(self.pro_sequence, n_frames=1)
    
        # Create test models - each model should be initialized for its specific use case
        self.single_model = [BV_model(self.bv_config)]
        self.multiple_models = [BV_model(BV_model_Config()), BV_model(BV_model_Config())]
    
        # Initialize models with appropriate universes for single universe tests
>       self.single_model[0].initialise([self.small_universe])

jaxent/tests/modules/featurise/test_featurise.py:128: 
_ _ _ _ _ _ _ _ _ _ _ _ _ _ _ _ _ _ _ _ _ _ _ _ _ _ _ _ _ _ _ _ _ _ _ _ _ _ _ _ 
<@beartype(jaxent.src.models.HDX.BV.forwardmodel.BV_model.initialise) at 0x118b25260>:102: in initialise
    ???
jaxent/src/models/HDX/BV/forwardmodel.py:153: in initialise
    k_ints_res_dict = calculate_HDXrate(
_ _ _ _ _ _ _ _ _ _ _ _ _ _ _ _ _ _ _ _ _ _ _ _ _ _ _ _ _ _ _ _ _ _ _ _ _ _ _ _ 

__beartype_object_52278294544 = <class 'MDAnalysis.core.groups.ResidueGroup'>
__beartype_get_violation = <function get_func_pith_violation at 0x111f64540>
__beartype_conf = BeartypeConf(warning_cls_on_decorator_exception=<class 'beartype.roar._roarwarn.BeartypeClawDecorWarning'>)
__beartype_object_52278331408 = <class 'MDAnalysis.core.groups.Residue'>
__beartype_check_meta = <beartype._check.metadata.metacheck.BeartypeCheckMeta object at 0x118b14740>
__beartype_func = <function calculate_HDXrate at 0x118b24720>
args = (<ResidueGroup with 3 residues>, 300.0, 7), kwargs = {}
__beartype_args_len = 3, __beartype_pith_0 = 7
__beartype_violation = BeartypeCallHintParamViolation("Function jaxent.src.models.func.uptake.calculate_HDXrate() parameter pD=7 violates type hint <class 'float'>, as int 7 not instance of float.", (7,))

>   ???
E   beartype.roar.BeartypeCallHintParamViolation: Function jaxent.src.models.func.uptake.calculate_HDXrate() parameter pD=7 violates type hint <class 'float'>, as int 7 not instance of float.

<@beartype(jaxent.src.models.func.uptake.calculate_HDXrate) at 0x118b24720>:66: BeartypeCallHintParamViolation
---------------------------- Captured stderr setup -----------------------------
Processing excluded residues by chain:   0%|          | 0/1 [00:00<?, ?it/s]Processing excluded residues by chain: 100%|██████████| 1/1 [00:00<00:00, 38479.85it/s]
_ ERROR at setup of TestRunFeaturise.test_run_featurise_with_provided_forward_models _

self = <jaxent.tests.modules.featurise.test_featurise.TestRunFeaturise object at 0x118a938a0>

    def setup_method(self):
        """Set up test fixtures before each test method."""
        # Disable icecream for cleaner test output
        try:
            from icecream import ic
    
            ic.disable()
        except ImportError:
            pass
    
        # Create test configurations
        self.bv_config = BV_model_Config()
        self.featuriser_settings = FeaturiserSettings(name="BV_test", batch_size=None)
    
        # Create comprehensive test sequences
        self.small_sequence = ["MET", "ALA", "GLY", "SER", "VAL"]
        self.medium_sequence = [
            "MET",
            "ALA",
            "GLY",
            "SER",
            "VAL",
            "LEU",
            "ILE",
            "PHE",
            "TYR",
            "TRP",
            "ASP",
            "GLU",
            "LYS",
            "ARG",
            "HIS",
            "ASN",
            "GLN",
            "CYS",
            "THR",
            "PRO",
        ]
        self.pro_sequence = ["ALA", "PRO", "GLY", "PRO", "SER"]
    
        # Create test universes
        self.small_universe = create_test_universe(self.small_sequence, n_frames=2)
        self.medium_universe = create_test_universe(self.medium_sequence, n_frames=3)
        self.pro_universe = create_test_universe(self.pro_sequence, n_frames=1)
    
        # Create test models - each model should be initialized for its specific use case
        self.single_model = [BV_model(self.bv_config)]
        self.multiple_models = [BV_model(BV_model_Config()), BV_model(BV_model_Config())]
    
        # Initialize models with appropriate universes for single universe tests
>       self.single_model[0].initialise([self.small_universe])

jaxent/tests/modules/featurise/test_featurise.py:128: 
_ _ _ _ _ _ _ _ _ _ _ _ _ _ _ _ _ _ _ _ _ _ _ _ _ _ _ _ _ _ _ _ _ _ _ _ _ _ _ _ 
<@beartype(jaxent.src.models.HDX.BV.forwardmodel.BV_model.initialise) at 0x118b25260>:102: in initialise
    ???
jaxent/src/models/HDX/BV/forwardmodel.py:153: in initialise
    k_ints_res_dict = calculate_HDXrate(
_ _ _ _ _ _ _ _ _ _ _ _ _ _ _ _ _ _ _ _ _ _ _ _ _ _ _ _ _ _ _ _ _ _ _ _ _ _ _ _ 

__beartype_object_52278294544 = <class 'MDAnalysis.core.groups.ResidueGroup'>
__beartype_get_violation = <function get_func_pith_violation at 0x111f64540>
__beartype_conf = BeartypeConf(warning_cls_on_decorator_exception=<class 'beartype.roar._roarwarn.BeartypeClawDecorWarning'>)
__beartype_object_52278331408 = <class 'MDAnalysis.core.groups.Residue'>
__beartype_check_meta = <beartype._check.metadata.metacheck.BeartypeCheckMeta object at 0x118b14740>
__beartype_func = <function calculate_HDXrate at 0x118b24720>
args = (<ResidueGroup with 3 residues>, 300.0, 7), kwargs = {}
__beartype_args_len = 3, __beartype_pith_0 = 7
__beartype_violation = BeartypeCallHintParamViolation("Function jaxent.src.models.func.uptake.calculate_HDXrate() parameter pD=7 violates type hint <class 'float'>, as int 7 not instance of float.", (7,))

>   ???
E   beartype.roar.BeartypeCallHintParamViolation: Function jaxent.src.models.func.uptake.calculate_HDXrate() parameter pD=7 violates type hint <class 'float'>, as int 7 not instance of float.

<@beartype(jaxent.src.models.func.uptake.calculate_HDXrate) at 0x118b24720>:66: BeartypeCallHintParamViolation
---------------------------- Captured stderr setup -----------------------------
Processing excluded residues by chain:   0%|          | 0/1 [00:00<?, ?it/s]Processing excluded residues by chain: 100%|██████████| 1/1 [00:00<00:00, 47662.55it/s]
_ ERROR at setup of TestRunFeaturise.test_run_featurise_with_validation_enabled _

self = <jaxent.tests.modules.featurise.test_featurise.TestRunFeaturise object at 0x118ad6050>

    def setup_method(self):
        """Set up test fixtures before each test method."""
        # Disable icecream for cleaner test output
        try:
            from icecream import ic
    
            ic.disable()
        except ImportError:
            pass
    
        # Create test configurations
        self.bv_config = BV_model_Config()
        self.featuriser_settings = FeaturiserSettings(name="BV_test", batch_size=None)
    
        # Create comprehensive test sequences
        self.small_sequence = ["MET", "ALA", "GLY", "SER", "VAL"]
        self.medium_sequence = [
            "MET",
            "ALA",
            "GLY",
            "SER",
            "VAL",
            "LEU",
            "ILE",
            "PHE",
            "TYR",
            "TRP",
            "ASP",
            "GLU",
            "LYS",
            "ARG",
            "HIS",
            "ASN",
            "GLN",
            "CYS",
            "THR",
            "PRO",
        ]
        self.pro_sequence = ["ALA", "PRO", "GLY", "PRO", "SER"]
    
        # Create test universes
        self.small_universe = create_test_universe(self.small_sequence, n_frames=2)
        self.medium_universe = create_test_universe(self.medium_sequence, n_frames=3)
        self.pro_universe = create_test_universe(self.pro_sequence, n_frames=1)
    
        # Create test models - each model should be initialized for its specific use case
        self.single_model = [BV_model(self.bv_config)]
        self.multiple_models = [BV_model(BV_model_Config()), BV_model(BV_model_Config())]
    
        # Initialize models with appropriate universes for single universe tests
>       self.single_model[0].initialise([self.small_universe])

jaxent/tests/modules/featurise/test_featurise.py:128: 
_ _ _ _ _ _ _ _ _ _ _ _ _ _ _ _ _ _ _ _ _ _ _ _ _ _ _ _ _ _ _ _ _ _ _ _ _ _ _ _ 
<@beartype(jaxent.src.models.HDX.BV.forwardmodel.BV_model.initialise) at 0x118b25260>:102: in initialise
    ???
jaxent/src/models/HDX/BV/forwardmodel.py:153: in initialise
    k_ints_res_dict = calculate_HDXrate(
_ _ _ _ _ _ _ _ _ _ _ _ _ _ _ _ _ _ _ _ _ _ _ _ _ _ _ _ _ _ _ _ _ _ _ _ _ _ _ _ 

__beartype_object_52278294544 = <class 'MDAnalysis.core.groups.ResidueGroup'>
__beartype_get_violation = <function get_func_pith_violation at 0x111f64540>
__beartype_conf = BeartypeConf(warning_cls_on_decorator_exception=<class 'beartype.roar._roarwarn.BeartypeClawDecorWarning'>)
__beartype_object_52278331408 = <class 'MDAnalysis.core.groups.Residue'>
__beartype_check_meta = <beartype._check.metadata.metacheck.BeartypeCheckMeta object at 0x118b14740>
__beartype_func = <function calculate_HDXrate at 0x118b24720>
args = (<ResidueGroup with 3 residues>, 300.0, 7), kwargs = {}
__beartype_args_len = 3, __beartype_pith_0 = 7
__beartype_violation = BeartypeCallHintParamViolation("Function jaxent.src.models.func.uptake.calculate_HDXrate() parameter pD=7 violates type hint <class 'float'>, as int 7 not instance of float.", (7,))

>   ???
E   beartype.roar.BeartypeCallHintParamViolation: Function jaxent.src.models.func.uptake.calculate_HDXrate() parameter pD=7 violates type hint <class 'float'>, as int 7 not instance of float.

<@beartype(jaxent.src.models.func.uptake.calculate_HDXrate) at 0x118b24720>:66: BeartypeCallHintParamViolation
---------------------------- Captured stderr setup -----------------------------
Processing excluded residues by chain:   0%|          | 0/1 [00:00<?, ?it/s]Processing excluded residues by chain: 100%|██████████| 1/1 [00:00<00:00, 50533.78it/s]
_ ERROR at setup of TestRunFeaturise.test_run_featurise_with_proline_sequence __

self = <jaxent.tests.modules.featurise.test_featurise.TestRunFeaturise object at 0x118ad6350>

    def setup_method(self):
        """Set up test fixtures before each test method."""
        # Disable icecream for cleaner test output
        try:
            from icecream import ic
    
            ic.disable()
        except ImportError:
            pass
    
        # Create test configurations
        self.bv_config = BV_model_Config()
        self.featuriser_settings = FeaturiserSettings(name="BV_test", batch_size=None)
    
        # Create comprehensive test sequences
        self.small_sequence = ["MET", "ALA", "GLY", "SER", "VAL"]
        self.medium_sequence = [
            "MET",
            "ALA",
            "GLY",
            "SER",
            "VAL",
            "LEU",
            "ILE",
            "PHE",
            "TYR",
            "TRP",
            "ASP",
            "GLU",
            "LYS",
            "ARG",
            "HIS",
            "ASN",
            "GLN",
            "CYS",
            "THR",
            "PRO",
        ]
        self.pro_sequence = ["ALA", "PRO", "GLY", "PRO", "SER"]
    
        # Create test universes
        self.small_universe = create_test_universe(self.small_sequence, n_frames=2)
        self.medium_universe = create_test_universe(self.medium_sequence, n_frames=3)
        self.pro_universe = create_test_universe(self.pro_sequence, n_frames=1)
    
        # Create test models - each model should be initialized for its specific use case
        self.single_model = [BV_model(self.bv_config)]
        self.multiple_models = [BV_model(BV_model_Config()), BV_model(BV_model_Config())]
    
        # Initialize models with appropriate universes for single universe tests
>       self.single_model[0].initialise([self.small_universe])

jaxent/tests/modules/featurise/test_featurise.py:128: 
_ _ _ _ _ _ _ _ _ _ _ _ _ _ _ _ _ _ _ _ _ _ _ _ _ _ _ _ _ _ _ _ _ _ _ _ _ _ _ _ 
<@beartype(jaxent.src.models.HDX.BV.forwardmodel.BV_model.initialise) at 0x118b25260>:102: in initialise
    ???
jaxent/src/models/HDX/BV/forwardmodel.py:153: in initialise
    k_ints_res_dict = calculate_HDXrate(
_ _ _ _ _ _ _ _ _ _ _ _ _ _ _ _ _ _ _ _ _ _ _ _ _ _ _ _ _ _ _ _ _ _ _ _ _ _ _ _ 

__beartype_object_52278294544 = <class 'MDAnalysis.core.groups.ResidueGroup'>
__beartype_get_violation = <function get_func_pith_violation at 0x111f64540>
__beartype_conf = BeartypeConf(warning_cls_on_decorator_exception=<class 'beartype.roar._roarwarn.BeartypeClawDecorWarning'>)
__beartype_object_52278331408 = <class 'MDAnalysis.core.groups.Residue'>
__beartype_check_meta = <beartype._check.metadata.metacheck.BeartypeCheckMeta object at 0x118b14740>
__beartype_func = <function calculate_HDXrate at 0x118b24720>
args = (<ResidueGroup with 3 residues>, 300.0, 7), kwargs = {}
__beartype_args_len = 3, __beartype_pith_0 = 7
__beartype_violation = BeartypeCallHintParamViolation("Function jaxent.src.models.func.uptake.calculate_HDXrate() parameter pD=7 violates type hint <class 'float'>, as int 7 not instance of float.", (7,))

>   ???
E   beartype.roar.BeartypeCallHintParamViolation: Function jaxent.src.models.func.uptake.calculate_HDXrate() parameter pD=7 violates type hint <class 'float'>, as int 7 not instance of float.

<@beartype(jaxent.src.models.func.uptake.calculate_HDXrate) at 0x118b24720>:66: BeartypeCallHintParamViolation
---------------------------- Captured stderr setup -----------------------------
Processing excluded residues by chain:   0%|          | 0/1 [00:00<?, ?it/s]Processing excluded residues by chain: 100%|██████████| 1/1 [00:00<00:00, 49932.19it/s]
_____ ERROR at setup of TestRunFeaturise.test_run_featurise_large_protein ______

self = <jaxent.tests.modules.featurise.test_featurise.TestRunFeaturise object at 0x116173d40>

    def setup_method(self):
        """Set up test fixtures before each test method."""
        # Disable icecream for cleaner test output
        try:
            from icecream import ic
    
            ic.disable()
        except ImportError:
            pass
    
        # Create test configurations
        self.bv_config = BV_model_Config()
        self.featuriser_settings = FeaturiserSettings(name="BV_test", batch_size=None)
    
        # Create comprehensive test sequences
        self.small_sequence = ["MET", "ALA", "GLY", "SER", "VAL"]
        self.medium_sequence = [
            "MET",
            "ALA",
            "GLY",
            "SER",
            "VAL",
            "LEU",
            "ILE",
            "PHE",
            "TYR",
            "TRP",
            "ASP",
            "GLU",
            "LYS",
            "ARG",
            "HIS",
            "ASN",
            "GLN",
            "CYS",
            "THR",
            "PRO",
        ]
        self.pro_sequence = ["ALA", "PRO", "GLY", "PRO", "SER"]
    
        # Create test universes
        self.small_universe = create_test_universe(self.small_sequence, n_frames=2)
        self.medium_universe = create_test_universe(self.medium_sequence, n_frames=3)
        self.pro_universe = create_test_universe(self.pro_sequence, n_frames=1)
    
        # Create test models - each model should be initialized for its specific use case
        self.single_model = [BV_model(self.bv_config)]
        self.multiple_models = [BV_model(BV_model_Config()), BV_model(BV_model_Config())]
    
        # Initialize models with appropriate universes for single universe tests
>       self.single_model[0].initialise([self.small_universe])

jaxent/tests/modules/featurise/test_featurise.py:128: 
_ _ _ _ _ _ _ _ _ _ _ _ _ _ _ _ _ _ _ _ _ _ _ _ _ _ _ _ _ _ _ _ _ _ _ _ _ _ _ _ 
<@beartype(jaxent.src.models.HDX.BV.forwardmodel.BV_model.initialise) at 0x118b25260>:102: in initialise
    ???
jaxent/src/models/HDX/BV/forwardmodel.py:153: in initialise
    k_ints_res_dict = calculate_HDXrate(
_ _ _ _ _ _ _ _ _ _ _ _ _ _ _ _ _ _ _ _ _ _ _ _ _ _ _ _ _ _ _ _ _ _ _ _ _ _ _ _ 

__beartype_object_52278294544 = <class 'MDAnalysis.core.groups.ResidueGroup'>
__beartype_get_violation = <function get_func_pith_violation at 0x111f64540>
__beartype_conf = BeartypeConf(warning_cls_on_decorator_exception=<class 'beartype.roar._roarwarn.BeartypeClawDecorWarning'>)
__beartype_object_52278331408 = <class 'MDAnalysis.core.groups.Residue'>
__beartype_check_meta = <beartype._check.metadata.metacheck.BeartypeCheckMeta object at 0x118b14740>
__beartype_func = <function calculate_HDXrate at 0x118b24720>
args = (<ResidueGroup with 3 residues>, 300.0, 7), kwargs = {}
__beartype_args_len = 3, __beartype_pith_0 = 7
__beartype_violation = BeartypeCallHintParamViolation("Function jaxent.src.models.func.uptake.calculate_HDXrate() parameter pD=7 violates type hint <class 'float'>, as int 7 not instance of float.", (7,))

>   ???
E   beartype.roar.BeartypeCallHintParamViolation: Function jaxent.src.models.func.uptake.calculate_HDXrate() parameter pD=7 violates type hint <class 'float'>, as int 7 not instance of float.

<@beartype(jaxent.src.models.func.uptake.calculate_HDXrate) at 0x118b24720>:66: BeartypeCallHintParamViolation
---------------------------- Captured stderr setup -----------------------------
Processing excluded residues by chain:   0%|          | 0/1 [00:00<?, ?it/s]Processing excluded residues by chain: 100%|██████████| 1/1 [00:00<00:00, 52428.80it/s]
_ ERROR at setup of TestRunFeaturise.test_run_featurise_different_universe_sizes _

self = <jaxent.tests.modules.featurise.test_featurise.TestRunFeaturise object at 0x118ad99a0>

    def setup_method(self):
        """Set up test fixtures before each test method."""
        # Disable icecream for cleaner test output
        try:
            from icecream import ic
    
            ic.disable()
        except ImportError:
            pass
    
        # Create test configurations
        self.bv_config = BV_model_Config()
        self.featuriser_settings = FeaturiserSettings(name="BV_test", batch_size=None)
    
        # Create comprehensive test sequences
        self.small_sequence = ["MET", "ALA", "GLY", "SER", "VAL"]
        self.medium_sequence = [
            "MET",
            "ALA",
            "GLY",
            "SER",
            "VAL",
            "LEU",
            "ILE",
            "PHE",
            "TYR",
            "TRP",
            "ASP",
            "GLU",
            "LYS",
            "ARG",
            "HIS",
            "ASN",
            "GLN",
            "CYS",
            "THR",
            "PRO",
        ]
        self.pro_sequence = ["ALA", "PRO", "GLY", "PRO", "SER"]
    
        # Create test universes
        self.small_universe = create_test_universe(self.small_sequence, n_frames=2)
        self.medium_universe = create_test_universe(self.medium_sequence, n_frames=3)
        self.pro_universe = create_test_universe(self.pro_sequence, n_frames=1)
    
        # Create test models - each model should be initialized for its specific use case
        self.single_model = [BV_model(self.bv_config)]
        self.multiple_models = [BV_model(BV_model_Config()), BV_model(BV_model_Config())]
    
        # Initialize models with appropriate universes for single universe tests
>       self.single_model[0].initialise([self.small_universe])

jaxent/tests/modules/featurise/test_featurise.py:128: 
_ _ _ _ _ _ _ _ _ _ _ _ _ _ _ _ _ _ _ _ _ _ _ _ _ _ _ _ _ _ _ _ _ _ _ _ _ _ _ _ 
<@beartype(jaxent.src.models.HDX.BV.forwardmodel.BV_model.initialise) at 0x118b25260>:102: in initialise
    ???
jaxent/src/models/HDX/BV/forwardmodel.py:153: in initialise
    k_ints_res_dict = calculate_HDXrate(
_ _ _ _ _ _ _ _ _ _ _ _ _ _ _ _ _ _ _ _ _ _ _ _ _ _ _ _ _ _ _ _ _ _ _ _ _ _ _ _ 

__beartype_object_52278294544 = <class 'MDAnalysis.core.groups.ResidueGroup'>
__beartype_get_violation = <function get_func_pith_violation at 0x111f64540>
__beartype_conf = BeartypeConf(warning_cls_on_decorator_exception=<class 'beartype.roar._roarwarn.BeartypeClawDecorWarning'>)
__beartype_object_52278331408 = <class 'MDAnalysis.core.groups.Residue'>
__beartype_check_meta = <beartype._check.metadata.metacheck.BeartypeCheckMeta object at 0x118b14740>
__beartype_func = <function calculate_HDXrate at 0x118b24720>
args = (<ResidueGroup with 3 residues>, 300.0, 7), kwargs = {}
__beartype_args_len = 3, __beartype_pith_0 = 7
__beartype_violation = BeartypeCallHintParamViolation("Function jaxent.src.models.func.uptake.calculate_HDXrate() parameter pD=7 violates type hint <class 'float'>, as int 7 not instance of float.", (7,))

>   ???
E   beartype.roar.BeartypeCallHintParamViolation: Function jaxent.src.models.func.uptake.calculate_HDXrate() parameter pD=7 violates type hint <class 'float'>, as int 7 not instance of float.

<@beartype(jaxent.src.models.func.uptake.calculate_HDXrate) at 0x118b24720>:66: BeartypeCallHintParamViolation
---------------------------- Captured stderr setup -----------------------------
Processing excluded residues by chain:   0%|          | 0/1 [00:00<?, ?it/s]Processing excluded residues by chain: 100%|██████████| 1/1 [00:00<00:00, 47127.01it/s]
_ ERROR at setup of TestRunFeaturise.test_run_featurise_error_handling_invalid_config _

self = <jaxent.tests.modules.featurise.test_featurise.TestRunFeaturise object at 0x118b7a270>

    def setup_method(self):
        """Set up test fixtures before each test method."""
        # Disable icecream for cleaner test output
        try:
            from icecream import ic
    
            ic.disable()
        except ImportError:
            pass
    
        # Create test configurations
        self.bv_config = BV_model_Config()
        self.featuriser_settings = FeaturiserSettings(name="BV_test", batch_size=None)
    
        # Create comprehensive test sequences
        self.small_sequence = ["MET", "ALA", "GLY", "SER", "VAL"]
        self.medium_sequence = [
            "MET",
            "ALA",
            "GLY",
            "SER",
            "VAL",
            "LEU",
            "ILE",
            "PHE",
            "TYR",
            "TRP",
            "ASP",
            "GLU",
            "LYS",
            "ARG",
            "HIS",
            "ASN",
            "GLN",
            "CYS",
            "THR",
            "PRO",
        ]
        self.pro_sequence = ["ALA", "PRO", "GLY", "PRO", "SER"]
    
        # Create test universes
        self.small_universe = create_test_universe(self.small_sequence, n_frames=2)
        self.medium_universe = create_test_universe(self.medium_sequence, n_frames=3)
        self.pro_universe = create_test_universe(self.pro_sequence, n_frames=1)
    
        # Create test models - each model should be initialized for its specific use case
        self.single_model = [BV_model(self.bv_config)]
        self.multiple_models = [BV_model(BV_model_Config()), BV_model(BV_model_Config())]
    
        # Initialize models with appropriate universes for single universe tests
>       self.single_model[0].initialise([self.small_universe])

jaxent/tests/modules/featurise/test_featurise.py:128: 
_ _ _ _ _ _ _ _ _ _ _ _ _ _ _ _ _ _ _ _ _ _ _ _ _ _ _ _ _ _ _ _ _ _ _ _ _ _ _ _ 
<@beartype(jaxent.src.models.HDX.BV.forwardmodel.BV_model.initialise) at 0x118b25260>:102: in initialise
    ???
jaxent/src/models/HDX/BV/forwardmodel.py:153: in initialise
    k_ints_res_dict = calculate_HDXrate(
_ _ _ _ _ _ _ _ _ _ _ _ _ _ _ _ _ _ _ _ _ _ _ _ _ _ _ _ _ _ _ _ _ _ _ _ _ _ _ _ 

__beartype_object_52278294544 = <class 'MDAnalysis.core.groups.ResidueGroup'>
__beartype_get_violation = <function get_func_pith_violation at 0x111f64540>
__beartype_conf = BeartypeConf(warning_cls_on_decorator_exception=<class 'beartype.roar._roarwarn.BeartypeClawDecorWarning'>)
__beartype_object_52278331408 = <class 'MDAnalysis.core.groups.Residue'>
__beartype_check_meta = <beartype._check.metadata.metacheck.BeartypeCheckMeta object at 0x118b14740>
__beartype_func = <function calculate_HDXrate at 0x118b24720>
args = (<ResidueGroup with 3 residues>, 300.0, 7), kwargs = {}
__beartype_args_len = 3, __beartype_pith_0 = 7
__beartype_violation = BeartypeCallHintParamViolation("Function jaxent.src.models.func.uptake.calculate_HDXrate() parameter pD=7 violates type hint <class 'float'>, as int 7 not instance of float.", (7,))

>   ???
E   beartype.roar.BeartypeCallHintParamViolation: Function jaxent.src.models.func.uptake.calculate_HDXrate() parameter pD=7 violates type hint <class 'float'>, as int 7 not instance of float.

<@beartype(jaxent.src.models.func.uptake.calculate_HDXrate) at 0x118b24720>:66: BeartypeCallHintParamViolation
---------------------------- Captured stderr setup -----------------------------
Processing excluded residues by chain:   0%|          | 0/1 [00:00<?, ?it/s]Processing excluded residues by chain: 100%|██████████| 1/1 [00:00<00:00, 52428.80it/s]
_ ERROR at setup of TestRunFeaturise.test_run_featurise_error_handling_missing_name _

self = <jaxent.tests.modules.featurise.test_featurise.TestRunFeaturise object at 0x118b7a510>

    def setup_method(self):
        """Set up test fixtures before each test method."""
        # Disable icecream for cleaner test output
        try:
            from icecream import ic
    
            ic.disable()
        except ImportError:
            pass
    
        # Create test configurations
        self.bv_config = BV_model_Config()
        self.featuriser_settings = FeaturiserSettings(name="BV_test", batch_size=None)
    
        # Create comprehensive test sequences
        self.small_sequence = ["MET", "ALA", "GLY", "SER", "VAL"]
        self.medium_sequence = [
            "MET",
            "ALA",
            "GLY",
            "SER",
            "VAL",
            "LEU",
            "ILE",
            "PHE",
            "TYR",
            "TRP",
            "ASP",
            "GLU",
            "LYS",
            "ARG",
            "HIS",
            "ASN",
            "GLN",
            "CYS",
            "THR",
            "PRO",
        ]
        self.pro_sequence = ["ALA", "PRO", "GLY", "PRO", "SER"]
    
        # Create test universes
        self.small_universe = create_test_universe(self.small_sequence, n_frames=2)
        self.medium_universe = create_test_universe(self.medium_sequence, n_frames=3)
        self.pro_universe = create_test_universe(self.pro_sequence, n_frames=1)
    
        # Create test models - each model should be initialized for its specific use case
        self.single_model = [BV_model(self.bv_config)]
        self.multiple_models = [BV_model(BV_model_Config()), BV_model(BV_model_Config())]
    
        # Initialize models with appropriate universes for single universe tests
>       self.single_model[0].initialise([self.small_universe])

jaxent/tests/modules/featurise/test_featurise.py:128: 
_ _ _ _ _ _ _ _ _ _ _ _ _ _ _ _ _ _ _ _ _ _ _ _ _ _ _ _ _ _ _ _ _ _ _ _ _ _ _ _ 
<@beartype(jaxent.src.models.HDX.BV.forwardmodel.BV_model.initialise) at 0x118b25260>:102: in initialise
    ???
jaxent/src/models/HDX/BV/forwardmodel.py:153: in initialise
    k_ints_res_dict = calculate_HDXrate(
_ _ _ _ _ _ _ _ _ _ _ _ _ _ _ _ _ _ _ _ _ _ _ _ _ _ _ _ _ _ _ _ _ _ _ _ _ _ _ _ 

__beartype_object_52278294544 = <class 'MDAnalysis.core.groups.ResidueGroup'>
__beartype_get_violation = <function get_func_pith_violation at 0x111f64540>
__beartype_conf = BeartypeConf(warning_cls_on_decorator_exception=<class 'beartype.roar._roarwarn.BeartypeClawDecorWarning'>)
__beartype_object_52278331408 = <class 'MDAnalysis.core.groups.Residue'>
__beartype_check_meta = <beartype._check.metadata.metacheck.BeartypeCheckMeta object at 0x118b14740>
__beartype_func = <function calculate_HDXrate at 0x118b24720>
args = (<ResidueGroup with 3 residues>, 300.0, 7), kwargs = {}
__beartype_args_len = 3, __beartype_pith_0 = 7
__beartype_violation = BeartypeCallHintParamViolation("Function jaxent.src.models.func.uptake.calculate_HDXrate() parameter pD=7 violates type hint <class 'float'>, as int 7 not instance of float.", (7,))

>   ???
E   beartype.roar.BeartypeCallHintParamViolation: Function jaxent.src.models.func.uptake.calculate_HDXrate() parameter pD=7 violates type hint <class 'float'>, as int 7 not instance of float.

<@beartype(jaxent.src.models.func.uptake.calculate_HDXrate) at 0x118b24720>:66: BeartypeCallHintParamViolation
---------------------------- Captured stderr setup -----------------------------
Processing excluded residues by chain:   0%|          | 0/1 [00:00<?, ?it/s]Processing excluded residues by chain: 100%|██████████| 1/1 [00:00<00:00, 47662.55it/s]
_____ ERROR at setup of TestRunFeaturise.test_run_featurise_empty_ensemble _____

self = <jaxent.tests.modules.featurise.test_featurise.TestRunFeaturise object at 0x118b3a410>

    def setup_method(self):
        """Set up test fixtures before each test method."""
        # Disable icecream for cleaner test output
        try:
            from icecream import ic
    
            ic.disable()
        except ImportError:
            pass
    
        # Create test configurations
        self.bv_config = BV_model_Config()
        self.featuriser_settings = FeaturiserSettings(name="BV_test", batch_size=None)
    
        # Create comprehensive test sequences
        self.small_sequence = ["MET", "ALA", "GLY", "SER", "VAL"]
        self.medium_sequence = [
            "MET",
            "ALA",
            "GLY",
            "SER",
            "VAL",
            "LEU",
            "ILE",
            "PHE",
            "TYR",
            "TRP",
            "ASP",
            "GLU",
            "LYS",
            "ARG",
            "HIS",
            "ASN",
            "GLN",
            "CYS",
            "THR",
            "PRO",
        ]
        self.pro_sequence = ["ALA", "PRO", "GLY", "PRO", "SER"]
    
        # Create test universes
        self.small_universe = create_test_universe(self.small_sequence, n_frames=2)
        self.medium_universe = create_test_universe(self.medium_sequence, n_frames=3)
        self.pro_universe = create_test_universe(self.pro_sequence, n_frames=1)
    
        # Create test models - each model should be initialized for its specific use case
        self.single_model = [BV_model(self.bv_config)]
        self.multiple_models = [BV_model(BV_model_Config()), BV_model(BV_model_Config())]
    
        # Initialize models with appropriate universes for single universe tests
>       self.single_model[0].initialise([self.small_universe])

jaxent/tests/modules/featurise/test_featurise.py:128: 
_ _ _ _ _ _ _ _ _ _ _ _ _ _ _ _ _ _ _ _ _ _ _ _ _ _ _ _ _ _ _ _ _ _ _ _ _ _ _ _ 
<@beartype(jaxent.src.models.HDX.BV.forwardmodel.BV_model.initialise) at 0x118b25260>:102: in initialise
    ???
jaxent/src/models/HDX/BV/forwardmodel.py:153: in initialise
    k_ints_res_dict = calculate_HDXrate(
_ _ _ _ _ _ _ _ _ _ _ _ _ _ _ _ _ _ _ _ _ _ _ _ _ _ _ _ _ _ _ _ _ _ _ _ _ _ _ _ 

__beartype_object_52278294544 = <class 'MDAnalysis.core.groups.ResidueGroup'>
__beartype_get_violation = <function get_func_pith_violation at 0x111f64540>
__beartype_conf = BeartypeConf(warning_cls_on_decorator_exception=<class 'beartype.roar._roarwarn.BeartypeClawDecorWarning'>)
__beartype_object_52278331408 = <class 'MDAnalysis.core.groups.Residue'>
__beartype_check_meta = <beartype._check.metadata.metacheck.BeartypeCheckMeta object at 0x118b14740>
__beartype_func = <function calculate_HDXrate at 0x118b24720>
args = (<ResidueGroup with 3 residues>, 300.0, 7), kwargs = {}
__beartype_args_len = 3, __beartype_pith_0 = 7
__beartype_violation = BeartypeCallHintParamViolation("Function jaxent.src.models.func.uptake.calculate_HDXrate() parameter pD=7 violates type hint <class 'float'>, as int 7 not instance of float.", (7,))

>   ???
E   beartype.roar.BeartypeCallHintParamViolation: Function jaxent.src.models.func.uptake.calculate_HDXrate() parameter pD=7 violates type hint <class 'float'>, as int 7 not instance of float.

<@beartype(jaxent.src.models.func.uptake.calculate_HDXrate) at 0x118b24720>:66: BeartypeCallHintParamViolation
---------------------------- Captured stderr setup -----------------------------
Processing excluded residues by chain:   0%|          | 0/1 [00:00<?, ?it/s]Processing excluded residues by chain: 100%|██████████| 1/1 [00:00<00:00, 52428.80it/s]
___ ERROR at setup of TestRunFeaturise.test_run_featurise_no_forward_models ____

self = <jaxent.tests.modules.featurise.test_featurise.TestRunFeaturise object at 0x118aa1850>

    def setup_method(self):
        """Set up test fixtures before each test method."""
        # Disable icecream for cleaner test output
        try:
            from icecream import ic
    
            ic.disable()
        except ImportError:
            pass
    
        # Create test configurations
        self.bv_config = BV_model_Config()
        self.featuriser_settings = FeaturiserSettings(name="BV_test", batch_size=None)
    
        # Create comprehensive test sequences
        self.small_sequence = ["MET", "ALA", "GLY", "SER", "VAL"]
        self.medium_sequence = [
            "MET",
            "ALA",
            "GLY",
            "SER",
            "VAL",
            "LEU",
            "ILE",
            "PHE",
            "TYR",
            "TRP",
            "ASP",
            "GLU",
            "LYS",
            "ARG",
            "HIS",
            "ASN",
            "GLN",
            "CYS",
            "THR",
            "PRO",
        ]
        self.pro_sequence = ["ALA", "PRO", "GLY", "PRO", "SER"]
    
        # Create test universes
        self.small_universe = create_test_universe(self.small_sequence, n_frames=2)
        self.medium_universe = create_test_universe(self.medium_sequence, n_frames=3)
        self.pro_universe = create_test_universe(self.pro_sequence, n_frames=1)
    
        # Create test models - each model should be initialized for its specific use case
        self.single_model = [BV_model(self.bv_config)]
        self.multiple_models = [BV_model(BV_model_Config()), BV_model(BV_model_Config())]
    
        # Initialize models with appropriate universes for single universe tests
>       self.single_model[0].initialise([self.small_universe])

jaxent/tests/modules/featurise/test_featurise.py:128: 
_ _ _ _ _ _ _ _ _ _ _ _ _ _ _ _ _ _ _ _ _ _ _ _ _ _ _ _ _ _ _ _ _ _ _ _ _ _ _ _ 
<@beartype(jaxent.src.models.HDX.BV.forwardmodel.BV_model.initialise) at 0x118b25260>:102: in initialise
    ???
jaxent/src/models/HDX/BV/forwardmodel.py:153: in initialise
    k_ints_res_dict = calculate_HDXrate(
_ _ _ _ _ _ _ _ _ _ _ _ _ _ _ _ _ _ _ _ _ _ _ _ _ _ _ _ _ _ _ _ _ _ _ _ _ _ _ _ 

__beartype_object_52278294544 = <class 'MDAnalysis.core.groups.ResidueGroup'>
__beartype_get_violation = <function get_func_pith_violation at 0x111f64540>
__beartype_conf = BeartypeConf(warning_cls_on_decorator_exception=<class 'beartype.roar._roarwarn.BeartypeClawDecorWarning'>)
__beartype_object_52278331408 = <class 'MDAnalysis.core.groups.Residue'>
__beartype_check_meta = <beartype._check.metadata.metacheck.BeartypeCheckMeta object at 0x118b14740>
__beartype_func = <function calculate_HDXrate at 0x118b24720>
args = (<ResidueGroup with 3 residues>, 300.0, 7), kwargs = {}
__beartype_args_len = 3, __beartype_pith_0 = 7
__beartype_violation = BeartypeCallHintParamViolation("Function jaxent.src.models.func.uptake.calculate_HDXrate() parameter pD=7 violates type hint <class 'float'>, as int 7 not instance of float.", (7,))

>   ???
E   beartype.roar.BeartypeCallHintParamViolation: Function jaxent.src.models.func.uptake.calculate_HDXrate() parameter pD=7 violates type hint <class 'float'>, as int 7 not instance of float.

<@beartype(jaxent.src.models.func.uptake.calculate_HDXrate) at 0x118b24720>:66: BeartypeCallHintParamViolation
---------------------------- Captured stderr setup -----------------------------
Processing excluded residues by chain:   0%|          | 0/1 [00:00<?, ?it/s]Processing excluded residues by chain: 100%|██████████| 1/1 [00:00<00:00, 43240.25it/s]
_ ERROR at setup of TestRunFeaturise.test_run_featurise_single_residue_universe _

self = <jaxent.tests.modules.featurise.test_featurise.TestRunFeaturise object at 0x118aa1cd0>

    def setup_method(self):
        """Set up test fixtures before each test method."""
        # Disable icecream for cleaner test output
        try:
            from icecream import ic
    
            ic.disable()
        except ImportError:
            pass
    
        # Create test configurations
        self.bv_config = BV_model_Config()
        self.featuriser_settings = FeaturiserSettings(name="BV_test", batch_size=None)
    
        # Create comprehensive test sequences
        self.small_sequence = ["MET", "ALA", "GLY", "SER", "VAL"]
        self.medium_sequence = [
            "MET",
            "ALA",
            "GLY",
            "SER",
            "VAL",
            "LEU",
            "ILE",
            "PHE",
            "TYR",
            "TRP",
            "ASP",
            "GLU",
            "LYS",
            "ARG",
            "HIS",
            "ASN",
            "GLN",
            "CYS",
            "THR",
            "PRO",
        ]
        self.pro_sequence = ["ALA", "PRO", "GLY", "PRO", "SER"]
    
        # Create test universes
        self.small_universe = create_test_universe(self.small_sequence, n_frames=2)
        self.medium_universe = create_test_universe(self.medium_sequence, n_frames=3)
        self.pro_universe = create_test_universe(self.pro_sequence, n_frames=1)
    
        # Create test models - each model should be initialized for its specific use case
        self.single_model = [BV_model(self.bv_config)]
        self.multiple_models = [BV_model(BV_model_Config()), BV_model(BV_model_Config())]
    
        # Initialize models with appropriate universes for single universe tests
>       self.single_model[0].initialise([self.small_universe])

jaxent/tests/modules/featurise/test_featurise.py:128: 
_ _ _ _ _ _ _ _ _ _ _ _ _ _ _ _ _ _ _ _ _ _ _ _ _ _ _ _ _ _ _ _ _ _ _ _ _ _ _ _ 
<@beartype(jaxent.src.models.HDX.BV.forwardmodel.BV_model.initialise) at 0x118b25260>:102: in initialise
    ???
jaxent/src/models/HDX/BV/forwardmodel.py:153: in initialise
    k_ints_res_dict = calculate_HDXrate(
_ _ _ _ _ _ _ _ _ _ _ _ _ _ _ _ _ _ _ _ _ _ _ _ _ _ _ _ _ _ _ _ _ _ _ _ _ _ _ _ 

__beartype_object_52278294544 = <class 'MDAnalysis.core.groups.ResidueGroup'>
__beartype_get_violation = <function get_func_pith_violation at 0x111f64540>
__beartype_conf = BeartypeConf(warning_cls_on_decorator_exception=<class 'beartype.roar._roarwarn.BeartypeClawDecorWarning'>)
__beartype_object_52278331408 = <class 'MDAnalysis.core.groups.Residue'>
__beartype_check_meta = <beartype._check.metadata.metacheck.BeartypeCheckMeta object at 0x118b14740>
__beartype_func = <function calculate_HDXrate at 0x118b24720>
args = (<ResidueGroup with 3 residues>, 300.0, 7), kwargs = {}
__beartype_args_len = 3, __beartype_pith_0 = 7
__beartype_violation = BeartypeCallHintParamViolation("Function jaxent.src.models.func.uptake.calculate_HDXrate() parameter pD=7 violates type hint <class 'float'>, as int 7 not instance of float.", (7,))

>   ???
E   beartype.roar.BeartypeCallHintParamViolation: Function jaxent.src.models.func.uptake.calculate_HDXrate() parameter pD=7 violates type hint <class 'float'>, as int 7 not instance of float.

<@beartype(jaxent.src.models.func.uptake.calculate_HDXrate) at 0x118b24720>:66: BeartypeCallHintParamViolation
---------------------------- Captured stderr setup -----------------------------
Processing excluded residues by chain:   0%|          | 0/1 [00:00<?, ?it/s]Processing excluded residues by chain: 100%|██████████| 1/1 [00:00<00:00, 40329.85it/s]
___ ERROR at setup of TestRunFeaturise.test_run_featurise_feature_validation ___

self = <jaxent.tests.modules.featurise.test_featurise.TestRunFeaturise object at 0x118a87490>

    def setup_method(self):
        """Set up test fixtures before each test method."""
        # Disable icecream for cleaner test output
        try:
            from icecream import ic
    
            ic.disable()
        except ImportError:
            pass
    
        # Create test configurations
        self.bv_config = BV_model_Config()
        self.featuriser_settings = FeaturiserSettings(name="BV_test", batch_size=None)
    
        # Create comprehensive test sequences
        self.small_sequence = ["MET", "ALA", "GLY", "SER", "VAL"]
        self.medium_sequence = [
            "MET",
            "ALA",
            "GLY",
            "SER",
            "VAL",
            "LEU",
            "ILE",
            "PHE",
            "TYR",
            "TRP",
            "ASP",
            "GLU",
            "LYS",
            "ARG",
            "HIS",
            "ASN",
            "GLN",
            "CYS",
            "THR",
            "PRO",
        ]
        self.pro_sequence = ["ALA", "PRO", "GLY", "PRO", "SER"]
    
        # Create test universes
        self.small_universe = create_test_universe(self.small_sequence, n_frames=2)
        self.medium_universe = create_test_universe(self.medium_sequence, n_frames=3)
        self.pro_universe = create_test_universe(self.pro_sequence, n_frames=1)
    
        # Create test models - each model should be initialized for its specific use case
        self.single_model = [BV_model(self.bv_config)]
        self.multiple_models = [BV_model(BV_model_Config()), BV_model(BV_model_Config())]
    
        # Initialize models with appropriate universes for single universe tests
>       self.single_model[0].initialise([self.small_universe])

jaxent/tests/modules/featurise/test_featurise.py:128: 
_ _ _ _ _ _ _ _ _ _ _ _ _ _ _ _ _ _ _ _ _ _ _ _ _ _ _ _ _ _ _ _ _ _ _ _ _ _ _ _ 
<@beartype(jaxent.src.models.HDX.BV.forwardmodel.BV_model.initialise) at 0x118b25260>:102: in initialise
    ???
jaxent/src/models/HDX/BV/forwardmodel.py:153: in initialise
    k_ints_res_dict = calculate_HDXrate(
_ _ _ _ _ _ _ _ _ _ _ _ _ _ _ _ _ _ _ _ _ _ _ _ _ _ _ _ _ _ _ _ _ _ _ _ _ _ _ _ 

__beartype_object_52278294544 = <class 'MDAnalysis.core.groups.ResidueGroup'>
__beartype_get_violation = <function get_func_pith_violation at 0x111f64540>
__beartype_conf = BeartypeConf(warning_cls_on_decorator_exception=<class 'beartype.roar._roarwarn.BeartypeClawDecorWarning'>)
__beartype_object_52278331408 = <class 'MDAnalysis.core.groups.Residue'>
__beartype_check_meta = <beartype._check.metadata.metacheck.BeartypeCheckMeta object at 0x118b14740>
__beartype_func = <function calculate_HDXrate at 0x118b24720>
args = (<ResidueGroup with 3 residues>, 300.0, 7), kwargs = {}
__beartype_args_len = 3, __beartype_pith_0 = 7
__beartype_violation = BeartypeCallHintParamViolation("Function jaxent.src.models.func.uptake.calculate_HDXrate() parameter pD=7 violates type hint <class 'float'>, as int 7 not instance of float.", (7,))

>   ???
E   beartype.roar.BeartypeCallHintParamViolation: Function jaxent.src.models.func.uptake.calculate_HDXrate() parameter pD=7 violates type hint <class 'float'>, as int 7 not instance of float.

<@beartype(jaxent.src.models.func.uptake.calculate_HDXrate) at 0x118b24720>:66: BeartypeCallHintParamViolation
---------------------------- Captured stderr setup -----------------------------
Processing excluded residues by chain:   0%|          | 0/1 [00:00<?, ?it/s]Processing excluded residues by chain: 100%|██████████| 1/1 [00:00<00:00, 47127.01it/s]
__ ERROR at setup of TestRunFeaturise.test_run_featurise_topology_consistency __

self = <jaxent.tests.modules.featurise.test_featurise.TestRunFeaturise object at 0x118a87540>

    def setup_method(self):
        """Set up test fixtures before each test method."""
        # Disable icecream for cleaner test output
        try:
            from icecream import ic
    
            ic.disable()
        except ImportError:
            pass
    
        # Create test configurations
        self.bv_config = BV_model_Config()
        self.featuriser_settings = FeaturiserSettings(name="BV_test", batch_size=None)
    
        # Create comprehensive test sequences
        self.small_sequence = ["MET", "ALA", "GLY", "SER", "VAL"]
        self.medium_sequence = [
            "MET",
            "ALA",
            "GLY",
            "SER",
            "VAL",
            "LEU",
            "ILE",
            "PHE",
            "TYR",
            "TRP",
            "ASP",
            "GLU",
            "LYS",
            "ARG",
            "HIS",
            "ASN",
            "GLN",
            "CYS",
            "THR",
            "PRO",
        ]
        self.pro_sequence = ["ALA", "PRO", "GLY", "PRO", "SER"]
    
        # Create test universes
        self.small_universe = create_test_universe(self.small_sequence, n_frames=2)
        self.medium_universe = create_test_universe(self.medium_sequence, n_frames=3)
        self.pro_universe = create_test_universe(self.pro_sequence, n_frames=1)
    
        # Create test models - each model should be initialized for its specific use case
        self.single_model = [BV_model(self.bv_config)]
        self.multiple_models = [BV_model(BV_model_Config()), BV_model(BV_model_Config())]
    
        # Initialize models with appropriate universes for single universe tests
>       self.single_model[0].initialise([self.small_universe])

jaxent/tests/modules/featurise/test_featurise.py:128: 
_ _ _ _ _ _ _ _ _ _ _ _ _ _ _ _ _ _ _ _ _ _ _ _ _ _ _ _ _ _ _ _ _ _ _ _ _ _ _ _ 
<@beartype(jaxent.src.models.HDX.BV.forwardmodel.BV_model.initialise) at 0x118b25260>:102: in initialise
    ???
jaxent/src/models/HDX/BV/forwardmodel.py:153: in initialise
    k_ints_res_dict = calculate_HDXrate(
_ _ _ _ _ _ _ _ _ _ _ _ _ _ _ _ _ _ _ _ _ _ _ _ _ _ _ _ _ _ _ _ _ _ _ _ _ _ _ _ 

__beartype_object_52278294544 = <class 'MDAnalysis.core.groups.ResidueGroup'>
__beartype_get_violation = <function get_func_pith_violation at 0x111f64540>
__beartype_conf = BeartypeConf(warning_cls_on_decorator_exception=<class 'beartype.roar._roarwarn.BeartypeClawDecorWarning'>)
__beartype_object_52278331408 = <class 'MDAnalysis.core.groups.Residue'>
__beartype_check_meta = <beartype._check.metadata.metacheck.BeartypeCheckMeta object at 0x118b14740>
__beartype_func = <function calculate_HDXrate at 0x118b24720>
args = (<ResidueGroup with 3 residues>, 300.0, 7), kwargs = {}
__beartype_args_len = 3, __beartype_pith_0 = 7
__beartype_violation = BeartypeCallHintParamViolation("Function jaxent.src.models.func.uptake.calculate_HDXrate() parameter pD=7 violates type hint <class 'float'>, as int 7 not instance of float.", (7,))

>   ???
E   beartype.roar.BeartypeCallHintParamViolation: Function jaxent.src.models.func.uptake.calculate_HDXrate() parameter pD=7 violates type hint <class 'float'>, as int 7 not instance of float.

<@beartype(jaxent.src.models.func.uptake.calculate_HDXrate) at 0x118b24720>:66: BeartypeCallHintParamViolation
---------------------------- Captured stderr setup -----------------------------
Processing excluded residues by chain:   0%|          | 0/1 [00:00<?, ?it/s]Processing excluded residues by chain: 100%|██████████| 1/1 [00:00<00:00, 41527.76it/s]
=================================== FAILURES ===================================
___________________ TestToMDAGroup.test_to_mda_residue_dict ____________________

self = <jaxent.tests.modules.topology.test_topology_from_mda_mock.TestToMDAGroup object at 0x1160f6e50>
bpti_universe = <Universe with 559 atoms>

    def test_to_mda_residue_dict(self, bpti_universe):
        """Test conversion to a dictionary of residue indices by chain."""
        # Extract topologies for residues 10-20
        topologies = mda_TopologyAdapter.from_mda_universe(
            bpti_universe,
            mode="residue",
            include_selection="protein and resid 10-20",
            renumber_residues=False,  # Use original residue numbers for easier checking
        )
    
        # Convert to residue dictionary
>       residue_dict = mda_TopologyAdapter.to_mda_residue_dict(
            set(topologies),
            bpti_universe,
            include_selection="protein",
            renumber_residues=False,
            exclude_termini=False,
        )

jaxent/tests/modules/topology/test_topology_from_mda_mock.py:912: 
_ _ _ _ _ _ _ _ _ _ _ _ _ _ _ _ _ _ _ _ _ _ _ _ _ _ _ _ _ _ _ _ _ _ _ _ _ _ _ _ 

__beartype_object_52287808528 = <class 'jaxent.src.interfaces.topology.core.Partial_Topology'>
__beartype_getrandbits = <built-in method getrandbits of Random object at 0xc2a8cca20>
__beartype_get_violation = <function get_func_pith_violation at 0x111f64540>
__beartype_conf = BeartypeConf(warning_cls_on_decorator_exception=<class 'beartype.roar._roarwarn.BeartypeClawDecorWarning'>)
__beartype_object_52280985616 = <class 'MDAnalysis.core.universe.Universe'>
__beartype_object_4664796992 = (<class 'NoneType'>, <class 'str'>)
__beartype_object_4666430656 = (<class 'int'>, <class 'str'>)
__beartype_check_meta = <beartype._check.metadata.metacheck.BeartypeCheckMeta object at 0x1160b35c0>
__beartype_func = <function mda_TopologyAdapter.to_mda_residue_dict at 0x116196de0>
args = ({Partial_Topology(chain='X', residues=[np.int64(17)], fragment_sequence='R', fragment_name='X_ARG17', fragment_index=...nce='G', fragment_name='X_GLY12', fragment_index=None, peptide=False, peptide_trim=0), ...}, <Universe with 559 atoms>)
kwargs = {'exclude_termini': False, 'include_selection': 'protein', 'renumber_residues': False}
__beartype_random_int = 1636273466

>   ???
E   beartype.roar.BeartypeCallHintReturnViolation: Function jaxent.src.interfaces.topology.mda_adapter.mda_TopologyAdapter.to_mda_residue_dict() return {'X': [np.int64(10), np.int64(11), np.int64(12), np.int64(13), np.int64(14), np.int64(15),...)]} violates type hint dict[typing.Union[str, int], list[int]], as dict key str 'X' value list index 3 item <class "numpy.int64"> np.int64(13) not instance of int.

<@beartype(jaxent.src.interfaces.topology.mda_adapter.mda_TopologyAdapter.to_mda_residue_dict) at 0x116196de0>:201: BeartypeCallHintReturnViolation
______________ TestGetMDAGroupSortKey.test_error_on_invalid_type _______________

self = <jaxent.tests.modules.topology.test_topology_from_mda_mock.TestGetMDAGroupSortKey object at 0x116209b50>

    def test_error_on_invalid_type(self):
        with pytest.raises(TypeError):
>           mda_TopologyAdapter._get_mda_group_sort_key("not_a_group")

jaxent/tests/modules/topology/test_topology_from_mda_mock.py:1091: 
_ _ _ _ _ _ _ _ _ _ _ _ _ _ _ _ _ _ _ _ _ _ _ _ _ _ _ _ _ _ _ _ _ _ _ _ _ _ _ _ 

__beartype_object_4665793344 = (<class 'MDAnalysis.core.groups.AtomGroup'>, <class 'MDAnalysis.core.groups.ResidueGroup'>, <class 'MDAnalysis.core.groups.Residue'>)
__beartype_get_violation = <function get_func_pith_violation at 0x111f64540>
__beartype_conf = BeartypeConf(warning_cls_on_decorator_exception=<class 'beartype.roar._roarwarn.BeartypeClawDecorWarning'>)
__beartype_getrandbits = <built-in method getrandbits of Random object at 0xc2a8cca20>
__beartype_check_meta = <beartype._check.metadata.metacheck.BeartypeCheckMeta object at 0x116188cc0>
__beartype_func = <function mda_TopologyAdapter._get_mda_group_sort_key at 0x116195e40>
args = ('not_a_group',), kwargs = {}, __beartype_random_int = 1515595097
__beartype_args_len = 1, __beartype_pith_0 = 'not_a_group'
__beartype_violation = BeartypeCallHintParamViolation('Function jaxent.src.interfaces.topology.mda_adapter.mda_TopologyAdapter._get_mda_group...roup">, <class "MDAnalysis.core.groups.ResidueGroup">, or <class "MDAnalysis.core.groups.Residue">.', ('not_a_group',))

>   ???
E   beartype.roar.BeartypeCallHintParamViolation: Function jaxent.src.interfaces.topology.mda_adapter.mda_TopologyAdapter._get_mda_group_sort_key() parameter group='not_a_group' violates type hint typing.Union[MDAnalysis.core.groups.ResidueGroup, MDAnalysis.core.groups.AtomGroup, MDAnalysis.core.groups.Residue], as str 'not_a_group' not <class "MDAnalysis.core.groups.AtomGroup">, <class "MDAnalysis.core.groups.ResidueGroup">, or <class "MDAnalysis.core.groups.Residue">.

<@beartype(jaxent.src.interfaces.topology.mda_adapter.mda_TopologyAdapter._get_mda_group_sort_key) at 0x116195e40>:36: BeartypeCallHintParamViolation
_____ TestGetResidueGroupReorderingIndices.test_invalid_type_raises_error ______

self = <jaxent.tests.modules.topology.test_topology_from_mda_mock.TestGetResidueGroupReorderingIndices object at 0x11620a7b0>

    def test_invalid_type_raises_error(self):
        """Test that invalid group type raises TypeError"""
        with pytest.raises(TypeError, match="residue_group must be a ResidueGroup or AtomGroup"):
>           mda_TopologyAdapter.get_residuegroup_ranking_indices("not_a_group")

jaxent/tests/modules/topology/test_topology_from_mda_mock.py:1148: 
_ _ _ _ _ _ _ _ _ _ _ _ _ _ _ _ _ _ _ _ _ _ _ _ _ _ _ _ _ _ _ _ _ _ _ _ _ _ _ _ 

__beartype_object_4665859584 = (<class 'MDAnalysis.core.groups.AtomGroup'>, <class 'MDAnalysis.core.groups.ResidueGroup'>)
__beartype_get_violation = <function get_func_pith_violation at 0x111f64540>
__beartype_conf = BeartypeConf(warning_cls_on_decorator_exception=<class 'beartype.roar._roarwarn.BeartypeClawDecorWarning'>)
__beartype_getrandbits = <built-in method getrandbits of Random object at 0xc2a8cca20>
__beartype_check_meta = <beartype._check.metadata.metacheck.BeartypeCheckMeta object at 0x1161b5600>
__beartype_func = <function mda_TopologyAdapter.get_residuegroup_ranking_indices at 0x116196c00>
args = ('not_a_group',), kwargs = {}, __beartype_random_int = 726922521
__beartype_args_len = 1, __beartype_pith_0 = 'not_a_group'
__beartype_violation = BeartypeCallHintParamViolation('Function jaxent.src.interfaces.topology.mda_adapter.mda_TopologyAdapter.get_residuegro...\' not <class "MDAnalysis.core.groups.AtomGroup"> or <class "MDAnalysis.core.groups.ResidueGroup">.', ('not_a_group',))

>   ???
E   beartype.roar.BeartypeCallHintParamViolation: Function jaxent.src.interfaces.topology.mda_adapter.mda_TopologyAdapter.get_residuegroup_ranking_indices() parameter residue_group='not_a_group' violates type hint typing.Union[MDAnalysis.core.groups.ResidueGroup, MDAnalysis.core.groups.AtomGroup], as str 'not_a_group' not <class "MDAnalysis.core.groups.AtomGroup"> or <class "MDAnalysis.core.groups.ResidueGroup">.

<@beartype(jaxent.src.interfaces.topology.mda_adapter.mda_TopologyAdapter.get_residuegroup_ranking_indices) at 0x116196c00>:36: BeartypeCallHintParamViolation
_ TestGetResidueGroupReorderingIndices.test_comparison_with_direct_topology_creation _

self = <jaxent.tests.modules.topology.test_topology_from_mda_mock.TestGetResidueGroupReorderingIndices object at 0x116205ef0>
bpti_universe = <Universe with 559 atoms>

    def test_comparison_with_direct_topology_creation(self, bpti_universe):
        """Test that ordering matches direct Partial_Topology creation and sorting"""
        # Select residues in random order
        residues = bpti_universe.select_atoms("protein and resid 30 10 25 15 20").residues
    
        # Method 1: Use get_residuegroup_reordering_indices
        indices = mda_TopologyAdapter.get_residuegroup_ranking_indices(residues)
        method1_order = [residues[i].resid for i in indices]
    
        # Method 2: Create individual topologies and sort
        topologies = []
        for res in residues:
            chain_id = getattr(res.atoms[0], "segid", None) or getattr(res.atoms[0], "chainid", "A")
            topo = TopologyFactory.from_single(
                chain=chain_id, residue=res.resid, fragment_name=f"res_{res.resid}"
            )
            topologies.append(topo)
    
        # Sort topologies using standard method
>       sorted_topologies = sorted(topologies)

jaxent/tests/modules/topology/test_topology_from_mda_mock.py:1279: 
_ _ _ _ _ _ _ _ _ _ _ _ _ _ _ _ _ _ _ _ _ _ _ _ _ _ _ _ _ _ _ _ _ _ _ _ _ _ _ _ 

__beartype_object_4664292416 = (<class 'NotImplementedType'>, <class 'bool'>)
__beartype_get_violation = <function get_func_pith_violation at 0x111f64540>
__beartype_conf = BeartypeConf(warning_cls_on_decorator_exception=<class 'beartype.roar._roarwarn.BeartypeClawDecorWarning'>)
__beartype_check_meta = <beartype._check.metadata.metacheck.BeartypeCheckMeta object at 0x116032c80>
__beartype_func = <function Partial_Topology.__lt__ at 0x116025580>
args = (Partial_Topology(chain='SYST', residues=[np.int64(15)], fragment_sequence='', fragment_name='res_15', fragment_index=...dues=[np.int64(10)], fragment_sequence='', fragment_name='res_10', fragment_index=None, peptide=False, peptide_trim=0))
kwargs = {}, __beartype_pith_0 = np.False_
__beartype_violation = BeartypeCallHintReturnViolation('Method jaxent.src.interfaces.topology.core.Partial_Topology.__lt__() return "np.False...mplementedType], as <class "numpy.bool"> "np.False_" not <class "builtins.NotImplementedType"> or bool.', (np.False_,))

>   ???
E   beartype.roar.BeartypeCallHintReturnViolation: Method jaxent.src.interfaces.topology.core.Partial_Topology.__lt__() return "np.False_" violates type hint typing.Union[bool, NotImplementedType], as <class "numpy.bool"> "np.False_" not <class "builtins.NotImplementedType"> or bool.

<@beartype(jaxent.src.interfaces.topology.core.Partial_Topology.__lt__) at 0x116025580>:28: BeartypeCallHintReturnViolation
__________ TestBuildRenumberingMapping.test_basic_renumbering_mapping __________

self = <jaxent.tests.modules.topology.test_topology_from_mda_mock.TestBuildRenumberingMapping object at 0x1160ce5d0>
bpti_universe = <Universe with 559 atoms>

    def test_basic_renumbering_mapping(self, bpti_universe):
        """Test basic renumbering mapping creation"""
>       mapping = mda_TopologyAdapter._build_renumbering_mapping(
            bpti_universe, exclude_termini=True
        )

jaxent/tests/modules/topology/test_topology_from_mda_mock.py:1422: 
_ _ _ _ _ _ _ _ _ _ _ _ _ _ _ _ _ _ _ _ _ _ _ _ _ _ _ _ _ _ _ _ _ _ _ _ _ _ _ _ 

__beartype_object_52280985616 = <class 'MDAnalysis.core.universe.Universe'>
__beartype_get_violation = <function get_func_pith_violation at 0x111f64540>
__beartype_conf = BeartypeConf(warning_cls_on_decorator_exception=<class 'beartype.roar._roarwarn.BeartypeClawDecorWarning'>)
__beartype_check_meta = <beartype._check.metadata.metacheck.BeartypeCheckMeta object at 0x1161c3900>
__beartype_func = <function mda_TopologyAdapter._build_renumbering_mapping at 0x1161965c0>
args = (<Universe with 559 atoms>,), kwargs = {'exclude_termini': True}
__beartype_args_len = 1
__beartype_pith_0 = {('X', np.int64(2)): np.int64(2), ('X', np.int64(3)): np.int64(3), ('X', np.int64(4)): np.int64(4), ('X', np.int64(5)): np.int64(5), ...}
__beartype_violation = BeartypeCallHintReturnViolation('Function jaxent.src.interfaces.topology.mda_adapter.mda_TopologyAdapter._build_renumb...('X', np.int64(55)): np.int64(55), ('X', np.int64(56)): np.int64(56), ('X', np.int64(57)): np.int64(57)}, np.int64(2)))
__beartype_pith_1 = ('X', np.int64(2))

>   ???
E   beartype.roar.BeartypeCallHintReturnViolation: Function jaxent.src.interfaces.topology.mda_adapter.mda_TopologyAdapter._build_renumbering_mapping() return {('X', np.int64(2)): np.int64(2), ('X', np.int64(3)): np.int64(3), ('X', np.int64(4)): np.i...)} violates type hint dict[tuple[str, int], int], as dict key tuple index 1 item <class "numpy.int64"> np.int64(2) not instance of int.

[...]
___________________ TestBVModel.test_multiple_chain_segments ___________________

self = <test_forwardmodel.TestBVModel object at 0x118b41760>

    def test_multiple_chain_segments(self):
        """Test behavior with different chain arrangements."""
        # Test with two shorter sequences that would be treated as separate chains
        short_seq1 = ["ALA", "GLY", "SER", "VAL", "LEU"]
        short_seq2 = ["PHE", "TYR", "TRP", "ASP", "GLU"]
    
        universe1 = create_test_universe(short_seq1)
        universe2 = create_test_universe(short_seq2)
    
        # Test individually
>       success1 = self.model.initialise([universe1])

jaxent/tests/modules/models/HDX/BV/test_forwardmodel.py:724: 
_ _ _ _ _ _ _ _ _ _ _ _ _ _ _ _ _ _ _ _ _ _ _ _ _ _ _ _ _ _ _ _ _ _ _ _ _ _ _ _ 
<@beartype(jaxent.src.models.HDX.BV.forwardmodel.BV_model.initialise) at 0x118b25260>:102: in initialise
    ???
jaxent/src/models/HDX/BV/forwardmodel.py:153: in initialise
    k_ints_res_dict = calculate_HDXrate(
_ _ _ _ _ _ _ _ _ _ _ _ _ _ _ _ _ _ _ _ _ _ _ _ _ _ _ _ _ _ _ _ _ _ _ _ _ _ _ _ 

__beartype_object_52278294544 = <class 'MDAnalysis.core.groups.ResidueGroup'>
__beartype_get_violation = <function get_func_pith_violation at 0x111f64540>
__beartype_conf = BeartypeConf(warning_cls_on_decorator_exception=<class 'beartype.roar._roarwarn.BeartypeClawDecorWarning'>)
__beartype_object_52278331408 = <class 'MDAnalysis.core.groups.Residue'>
__beartype_check_meta = <beartype._check.metadata.metacheck.BeartypeCheckMeta object at 0x118b14740>
__beartype_func = <function calculate_HDXrate at 0x118b24720>
args = (<ResidueGroup with 3 residues>, 300.0, 7), kwargs = {}
__beartype_args_len = 3, __beartype_pith_0 = 7
__beartype_violation = BeartypeCallHintParamViolation("Function jaxent.src.models.func.uptake.calculate_HDXrate() parameter pD=7 violates type hint <class 'float'>, as int 7 not instance of float.", (7,))

>   ???
E   beartype.roar.BeartypeCallHintParamViolation: Function jaxent.src.models.func.uptake.calculate_HDXrate() parameter pD=7 violates type hint <class 'float'>, as int 7 not instance of float.

<@beartype(jaxent.src.models.func.uptake.calculate_HDXrate) at 0x118b24720>:66: BeartypeCallHintParamViolation
----------------------------- Captured stderr call -----------------------------
Processing excluded residues by chain:   0%|          | 0/1 [00:00<?, ?it/s]Processing excluded residues by chain: 100%|██████████| 1/1 [00:00<00:00, 45590.26it/s]
_____________ TestBVModelEdgeCases.test_very_large_contact_radius ______________

self = <test_forwardmodel.TestBVModelEdgeCases object at 0x118a43110>

    def test_very_large_contact_radius(self):
        """Test with very large contact radius."""
        config = BV_model_Config()
        config.heavy_radius = 1000.0  # Very large radius
        config.o_radius = 1000.0
    
        model = BV_model(config)
        residues = ["MET", "ALA", "GLY"]
        universe = create_test_universe(residues)
    
>       success = model.initialise([universe])

jaxent/tests/modules/models/HDX/BV/test_forwardmodel.py:767: 
_ _ _ _ _ _ _ _ _ _ _ _ _ _ _ _ _ _ _ _ _ _ _ _ _ _ _ _ _ _ _ _ _ _ _ _ _ _ _ _ 
<@beartype(jaxent.src.models.HDX.BV.forwardmodel.BV_model.initialise) at 0x118b25260>:102: in initialise
    ???
jaxent/src/models/HDX/BV/forwardmodel.py:153: in initialise
    k_ints_res_dict = calculate_HDXrate(
_ _ _ _ _ _ _ _ _ _ _ _ _ _ _ _ _ _ _ _ _ _ _ _ _ _ _ _ _ _ _ _ _ _ _ _ _ _ _ _ 

__beartype_object_52278294544 = <class 'MDAnalysis.core.groups.ResidueGroup'>
__beartype_get_violation = <function get_func_pith_violation at 0x111f64540>
__beartype_conf = BeartypeConf(warning_cls_on_decorator_exception=<class 'beartype.roar._roarwarn.BeartypeClawDecorWarning'>)
__beartype_object_52278331408 = <class 'MDAnalysis.core.groups.Residue'>
__beartype_check_meta = <beartype._check.metadata.metacheck.BeartypeCheckMeta object at 0x118b14740>
__beartype_func = <function calculate_HDXrate at 0x118b24720>
args = (<ResidueGroup with 1 residue>, 300.0, 7), kwargs = {}
__beartype_args_len = 3, __beartype_pith_0 = 7
__beartype_violation = BeartypeCallHintParamViolation("Function jaxent.src.models.func.uptake.calculate_HDXrate() parameter pD=7 violates type hint <class 'float'>, as int 7 not instance of float.", (7,))

>   ???
E   beartype.roar.BeartypeCallHintParamViolation: Function jaxent.src.models.func.uptake.calculate_HDXrate() parameter pD=7 violates type hint <class 'float'>, as int 7 not instance of float.

<@beartype(jaxent.src.models.func.uptake.calculate_HDXrate) at 0x118b24720>:66: BeartypeCallHintParamViolation
----------------------------- Captured stderr call -----------------------------
Processing excluded residues by chain:   0%|          | 0/1 [00:00<?, ?it/s]Processing excluded residues by chain: 100%|██████████| 1/1 [00:00<00:00, 53092.46it/s]
_____________ TestBVModelEdgeCases.test_very_small_contact_radius ______________

self = <test_forwardmodel.TestBVModelEdgeCases object at 0x118a33a80>

    def test_very_small_contact_radius(self):
        """Test with very small contact radius."""
        config = BV_model_Config()
        config.heavy_radius = 0.1  # Very small radius
        config.o_radius = 0.1
    
        model = BV_model(config)
        residues = ["MET", "ALA", "GLY"]
        universe = create_test_universe(residues)
    
>       success = model.initialise([universe])

jaxent/tests/modules/models/HDX/BV/test_forwardmodel.py:787: 
_ _ _ _ _ _ _ _ _ _ _ _ _ _ _ _ _ _ _ _ _ _ _ _ _ _ _ _ _ _ _ _ _ _ _ _ _ _ _ _ 
<@beartype(jaxent.src.models.HDX.BV.forwardmodel.BV_model.initialise) at 0x118b25260>:102: in initialise
    ???
jaxent/src/models/HDX/BV/forwardmodel.py:153: in initialise
    k_ints_res_dict = calculate_HDXrate(
_ _ _ _ _ _ _ _ _ _ _ _ _ _ _ _ _ _ _ _ _ _ _ _ _ _ _ _ _ _ _ _ _ _ _ _ _ _ _ _ 

__beartype_object_52278294544 = <class 'MDAnalysis.core.groups.ResidueGroup'>
__beartype_get_violation = <function get_func_pith_violation at 0x111f64540>
__beartype_conf = BeartypeConf(warning_cls_on_decorator_exception=<class 'beartype.roar._roarwarn.BeartypeClawDecorWarning'>)
__beartype_object_52278331408 = <class 'MDAnalysis.core.groups.Residue'>
__beartype_check_meta = <beartype._check.metadata.metacheck.BeartypeCheckMeta object at 0x118b14740>
__beartype_func = <function calculate_HDXrate at 0x118b24720>
args = (<ResidueGroup with 1 residue>, 300.0, 7), kwargs = {}
__beartype_args_len = 3, __beartype_pith_0 = 7
__beartype_violation = BeartypeCallHintParamViolation("Function jaxent.src.models.func.uptake.calculate_HDXrate() parameter pD=7 violates type hint <class 'float'>, as int 7 not instance of float.", (7,))

>   ???
E   beartype.roar.BeartypeCallHintParamViolation: Function jaxent.src.models.func.uptake.calculate_HDXrate() parameter pD=7 violates type hint <class 'float'>, as int 7 not instance of float.

<@beartype(jaxent.src.models.func.uptake.calculate_HDXrate) at 0x118b24720>:66: BeartypeCallHintParamViolation
----------------------------- Captured stderr call -----------------------------
Processing excluded residues by chain:   0%|          | 0/1 [00:00<?, ?it/s]Processing excluded residues by chain: 100%|██████████| 1/1 [00:00<00:00, 55188.21it/s]
_________ TestRunFeaturiseEdgeCases.test_run_featurise_with_batch_size _________

self = <jaxent.tests.modules.featurise.test_featurise.TestRunFeaturiseEdgeCases object at 0x118a43390>

    def test_run_featurise_with_batch_size(self):
        """Test run_featurise with batch_size specified."""
        sequence = ["MET", "ALA", "GLY", "SER", "VAL", "LEU"]
        universe = create_test_universe(sequence, n_frames=10)
    
        config_with_batch = FeaturiserSettings(name="batch_test", batch_size=5)
    
        # Create and initialize model
        model = BV_model(self.bv_config)
>       model.initialise([universe])

jaxent/tests/modules/featurise/test_featurise.py:589: 
_ _ _ _ _ _ _ _ _ _ _ _ _ _ _ _ _ _ _ _ _ _ _ _ _ _ _ _ _ _ _ _ _ _ _ _ _ _ _ _ 
<@beartype(jaxent.src.models.HDX.BV.forwardmodel.BV_model.initialise) at 0x118b25260>:102: in initialise
    ???
jaxent/src/models/HDX/BV/forwardmodel.py:153: in initialise
    k_ints_res_dict = calculate_HDXrate(
_ _ _ _ _ _ _ _ _ _ _ _ _ _ _ _ _ _ _ _ _ _ _ _ _ _ _ _ _ _ _ _ _ _ _ _ _ _ _ _ 

__beartype_object_52278294544 = <class 'MDAnalysis.core.groups.ResidueGroup'>
__beartype_get_violation = <function get_func_pith_violation at 0x111f64540>
__beartype_conf = BeartypeConf(warning_cls_on_decorator_exception=<class 'beartype.roar._roarwarn.BeartypeClawDecorWarning'>)
__beartype_object_52278331408 = <class 'MDAnalysis.core.groups.Residue'>
__beartype_check_meta = <beartype._check.metadata.metacheck.BeartypeCheckMeta object at 0x118b14740>
__beartype_func = <function calculate_HDXrate at 0x118b24720>
args = (<ResidueGroup with 4 residues>, 300.0, 7), kwargs = {}
__beartype_args_len = 3, __beartype_pith_0 = 7
__beartype_violation = BeartypeCallHintParamViolation("Function jaxent.src.models.func.uptake.calculate_HDXrate() parameter pD=7 violates type hint <class 'float'>, as int 7 not instance of float.", (7,))

>   ???
E   beartype.roar.BeartypeCallHintParamViolation: Function jaxent.src.models.func.uptake.calculate_HDXrate() parameter pD=7 violates type hint <class 'float'>, as int 7 not instance of float.

<@beartype(jaxent.src.models.func.uptake.calculate_HDXrate) at 0x118b24720>:66: BeartypeCallHintParamViolation
----------------------------- Captured stderr call -----------------------------
Processing excluded residues by chain:   0%|          | 0/1 [00:00<?, ?it/s]Processing excluded residues by chain: 100%|██████████| 1/1 [00:00<00:00, 47662.55it/s]
________ TestRunFeaturiseEdgeCases.test_run_featurise_very_large_radius ________

self = <jaxent.tests.modules.featurise.test_featurise.TestRunFeaturiseEdgeCases object at 0x118a43750>

    def test_run_featurise_very_large_radius(self):
        """Test run_featurise with very large contact radius."""
        config = BV_model_Config()
        config.heavy_radius = 1000.0  # Very large
        config.o_radius = 1000.0
    
        model = BV_model(config)
        sequence = ["ALA", "GLY", "SER"]
        universe = create_test_universe(sequence, n_frames=1)
    
        # Initialize model
>       model.initialise([universe])

jaxent/tests/modules/featurise/test_featurise.py:612: 
_ _ _ _ _ _ _ _ _ _ _ _ _ _ _ _ _ _ _ _ _ _ _ _ _ _ _ _ _ _ _ _ _ _ _ _ _ _ _ _ 
<@beartype(jaxent.src.models.HDX.BV.forwardmodel.BV_model.initialise) at 0x118b25260>:102: in initialise
    ???
jaxent/src/models/HDX/BV/forwardmodel.py:153: in initialise
    k_ints_res_dict = calculate_HDXrate(
_ _ _ _ _ _ _ _ _ _ _ _ _ _ _ _ _ _ _ _ _ _ _ _ _ _ _ _ _ _ _ _ _ _ _ _ _ _ _ _ 

__beartype_object_52278294544 = <class 'MDAnalysis.core.groups.ResidueGroup'>
__beartype_get_violation = <function get_func_pith_violation at 0x111f64540>
__beartype_conf = BeartypeConf(warning_cls_on_decorator_exception=<class 'beartype.roar._roarwarn.BeartypeClawDecorWarning'>)
__beartype_object_52278331408 = <class 'MDAnalysis.core.groups.Residue'>
__beartype_check_meta = <beartype._check.metadata.metacheck.BeartypeCheckMeta object at 0x118b14740>
__beartype_func = <function calculate_HDXrate at 0x118b24720>
args = (<ResidueGroup with 1 residue>, 300.0, 7), kwargs = {}
__beartype_args_len = 3, __beartype_pith_0 = 7
__beartype_violation = BeartypeCallHintParamViolation("Function jaxent.src.models.func.uptake.calculate_HDXrate() parameter pD=7 violates type hint <class 'float'>, as int 7 not instance of float.", (7,))

>   ???
E   beartype.roar.BeartypeCallHintParamViolation: Function jaxent.src.models.func.uptake.calculate_HDXrate() parameter pD=7 violates type hint <class 'float'>, as int 7 not instance of float.

<@beartype(jaxent.src.models.func.uptake.calculate_HDXrate) at 0x118b24720>:66: BeartypeCallHintParamViolation
----------------------------- Captured stderr call -----------------------------
Processing excluded residues by chain:   0%|          | 0/1 [00:00<?, ?it/s]Processing excluded residues by chain: 100%|██████████| 1/1 [00:00<00:00, 49932.19it/s]
=============================== warnings summary ===============================
jaxent/tests/modules/topology/test_topology_from_mda_mock.py::TestPartialTopologyPairwiseDistances::test_basic_calculation
jaxent/tests/modules/topology/test_topology_from_mda_mock.py::TestPartialTopologyPairwiseDistances::test_basic_calculation
jaxent/tests/modules/topology/test_topology_from_mda_mock.py::TestPartialTopologyPairwiseDistances::test_basic_calculation
jaxent/tests/modules/topology/test_topology_from_mda_mock.py::TestPartialTopologyPairwiseDistances::test_manual_comparison_single_frame
jaxent/tests/modules/topology/test_topology_from_mda_mock.py::TestPartialTopologyPairwiseDistances::test_manual_comparison_single_frame
jaxent/tests/modules/topology/test_topology_from_mda_mock.py::TestPartialTopologyPairwiseDistances::test_mixed_topology_types
jaxent/tests/modules/topology/test_topology_from_mda_mock.py::TestPartialTopologyPairwiseDistances::test_mixed_topology_types
jaxent/tests/modules/topology/test_topology_from_mda_mock.py::TestPartialTopologyPairwiseDistances::test_mixed_topology_types
  /Users/alexi/JAX-ENT/.venv/lib/python3.13/site-packages/MDAnalysis/core/groups.py:447: DeprecationWarning: The 'pbc' kwarg has been deprecated and will be removed in version 3.0., please use 'wrap' instead
    warnings.warn("The 'pbc' kwarg has been deprecated and will be "

-- Docs: https://docs.pytest.org/en/stable/how-to/capture-warnings.html
=========================== short test summary info ============================
FAILED jaxent/tests/modules/topology/test_topology_from_mda_mock.py::TestToMDAGroup::test_to_mda_residue_dict
FAILED jaxent/tests/modules/topology/test_topology_from_mda_mock.py::TestGetMDAGroupSortKey::test_error_on_invalid_type
FAILED jaxent/tests/modules/topology/test_topology_from_mda_mock.py::TestGetResidueGroupReorderingIndices::test_invalid_type_raises_error
FAILED jaxent/tests/modules/topology/test_topology_from_mda_mock.py::TestGetResidueGroupReorderingIndices::test_comparison_with_direct_topology_creation
FAILED jaxent/tests/modules/topology/test_topology_from_mda_mock.py::TestBuildRenumberingMapping::test_basic_renumbering_mapping
FAILED jaxent/tests/modules/topology/test_topology_from_mda_mock.py::TestBuildRenumberingMapping::test_renumbering_with_termini_exclusion
FAILED jaxent/tests/modules/topology/test_topology_from_mda_mock.py::TestBuildRenumberingMapping::test_renumbering_preserves_chain_separation
FAILED jaxent/tests/modules/topology/test_topology_from_mda_mock.py::TestBuildRenumberingMapping::test_renumbering_with_single_residue_chain
FAILED jaxent/tests/modules/topology/test_topology_from_mda_mock.py::TestBuildRenumberingMapping::test_renumbering_consistency_with_from_mda_universe
FAILED jaxent/tests/modules/topology/test_topology_from_mda_mock.py::TestBuildRenumberingMapping::test_empty_universe_handling
FAILED jaxent/tests/modules/topology/test_topology_from_mda_mock.py::TestBuildRenumberingMapping::test_renumbering_bidirectional_lookup
FAILED jaxent/tests/modules/topology/test_topology_from_mda_mock.py::TestBuildRenumberingMapping::test_renumbering_with_no_terminal_exclusion
FAILED jaxent/tests/modules/topology/test_topology_from_mda_mock.py::TestValidateTopologyContainment::test_validation_with_terminal_exclusion
FAILED jaxent/tests/modules/topology/test_topology_from_mda_mock.py::TestValidateTopologyContainment::test_validation_without_terminal_exclusion
FAILED jaxent/tests/modules/topology/test_topology_from_mda_mock.py::TestValidateTopologyContainment::test_validation_boundary_conditions
FAILED jaxent/tests/modules/topology/test_topology_from_mda_mock.py::TestValidateTopologyContainment::test_validation_performance_with_large_topology
FAILED jaxent/tests/modules/models/HDX/BV/test_forwardmodel.py::TestBVModel::test_initialise_single_universe
FAILED jaxent/tests/modules/models/HDX/BV/test_forwardmodel.py::TestBVModel::test_initialise_ensemble
FAILED jaxent/tests/modules/models/HDX/BV/test_forwardmodel.py::TestBVModel::test_initialise_with_custom_selections
FAILED jaxent/tests/modules/models/HDX/BV/test_forwardmodel.py::TestBVModel::test_featurise_single_universe
FAILED jaxent/tests/modules/models/HDX/BV/test_forwardmodel.py::TestBVModel::test_featurise_ensemble
FAILED jaxent/tests/modules/models/HDX/BV/test_forwardmodel.py::TestBVModel::test_featurise_output_order
FAILED jaxent/tests/modules/models/HDX/BV/test_forwardmodel.py::TestBVModel::test_proline_residue_handling
FAILED jaxent/tests/modules/models/HDX/BV/test_forwardmodel.py::TestBVModel::test_no_proline_sequence
FAILED jaxent/tests/modules/models/HDX/BV/test_forwardmodel.py::TestBVModel::test_different_universe_compatibility
FAILED jaxent/tests/modules/models/HDX/BV/test_forwardmodel.py::TestBVModel::test_single_residue_universe
FAILED jaxent/tests/modules/models/HDX/BV/test_forwardmodel.py::TestBVModel::test_comprehensive_amino_acid_coverage
FAILED jaxent/tests/modules/models/HDX/BV/test_forwardmodel.py::TestBVModel::test_large_protein_simulation
FAILED jaxent/tests/modules/models/HDX/BV/test_forwardmodel.py::TestBVModel::test_multiple_chain_segments
FAILED jaxent/tests/modules/models/HDX/BV/test_forwardmodel.py::TestBVModelEdgeCases::test_very_large_contact_radius
FAILED jaxent/tests/modules/models/HDX/BV/test_forwardmodel.py::TestBVModelEdgeCases::test_very_small_contact_radius
FAILED jaxent/tests/modules/featurise/test_featurise.py::TestRunFeaturiseEdgeCases::test_run_featurise_with_batch_size
FAILED jaxent/tests/modules/featurise/test_featurise.py::TestRunFeaturiseEdgeCases::test_run_featurise_very_large_radius
ERROR jaxent/tests/modules/featurise/test_featurise.py::TestRunFeaturise::test_run_featurise_single_universe_single_model
ERROR jaxent/tests/modules/featurise/test_featurise.py::TestRunFeaturise::test_run_featurise_multiple_universes_single_model
ERROR jaxent/tests/modules/featurise/test_featurise.py::TestRunFeaturise::test_run_featurise_single_universe_multiple_models
ERROR jaxent/tests/modules/featurise/test_featurise.py::TestRunFeaturise::test_run_featurise_multiple_universes_multiple_models
ERROR jaxent/tests/modules/featurise/test_featurise.py::TestRunFeaturise::test_run_featurise_with_settings_config
ERROR jaxent/tests/modules/featurise/test_featurise.py::TestRunFeaturise::test_run_featurise_with_custom_name
ERROR jaxent/tests/modules/featurise/test_featurise.py::TestRunFeaturise::test_run_featurise_with_provided_forward_models
ERROR jaxent/tests/modules/featurise/test_featurise.py::TestRunFeaturise::test_run_featurise_with_validation_enabled
ERROR jaxent/tests/modules/featurise/test_featurise.py::TestRunFeaturise::test_run_featurise_with_proline_sequence
ERROR jaxent/tests/modules/featurise/test_featurise.py::TestRunFeaturise::test_run_featurise_large_protein
ERROR jaxent/tests/modules/featurise/test_featurise.py::TestRunFeaturise::test_run_featurise_different_universe_sizes
ERROR jaxent/tests/modules/featurise/test_featurise.py::TestRunFeaturise::test_run_featurise_error_handling_invalid_config
ERROR jaxent/tests/modules/featurise/test_featurise.py::TestRunFeaturise::test_run_featurise_error_handling_missing_name
ERROR jaxent/tests/modules/featurise/test_featurise.py::TestRunFeaturise::test_run_featurise_empty_ensemble
ERROR jaxent/tests/modules/featurise/test_featurise.py::TestRunFeaturise::test_run_featurise_no_forward_models
ERROR jaxent/tests/modules/featurise/test_featurise.py::TestRunFeaturise::test_run_featurise_single_residue_universe
ERROR jaxent/tests/modules/featurise/test_featurise.py::TestRunFeaturise::test_run_featurise_feature_validation
ERROR jaxent/tests/modules/featurise/test_featurise.py::TestRunFeaturise::test_run_featurise_topology_consistency
======= 33 failed, 67 passed, 1 skipped, 8 warnings, 18 errors in 4.77s ========
